[2024-09-24T16:02:54.919+0200] {manager.py:486} INFO - Processing files using up to 1 processes at a time 
[2024-09-24T16:02:54.919+0200] {manager.py:487} INFO - Process each file at most once every 30 seconds
[2024-09-24T16:02:54.920+0200] {manager.py:488} INFO - Checking for new files in /home/dperezs/data/pipeline/airflow/dags every 300 seconds
[2024-09-24T16:02:54.920+0200] {manager.py:832} INFO - Searching for files in /home/dperezs/data/pipeline/airflow/dags
[2024-09-24T16:02:54.936+0200] {manager.py:835} INFO - There are 56 files in /home/dperezs/data/pipeline/airflow/dags
[2024-09-24T16:02:55.077+0200] {manager.py:1008} INFO - 
================================================================================
DAG File Processing Stats

File Path                                                                                                                                     PID    Runtime      # DAGs    # Errors  Last Runtime    Last Run               Last # of DB Queries
--------------------------------------------------------------------------------------------------------------------------------------------  -----  ---------  --------  ----------  --------------  -------------------  ----------------------
/home/dperezs/data/pipeline/venv/lib/python3.9/site-packages/airflow/example_dags/subdags/subdag.py                                                                    0           0  0.11s           2024-09-24T14:02:55                       3
/home/dperezs/data/pipeline/venv/lib/python3.9/site-packages/airflow/example_dags/example_passing_params_via_test_command.py                                           0           0                                                            0
/home/dperezs/data/pipeline/venv/lib/python3.9/site-packages/airflow/example_dags/example_params_ui_tutorial.py                                                        0           0                                                            0
/home/dperezs/data/pipeline/venv/lib/python3.9/site-packages/airflow/example_dags/example_workday_timetable.py                                                         0           0                                                            0
/home/dperezs/data/pipeline/venv/lib/python3.9/site-packages/airflow/example_dags/example_short_circuit_operator.py                                                    0           0                                                            0
/home/dperezs/data/pipeline/venv/lib/python3.9/site-packages/airflow/example_dags/example_xcom.py                                                                      0           0                                                            0
/home/dperezs/data/pipeline/venv/lib/python3.9/site-packages/airflow/example_dags/example_outlet_event_extra.py                                                        0           0                                                            0
/home/dperezs/data/pipeline/venv/lib/python3.9/site-packages/airflow/example_dags/example_inlet_event_extra.py                                                         0           0                                                            0
/home/dperezs/data/pipeline/venv/lib/python3.9/site-packages/airflow/example_dags/example_kubernetes_executor.py                                                       0           0                                                            0
/home/dperezs/data/pipeline/venv/lib/python3.9/site-packages/airflow/example_dags/tutorial_taskflow_api_virtualenv.py                                                  0           0                                                            0
/home/dperezs/data/pipeline/venv/lib/python3.9/site-packages/airflow/example_dags/example_branch_labels.py                                                             0           0                                                            0
/home/dperezs/data/pipeline/venv/lib/python3.9/site-packages/airflow/example_dags/tutorial_objectstorage.py                                                            0           0                                                            0
/home/dperezs/data/pipeline/venv/lib/python3.9/site-packages/airflow/example_dags/example_branch_operator_decorator.py                                                 0           0                                                            0
/home/dperezs/data/pipeline/venv/lib/python3.9/site-packages/airflow/example_dags/example_dynamic_task_mapping_with_no_taskflow_operators.py                           0           0                                                            0
/home/dperezs/data/pipeline/venv/lib/python3.9/site-packages/airflow/example_dags/example_dag_decorator.py                                                             0           0                                                            0
/home/dperezs/data/pipeline/venv/lib/python3.9/site-packages/airflow/example_dags/example_display_name.py                                                              0           0                                                            0
/home/dperezs/data/pipeline/venv/lib/python3.9/site-packages/airflow/example_dags/example_bash_decorator.py                                                            0           0                                                            0
/home/dperezs/data/pipeline/venv/lib/python3.9/site-packages/airflow/example_dags/example_task_group.py                                                                0           0                                                            0
/home/dperezs/data/pipeline/venv/lib/python3.9/site-packages/airflow/example_dags/example_datasets.py                                                                  0           0                                                            0
/home/dperezs/data/pipeline/venv/lib/python3.9/site-packages/airflow/example_dags/example_dataset_alias_with_no_taskflow.py                                            0           0                                                            0
/home/dperezs/data/pipeline/venv/lib/python3.9/site-packages/airflow/example_dags/example_complex.py                                                                   0           0                                                            0
/home/dperezs/data/pipeline/venv/lib/python3.9/site-packages/airflow/example_dags/example_dataset_alias.py                                                             0           0                                                            0
/home/dperezs/data/pipeline/venv/lib/python3.9/site-packages/airflow/example_dags/example_skip_dag.py                                                                  0           0                                                            0
/home/dperezs/data/pipeline/venv/lib/python3.9/site-packages/airflow/example_dags/example_sensors.py                                                                   0           0                                                            0
/home/dperezs/data/pipeline/venv/lib/python3.9/site-packages/airflow/example_dags/example_params_trigger_ui.py                                                         0           0                                                            0
/home/dperezs/data/pipeline/venv/lib/python3.9/site-packages/airflow/example_dags/example_setup_teardown_taskflow.py                                                   0           0                                                            0
/home/dperezs/data/pipeline/venv/lib/python3.9/site-packages/airflow/example_dags/example_sensor_decorator.py                                                          0           0                                                            0
/home/dperezs/data/pipeline/venv/lib/python3.9/site-packages/airflow/example_dags/tutorial.py                                                                          0           0                                                            0
/home/dperezs/data/pipeline/venv/lib/python3.9/site-packages/airflow/example_dags/tutorial_dag.py                                                                      0           0                                                            0
/home/dperezs/data/pipeline/venv/lib/python3.9/site-packages/airflow/example_dags/example_setup_teardown.py                                                            0           0                                                            0
/home/dperezs/data/pipeline/venv/lib/python3.9/site-packages/airflow/example_dags/example_short_circuit_decorator.py                                                   0           0                                                            0
/home/dperezs/data/pipeline/venv/lib/python3.9/site-packages/airflow/example_dags/example_branch_day_of_week_operator.py                                               0           0                                                            0
/home/dperezs/data/pipeline/venv/lib/python3.9/site-packages/airflow/example_dags/tutorial_taskflow_api.py                                                             0           0                                                            0
/home/dperezs/data/pipeline/venv/lib/python3.9/site-packages/airflow/example_dags/example_latest_only.py                                                               0           0                                                            0
/home/dperezs/data/pipeline/venv/lib/python3.9/site-packages/airflow/example_dags/example_python_operator.py                                                           0           0                                                            0
/home/dperezs/data/pipeline/venv/lib/python3.9/site-packages/airflow/example_dags/example_sla_dag.py                                                                   0           0                                                            0
/home/dperezs/data/pipeline/venv/lib/python3.9/site-packages/airflow/example_dags/example_branch_operator.py                                                           0           0                                                            0
/home/dperezs/data/pipeline/venv/lib/python3.9/site-packages/airflow/example_dags/example_nested_branch_dag.py                                                         0           0                                                            0
/home/dperezs/data/pipeline/venv/lib/python3.9/site-packages/airflow/example_dags/example_time_delta_sensor_async.py                                                   0           0                                                            0
/home/dperezs/data/pipeline/venv/lib/python3.9/site-packages/airflow/example_dags/example_bash_operator.py                                                             0           0                                                            0
/home/dperezs/data/pipeline/venv/lib/python3.9/site-packages/airflow/example_dags/example_branch_datetime_operator.py                                                  0           0                                                            0
/home/dperezs/data/pipeline/venv/lib/python3.9/site-packages/airflow/example_dags/example_task_group_decorator.py                                                      0           0                                                            0
/home/dperezs/data/pipeline/venv/lib/python3.9/site-packages/airflow/example_dags/example_branch_python_dop_operator_3.py                                              0           0                                                            0
/home/dperezs/data/pipeline/venv/lib/python3.9/site-packages/airflow/example_dags/example_local_kubernetes_executor.py                                                 0           0                                                            0
/home/dperezs/data/pipeline/venv/lib/python3.9/site-packages/airflow/example_dags/example_trigger_controller_dag.py                                                    0           0                                                            0
/home/dperezs/data/pipeline/venv/lib/python3.9/site-packages/airflow/example_dags/example_dynamic_task_mapping.py                                                      0           0                                                            0
/home/dperezs/data/pipeline/venv/lib/python3.9/site-packages/airflow/example_dags/example_latest_only_with_trigger.py                                                  0           0                                                            0
/home/dperezs/data/pipeline/venv/lib/python3.9/site-packages/airflow/example_dags/example_trigger_target_dag.py                                                        0           0                                                            0
/home/dperezs/data/pipeline/venv/lib/python3.9/site-packages/airflow/example_dags/example_python_decorator.py                                                          0           0                                                            0
/home/dperezs/data/pipeline/venv/lib/python3.9/site-packages/airflow/example_dags/example_subdag_operator.py                                                           0           0                                                            0
/home/dperezs/data/pipeline/venv/lib/python3.9/site-packages/airflow/example_dags/example_external_task_marker_dag.py                                                  0           0                                                            0
/home/dperezs/data/pipeline/venv/lib/python3.9/site-packages/airflow/example_dags/example_xcomargs.py                                                                  0           0                                                            0
/home/dperezs/data/pipeline/venv/lib/python3.9/site-packages/airflow/example_dags/plugins/event_listener.py                                                            0           0                                                            0
/home/dperezs/data/pipeline/venv/lib/python3.9/site-packages/airflow/example_dags/plugins/workday.py                                                                   0           0                                                            0
/home/dperezs/data/pipeline/venv/lib/python3.9/site-packages/airflow/example_dags/plugins/decreasing_priority_weight_strategy.py                                       0           0                                                            0
/home/dperezs/data/pipeline/venv/lib/python3.9/site-packages/airflow/example_dags/plugins/listener_plugin.py                                                           0           0                                                            0
================================================================================
[2024-09-24T16:03:25.100+0200] {manager.py:1008} INFO - 
================================================================================
DAG File Processing Stats

File Path                                                                                                                                     PID    Runtime      # DAGs    # Errors  Last Runtime    Last Run               Last # of DB Queries
--------------------------------------------------------------------------------------------------------------------------------------------  -----  ---------  --------  ----------  --------------  -------------------  ----------------------
/home/dperezs/data/pipeline/venv/lib/python3.9/site-packages/airflow/example_dags/example_xcom.py                                                                      1           0  2.31s           2024-09-24T14:03:02                      45
/home/dperezs/data/pipeline/venv/lib/python3.9/site-packages/airflow/example_dags/example_workday_timetable.py                                                         1           0  0.61s           2024-09-24T14:02:56                      45
/home/dperezs/data/pipeline/venv/lib/python3.9/site-packages/airflow/example_dags/example_short_circuit_operator.py                                                    1           0  0.60s           2024-09-24T14:02:58                      43
/home/dperezs/data/pipeline/venv/lib/python3.9/site-packages/airflow/example_dags/example_xcomargs.py                                                                  2           0  0.50s           2024-09-24T14:03:25                      79
/home/dperezs/data/pipeline/venv/lib/python3.9/site-packages/airflow/example_dags/example_setup_teardown_taskflow.py                                                   1           0  0.30s           2024-09-24T14:03:08                      43
/home/dperezs/data/pipeline/venv/lib/python3.9/site-packages/airflow/example_dags/example_sensors.py                                                                   1           0  0.30s           2024-09-24T14:03:07                      43
/home/dperezs/data/pipeline/venv/lib/python3.9/site-packages/airflow/example_dags/tutorial_taskflow_api_virtualenv.py                                                  1           0  0.30s           2024-09-24T14:03:03                      43
/home/dperezs/data/pipeline/venv/lib/python3.9/site-packages/airflow/example_dags/tutorial_taskflow_api.py                                                             1           0  0.30s           2024-09-24T14:03:15                      43
/home/dperezs/data/pipeline/venv/lib/python3.9/site-packages/airflow/example_dags/example_task_group_decorator.py                                                      1           0  0.30s           2024-09-24T14:03:19                      43
/home/dperezs/data/pipeline/venv/lib/python3.9/site-packages/airflow/example_dags/example_trigger_controller_dag.py                                                    1           0  0.30s           2024-09-24T14:03:20                      45
/home/dperezs/data/pipeline/venv/lib/python3.9/site-packages/airflow/example_dags/example_skip_dag.py                                                                  1           0  0.30s           2024-09-24T14:03:06                      45
/home/dperezs/data/pipeline/venv/lib/python3.9/site-packages/airflow/example_dags/example_subdag_operator.py                                                           3           0  0.30s           2024-09-24T14:03:23                      53
/home/dperezs/data/pipeline/venv/lib/python3.9/site-packages/airflow/example_dags/example_trigger_target_dag.py                                                        1           0  0.30s           2024-09-24T14:03:22                      43
/home/dperezs/data/pipeline/venv/lib/python3.9/site-packages/airflow/example_dags/example_setup_teardown.py                                                            1           0  0.30s           2024-09-24T14:03:12                      43
/home/dperezs/data/pipeline/venv/lib/python3.9/site-packages/airflow/example_dags/example_sla_dag.py                                                                   1           0  0.30s           2024-09-24T14:03:16                      45
/home/dperezs/data/pipeline/venv/lib/python3.9/site-packages/airflow/example_dags/tutorial_dag.py                                                                      1           0  0.30s           2024-09-24T14:03:11                      43
/home/dperezs/data/pipeline/venv/lib/python3.9/site-packages/airflow/example_dags/tutorial_objectstorage.py                                                            1           0  0.30s           2024-09-24T14:03:04                      43
/home/dperezs/data/pipeline/venv/lib/python3.9/site-packages/airflow/example_dags/tutorial.py                                                                          1           0  0.30s           2024-09-24T14:03:10                      45
/home/dperezs/data/pipeline/venv/lib/python3.9/site-packages/airflow/example_dags/example_short_circuit_decorator.py                                                   1           0  0.30s           2024-09-24T14:03:14                      43
/home/dperezs/data/pipeline/venv/lib/python3.9/site-packages/airflow/example_dags/example_task_group.py                                                                1           0  0.30s           2024-09-24T14:03:05                      43
/home/dperezs/data/pipeline/venv/lib/python3.9/site-packages/airflow/example_dags/example_time_delta_sensor_async.py                                                   1           0  0.30s           2024-09-24T14:03:18                      43
/home/dperezs/data/pipeline/venv/lib/python3.9/site-packages/airflow/example_dags/subdags/subdag.py                                                                    0           0  0.11s           2024-09-24T14:02:55                       3
/home/dperezs/data/pipeline/venv/lib/python3.9/site-packages/airflow/example_dags/example_passing_params_via_test_command.py                                           0           0                                                            0
/home/dperezs/data/pipeline/venv/lib/python3.9/site-packages/airflow/example_dags/example_params_ui_tutorial.py                                                        0           0                                                            0
/home/dperezs/data/pipeline/venv/lib/python3.9/site-packages/airflow/example_dags/example_outlet_event_extra.py                                                        0           0                                                            0
/home/dperezs/data/pipeline/venv/lib/python3.9/site-packages/airflow/example_dags/example_inlet_event_extra.py                                                         0           0                                                            0
/home/dperezs/data/pipeline/venv/lib/python3.9/site-packages/airflow/example_dags/example_kubernetes_executor.py                                                       0           0                                                            0
/home/dperezs/data/pipeline/venv/lib/python3.9/site-packages/airflow/example_dags/example_branch_labels.py                                                             0           0                                                            0
/home/dperezs/data/pipeline/venv/lib/python3.9/site-packages/airflow/example_dags/example_branch_operator_decorator.py                                                 0           0                                                            0
/home/dperezs/data/pipeline/venv/lib/python3.9/site-packages/airflow/example_dags/example_dynamic_task_mapping_with_no_taskflow_operators.py                           0           0                                                            0
/home/dperezs/data/pipeline/venv/lib/python3.9/site-packages/airflow/example_dags/example_dag_decorator.py                                                             0           0                                                            0
/home/dperezs/data/pipeline/venv/lib/python3.9/site-packages/airflow/example_dags/example_display_name.py                                                              0           0                                                            0
/home/dperezs/data/pipeline/venv/lib/python3.9/site-packages/airflow/example_dags/example_bash_decorator.py                                                            0           0                                                            0
/home/dperezs/data/pipeline/venv/lib/python3.9/site-packages/airflow/example_dags/example_datasets.py                                                                  0           0                                                            0
/home/dperezs/data/pipeline/venv/lib/python3.9/site-packages/airflow/example_dags/example_dataset_alias_with_no_taskflow.py                                            0           0                                                            0
/home/dperezs/data/pipeline/venv/lib/python3.9/site-packages/airflow/example_dags/example_complex.py                                                                   0           0                                                            0
/home/dperezs/data/pipeline/venv/lib/python3.9/site-packages/airflow/example_dags/example_dataset_alias.py                                                             0           0                                                            0
/home/dperezs/data/pipeline/venv/lib/python3.9/site-packages/airflow/example_dags/example_params_trigger_ui.py                                                         0           0                                                            0
/home/dperezs/data/pipeline/venv/lib/python3.9/site-packages/airflow/example_dags/example_sensor_decorator.py                                                          0           0                                                            0
/home/dperezs/data/pipeline/venv/lib/python3.9/site-packages/airflow/example_dags/example_branch_day_of_week_operator.py                                               0           0                                                            0
/home/dperezs/data/pipeline/venv/lib/python3.9/site-packages/airflow/example_dags/example_latest_only.py                                                               0           0                                                            0
/home/dperezs/data/pipeline/venv/lib/python3.9/site-packages/airflow/example_dags/example_python_operator.py                                                           0           0                                                            0
/home/dperezs/data/pipeline/venv/lib/python3.9/site-packages/airflow/example_dags/example_branch_operator.py                                                           0           0                                                            0
/home/dperezs/data/pipeline/venv/lib/python3.9/site-packages/airflow/example_dags/example_nested_branch_dag.py                                                         0           0                                                            0
/home/dperezs/data/pipeline/venv/lib/python3.9/site-packages/airflow/example_dags/example_bash_operator.py                                                             0           0                                                            0
/home/dperezs/data/pipeline/venv/lib/python3.9/site-packages/airflow/example_dags/example_branch_datetime_operator.py                                                  0           0                                                            0
/home/dperezs/data/pipeline/venv/lib/python3.9/site-packages/airflow/example_dags/example_branch_python_dop_operator_3.py                                              0           0                                                            0
/home/dperezs/data/pipeline/venv/lib/python3.9/site-packages/airflow/example_dags/example_local_kubernetes_executor.py                                                 0           0                                                            0
/home/dperezs/data/pipeline/venv/lib/python3.9/site-packages/airflow/example_dags/example_dynamic_task_mapping.py                                                      0           0                                                            0
/home/dperezs/data/pipeline/venv/lib/python3.9/site-packages/airflow/example_dags/example_latest_only_with_trigger.py                                                  0           0                                                            0
/home/dperezs/data/pipeline/venv/lib/python3.9/site-packages/airflow/example_dags/example_python_decorator.py                                                          0           0                                                            0
/home/dperezs/data/pipeline/venv/lib/python3.9/site-packages/airflow/example_dags/example_external_task_marker_dag.py                                                  0           0                                                            0
/home/dperezs/data/pipeline/venv/lib/python3.9/site-packages/airflow/example_dags/plugins/event_listener.py                                                            0           0                                                            0
/home/dperezs/data/pipeline/venv/lib/python3.9/site-packages/airflow/example_dags/plugins/workday.py                                                                   0           0                                                            0
/home/dperezs/data/pipeline/venv/lib/python3.9/site-packages/airflow/example_dags/plugins/decreasing_priority_weight_strategy.py                                       0           0                                                            0
/home/dperezs/data/pipeline/venv/lib/python3.9/site-packages/airflow/example_dags/plugins/listener_plugin.py                                                           0           0                                                            0
================================================================================
[2024-09-24T16:03:55.226+0200] {manager.py:1008} INFO - 
================================================================================
DAG File Processing Stats

File Path                                                                                                                                     PID    Runtime      # DAGs    # Errors  Last Runtime    Last Run               Last # of DB Queries
--------------------------------------------------------------------------------------------------------------------------------------------  -----  ---------  --------  ----------  --------------  -------------------  ----------------------
/home/dperezs/data/pipeline/venv/lib/python3.9/site-packages/airflow/example_dags/example_xcom.py                                                                      1           0  2.31s           2024-09-24T14:03:02                      45
/home/dperezs/data/pipeline/venv/lib/python3.9/site-packages/airflow/example_dags/example_datasets.py                                                                 10           0  1.61s           2024-09-24T14:03:46                     379
/home/dperezs/data/pipeline/venv/lib/python3.9/site-packages/airflow/example_dags/example_outlet_event_extra.py                                                        3           0  1.31s           2024-09-24T14:03:33                     118
/home/dperezs/data/pipeline/venv/lib/python3.9/site-packages/airflow/example_dags/example_dataset_alias_with_no_taskflow.py                                            4           0  0.80s           2024-09-24T14:03:48                     157
/home/dperezs/data/pipeline/venv/lib/python3.9/site-packages/airflow/example_dags/example_passing_params_via_test_command.py                                           1           0  0.71s           2024-09-24T14:03:29                      45
/home/dperezs/data/pipeline/venv/lib/python3.9/site-packages/airflow/example_dags/example_dataset_alias.py                                                             4           0  0.70s           2024-09-24T14:03:51                     157
/home/dperezs/data/pipeline/venv/lib/python3.9/site-packages/airflow/example_dags/example_workday_timetable.py                                                         1           0  0.61s           2024-09-24T14:02:56                      45
/home/dperezs/data/pipeline/venv/lib/python3.9/site-packages/airflow/example_dags/example_short_circuit_operator.py                                                    1           0  0.60s           2024-09-24T14:02:58                      43
/home/dperezs/data/pipeline/venv/lib/python3.9/site-packages/airflow/example_dags/example_params_ui_tutorial.py                                                        1           0  0.51s           2024-09-24T14:03:30                      43
/home/dperezs/data/pipeline/venv/lib/python3.9/site-packages/airflow/example_dags/example_inlet_event_extra.py                                                         2           0  0.50s           2024-09-24T14:03:34                      81
/home/dperezs/data/pipeline/venv/lib/python3.9/site-packages/airflow/example_dags/example_xcomargs.py                                                                  2           0  0.50s           2024-09-24T14:03:25                      79
/home/dperezs/data/pipeline/venv/lib/python3.9/site-packages/airflow/example_dags/example_display_name.py                                                              1           0  0.40s           2024-09-24T14:03:42                      43
/home/dperezs/data/pipeline/venv/lib/python3.9/site-packages/airflow/example_dags/example_branch_operator_decorator.py                                                 1           0  0.40s           2024-09-24T14:03:38                      45
/home/dperezs/data/pipeline/venv/lib/python3.9/site-packages/airflow/example_dags/example_bash_decorator.py                                                            1           0  0.40s           2024-09-24T14:03:43                      43
/home/dperezs/data/pipeline/venv/lib/python3.9/site-packages/airflow/example_dags/example_dynamic_task_mapping_with_no_taskflow_operators.py                           1           0  0.31s           2024-09-24T14:03:39                      43
/home/dperezs/data/pipeline/venv/lib/python3.9/site-packages/airflow/example_dags/example_complex.py                                                                   1           0  0.30s           2024-09-24T14:03:49                      43
/home/dperezs/data/pipeline/venv/lib/python3.9/site-packages/airflow/example_dags/example_dag_decorator.py                                                             1           0  0.30s           2024-09-24T14:03:40                      43
/home/dperezs/data/pipeline/venv/lib/python3.9/site-packages/airflow/example_dags/example_setup_teardown_taskflow.py                                                   1           0  0.30s           2024-09-24T14:03:08                      43
/home/dperezs/data/pipeline/venv/lib/python3.9/site-packages/airflow/example_dags/example_sensors.py                                                                   1           0  0.30s           2024-09-24T14:03:07                      43
/home/dperezs/data/pipeline/venv/lib/python3.9/site-packages/airflow/example_dags/tutorial_taskflow_api_virtualenv.py                                                  1           0  0.30s           2024-09-24T14:03:03                      43
/home/dperezs/data/pipeline/venv/lib/python3.9/site-packages/airflow/example_dags/example_branch_labels.py                                                             1           0  0.30s           2024-09-24T14:03:37                      45
/home/dperezs/data/pipeline/venv/lib/python3.9/site-packages/airflow/example_dags/tutorial_taskflow_api.py                                                             1           0  0.30s           2024-09-24T14:03:15                      43
/home/dperezs/data/pipeline/venv/lib/python3.9/site-packages/airflow/example_dags/example_task_group_decorator.py                                                      1           0  0.30s           2024-09-24T14:03:19                      43
/home/dperezs/data/pipeline/venv/lib/python3.9/site-packages/airflow/example_dags/example_trigger_controller_dag.py                                                    1           0  0.30s           2024-09-24T14:03:20                      45
/home/dperezs/data/pipeline/venv/lib/python3.9/site-packages/airflow/example_dags/example_branch_day_of_week_operator.py                                               1           0  0.30s           2024-09-24T14:03:54                      45
/home/dperezs/data/pipeline/venv/lib/python3.9/site-packages/airflow/example_dags/example_skip_dag.py                                                                  1           0  0.30s           2024-09-24T14:03:06                      45
/home/dperezs/data/pipeline/venv/lib/python3.9/site-packages/airflow/example_dags/example_subdag_operator.py                                                           3           0  0.30s           2024-09-24T14:03:23                      53
/home/dperezs/data/pipeline/venv/lib/python3.9/site-packages/airflow/example_dags/example_params_trigger_ui.py                                                         1           0  0.30s           2024-09-24T14:03:51                      43
/home/dperezs/data/pipeline/venv/lib/python3.9/site-packages/airflow/example_dags/example_latest_only.py                                                               1           0  0.30s           2024-09-24T14:03:55                      45
/home/dperezs/data/pipeline/venv/lib/python3.9/site-packages/airflow/example_dags/example_trigger_target_dag.py                                                        1           0  0.30s           2024-09-24T14:03:22                      43
/home/dperezs/data/pipeline/venv/lib/python3.9/site-packages/airflow/example_dags/example_sensor_decorator.py                                                          1           0  0.30s           2024-09-24T14:03:52                      43
/home/dperezs/data/pipeline/venv/lib/python3.9/site-packages/airflow/example_dags/example_setup_teardown.py                                                            1           0  0.30s           2024-09-24T14:03:12                      43
/home/dperezs/data/pipeline/venv/lib/python3.9/site-packages/airflow/example_dags/example_sla_dag.py                                                                   1           0  0.30s           2024-09-24T14:03:16                      45
/home/dperezs/data/pipeline/venv/lib/python3.9/site-packages/airflow/example_dags/tutorial_dag.py                                                                      1           0  0.30s           2024-09-24T14:03:11                      43
/home/dperezs/data/pipeline/venv/lib/python3.9/site-packages/airflow/example_dags/tutorial_objectstorage.py                                                            1           0  0.30s           2024-09-24T14:03:04                      43
/home/dperezs/data/pipeline/venv/lib/python3.9/site-packages/airflow/example_dags/tutorial.py                                                                          1           0  0.30s           2024-09-24T14:03:10                      45
/home/dperezs/data/pipeline/venv/lib/python3.9/site-packages/airflow/example_dags/example_short_circuit_decorator.py                                                   1           0  0.30s           2024-09-24T14:03:14                      43
/home/dperezs/data/pipeline/venv/lib/python3.9/site-packages/airflow/example_dags/example_task_group.py                                                                1           0  0.30s           2024-09-24T14:03:05                      43
/home/dperezs/data/pipeline/venv/lib/python3.9/site-packages/airflow/example_dags/example_time_delta_sensor_async.py                                                   1           0  0.30s           2024-09-24T14:03:18                      43
/home/dperezs/data/pipeline/venv/lib/python3.9/site-packages/airflow/example_dags/subdags/subdag.py                                                                    0           0  0.11s           2024-09-24T14:02:55                       3
/home/dperezs/data/pipeline/venv/lib/python3.9/site-packages/airflow/example_dags/example_kubernetes_executor.py                                                       0           0  0.10s           2024-09-24T14:03:35                       3
/home/dperezs/data/pipeline/venv/lib/python3.9/site-packages/airflow/example_dags/plugins/decreasing_priority_weight_strategy.py                                       0           0  0.10s           2024-09-24T14:03:26                       3
/home/dperezs/data/pipeline/venv/lib/python3.9/site-packages/airflow/example_dags/plugins/listener_plugin.py                                                           0           0  0.10s           2024-09-24T14:03:27                       3
/home/dperezs/data/pipeline/venv/lib/python3.9/site-packages/airflow/example_dags/plugins/event_listener.py                                                            0           0  0.10s           2024-09-24T14:03:25                       3
/home/dperezs/data/pipeline/venv/lib/python3.9/site-packages/airflow/example_dags/plugins/workday.py                                                                   0           0  0.10s           2024-09-24T14:03:25                       3
/home/dperezs/data/pipeline/venv/lib/python3.9/site-packages/airflow/example_dags/example_python_operator.py                                                           0           0                                                            0
/home/dperezs/data/pipeline/venv/lib/python3.9/site-packages/airflow/example_dags/example_branch_operator.py                                                           0           0                                                            0
/home/dperezs/data/pipeline/venv/lib/python3.9/site-packages/airflow/example_dags/example_nested_branch_dag.py                                                         0           0                                                            0
/home/dperezs/data/pipeline/venv/lib/python3.9/site-packages/airflow/example_dags/example_bash_operator.py                                                             0           0                                                            0
/home/dperezs/data/pipeline/venv/lib/python3.9/site-packages/airflow/example_dags/example_branch_datetime_operator.py                                                  0           0                                                            0
/home/dperezs/data/pipeline/venv/lib/python3.9/site-packages/airflow/example_dags/example_branch_python_dop_operator_3.py                                              0           0                                                            0
/home/dperezs/data/pipeline/venv/lib/python3.9/site-packages/airflow/example_dags/example_local_kubernetes_executor.py                                                 0           0                                                            0
/home/dperezs/data/pipeline/venv/lib/python3.9/site-packages/airflow/example_dags/example_dynamic_task_mapping.py                                                      0           0                                                            0
/home/dperezs/data/pipeline/venv/lib/python3.9/site-packages/airflow/example_dags/example_latest_only_with_trigger.py                                                  0           0                                                            0
/home/dperezs/data/pipeline/venv/lib/python3.9/site-packages/airflow/example_dags/example_python_decorator.py                                                          0           0                                                            0
/home/dperezs/data/pipeline/venv/lib/python3.9/site-packages/airflow/example_dags/example_external_task_marker_dag.py                                                  0           0                                                            0
================================================================================
[2024-09-24T16:04:23.009+0200] {manager.py:468} INFO - Exiting gracefully upon receiving signal 15
[2024-09-24T16:04:35.921+0200] {manager.py:486} INFO - Processing files using up to 1 processes at a time 
[2024-09-24T16:04:35.922+0200] {manager.py:487} INFO - Process each file at most once every 30 seconds
[2024-09-24T16:04:35.922+0200] {manager.py:488} INFO - Checking for new files in /home/dperezs/data/pipeline/airflow/dags every 300 seconds
[2024-09-24T16:04:35.923+0200] {manager.py:832} INFO - Searching for files in /home/dperezs/data/pipeline/airflow/dags
[2024-09-24T16:04:35.924+0200] {manager.py:835} INFO - There are 1 files in /home/dperezs/data/pipeline/airflow/dags
[2024-09-24T16:04:36.429+0200] {manager.py:1008} INFO - 
================================================================================
DAG File Processing Stats

File Path                                          PID    Runtime      # DAGs    # Errors  Last Runtime    Last Run               Last # of DB Queries
-------------------------------------------------  -----  ---------  --------  ----------  --------------  -------------------  ----------------------
/home/dperezs/data/pipeline/airflow/dags/dag_1.py                           1           0  0.31s           2024-09-24T14:04:36                      45
================================================================================
[2024-09-24T16:05:07.421+0200] {manager.py:1008} INFO - 
================================================================================
DAG File Processing Stats

File Path                                          PID    Runtime      # DAGs    # Errors  Last Runtime    Last Run               Last # of DB Queries
-------------------------------------------------  -----  ---------  --------  ----------  --------------  -------------------  ----------------------
/home/dperezs/data/pipeline/airflow/dags/dag_1.py                           1           0  0.10s           2024-09-24T14:05:07                      12
================================================================================
[2024-09-24T16:05:37.848+0200] {manager.py:1008} INFO - 
================================================================================
DAG File Processing Stats

File Path                                          PID    Runtime      # DAGs    # Errors  Last Runtime    Last Run               Last # of DB Queries
-------------------------------------------------  -----  ---------  --------  ----------  --------------  -------------------  ----------------------
/home/dperezs/data/pipeline/airflow/dags/dag_1.py                           1           0  0.10s           2024-09-24T14:05:37                      12
================================================================================
[2024-09-24T16:06:08.123+0200] {manager.py:1008} INFO - 
================================================================================
DAG File Processing Stats

File Path                                          PID    Runtime      # DAGs    # Errors  Last Runtime    Last Run               Last # of DB Queries
-------------------------------------------------  -----  ---------  --------  ----------  --------------  -------------------  ----------------------
/home/dperezs/data/pipeline/airflow/dags/dag_1.py                           1           0  0.10s           2024-09-24T14:05:41                      12
================================================================================
[2024-09-24T16:06:38.428+0200] {manager.py:1008} INFO - 
================================================================================
DAG File Processing Stats

File Path                                          PID    Runtime      # DAGs    # Errors  Last Runtime    Last Run               Last # of DB Queries
-------------------------------------------------  -----  ---------  --------  ----------  --------------  -------------------  ----------------------
/home/dperezs/data/pipeline/airflow/dags/dag_1.py                           1           0  0.10s           2024-09-24T14:06:11                      12
================================================================================
[2024-09-24T16:07:08.710+0200] {manager.py:1008} INFO - 
================================================================================
DAG File Processing Stats

File Path                                          PID    Runtime      # DAGs    # Errors  Last Runtime    Last Run               Last # of DB Queries
-------------------------------------------------  -----  ---------  --------  ----------  --------------  -------------------  ----------------------
/home/dperezs/data/pipeline/airflow/dags/dag_1.py                           0           1  0.10s           2024-09-24T14:07:05                       3
================================================================================
[2024-09-24T16:07:39.085+0200] {manager.py:1008} INFO - 
================================================================================
DAG File Processing Stats

File Path                                          PID    Runtime      # DAGs    # Errors  Last Runtime    Last Run               Last # of DB Queries
-------------------------------------------------  -----  ---------  --------  ----------  --------------  -------------------  ----------------------
/home/dperezs/data/pipeline/airflow/dags/dag_1.py                           0           1  0.10s           2024-09-24T14:07:36                       5
================================================================================
[2024-09-24T16:08:09.364+0200] {manager.py:1008} INFO - 
================================================================================
DAG File Processing Stats

File Path                                          PID    Runtime      # DAGs    # Errors  Last Runtime    Last Run               Last # of DB Queries
-------------------------------------------------  -----  ---------  --------  ----------  --------------  -------------------  ----------------------
/home/dperezs/data/pipeline/airflow/dags/dag_1.py                           1           0  0.30s           2024-09-24T14:08:06                      45
================================================================================
[2024-09-24T16:08:39.628+0200] {manager.py:1008} INFO - 
================================================================================
DAG File Processing Stats

File Path                                          PID    Runtime      # DAGs    # Errors  Last Runtime    Last Run               Last # of DB Queries
-------------------------------------------------  -----  ---------  --------  ----------  --------------  -------------------  ----------------------
/home/dperezs/data/pipeline/airflow/dags/dag_1.py                           1           0  0.10s           2024-09-24T14:08:36                      12
================================================================================
[2024-09-24T16:09:09.915+0200] {manager.py:1008} INFO - 
================================================================================
DAG File Processing Stats

File Path                                          PID    Runtime      # DAGs    # Errors  Last Runtime    Last Run               Last # of DB Queries
-------------------------------------------------  -----  ---------  --------  ----------  --------------  -------------------  ----------------------
/home/dperezs/data/pipeline/airflow/dags/dag_1.py                           1           0  0.10s           2024-09-24T14:09:04                      12
================================================================================
[2024-09-24T16:09:36.048+0200] {manager.py:832} INFO - Searching for files in /home/dperezs/data/pipeline/airflow/dags
[2024-09-24T16:09:36.050+0200] {manager.py:835} INFO - There are 1 files in /home/dperezs/data/pipeline/airflow/dags
[2024-09-24T16:09:40.218+0200] {manager.py:1008} INFO - 
================================================================================
DAG File Processing Stats

File Path                                          PID    Runtime      # DAGs    # Errors  Last Runtime    Last Run               Last # of DB Queries
-------------------------------------------------  -----  ---------  --------  ----------  --------------  -------------------  ----------------------
/home/dperezs/data/pipeline/airflow/dags/dag_1.py                           1           0  0.10s           2024-09-24T14:09:35                      12
================================================================================
[2024-09-24T16:09:47.024+0200] {manager.py:468} INFO - Exiting gracefully upon receiving signal 15
[2024-09-24T16:11:28.838+0200] {manager.py:486} INFO - Processing files using up to 1 processes at a time 
[2024-09-24T16:11:28.839+0200] {manager.py:487} INFO - Process each file at most once every 30 seconds
[2024-09-24T16:11:28.840+0200] {manager.py:488} INFO - Checking for new files in /home/dperezs/data/pipeline/airflow/dags every 300 seconds
[2024-09-24T16:11:28.840+0200] {manager.py:832} INFO - Searching for files in /home/dperezs/data/pipeline/airflow/dags
[2024-09-24T16:11:28.990+0200] {manager.py:835} INFO - There are 1 files in /home/dperezs/data/pipeline/airflow/dags
[2024-09-24T16:11:29.447+0200] {manager.py:1008} INFO - 
================================================================================
DAG File Processing Stats

File Path                                          PID    Runtime      # DAGs    # Errors  Last Runtime    Last Run               Last # of DB Queries
-------------------------------------------------  -----  ---------  --------  ----------  --------------  -------------------  ----------------------
/home/dperezs/data/pipeline/airflow/dags/dag_1.py                           1           0  0.41s           2024-09-24T14:11:29                      34
================================================================================
[2024-09-24T16:12:00.378+0200] {manager.py:1008} INFO - 
================================================================================
DAG File Processing Stats

File Path                                          PID    Runtime      # DAGs    # Errors  Last Runtime    Last Run               Last # of DB Queries
-------------------------------------------------  -----  ---------  --------  ----------  --------------  -------------------  ----------------------
/home/dperezs/data/pipeline/airflow/dags/dag_1.py                           1           0  0.10s           2024-09-24T14:12:00                      12
================================================================================
[2024-09-24T16:12:30.763+0200] {manager.py:1008} INFO - 
================================================================================
DAG File Processing Stats

File Path                                          PID    Runtime      # DAGs    # Errors  Last Runtime    Last Run               Last # of DB Queries
-------------------------------------------------  -----  ---------  --------  ----------  --------------  -------------------  ----------------------
/home/dperezs/data/pipeline/airflow/dags/dag_1.py                           1           0  0.10s           2024-09-24T14:12:30                      12
================================================================================
[2024-09-24T16:13:01.268+0200] {manager.py:1008} INFO - 
================================================================================
DAG File Processing Stats

File Path                                          PID    Runtime      # DAGs    # Errors  Last Runtime    Last Run               Last # of DB Queries
-------------------------------------------------  -----  ---------  --------  ----------  --------------  -------------------  ----------------------
/home/dperezs/data/pipeline/airflow/dags/dag_1.py                           1           0  0.20s           2024-09-24T14:13:01                      12
================================================================================
[2024-09-24T16:13:31.591+0200] {manager.py:1008} INFO - 
================================================================================
DAG File Processing Stats

File Path                                          PID    Runtime      # DAGs    # Errors  Last Runtime    Last Run               Last # of DB Queries
-------------------------------------------------  -----  ---------  --------  ----------  --------------  -------------------  ----------------------
/home/dperezs/data/pipeline/airflow/dags/dag_1.py                           1           0  0.10s           2024-09-24T14:13:31                      12
================================================================================
[2024-09-24T16:14:01.889+0200] {manager.py:1008} INFO - 
================================================================================
DAG File Processing Stats

File Path                                          PID    Runtime      # DAGs    # Errors  Last Runtime    Last Run               Last # of DB Queries
-------------------------------------------------  -----  ---------  --------  ----------  --------------  -------------------  ----------------------
/home/dperezs/data/pipeline/airflow/dags/dag_1.py                           1           0  0.10s           2024-09-24T14:14:01                      12
================================================================================
[2024-09-24T16:14:32.292+0200] {manager.py:1008} INFO - 
================================================================================
DAG File Processing Stats

File Path                                          PID    Runtime      # DAGs    # Errors  Last Runtime    Last Run               Last # of DB Queries
-------------------------------------------------  -----  ---------  --------  ----------  --------------  -------------------  ----------------------
/home/dperezs/data/pipeline/airflow/dags/dag_1.py                           1           0  0.20s           2024-09-24T14:14:32                      12
================================================================================
[2024-09-24T16:15:02.660+0200] {manager.py:1008} INFO - 
================================================================================
DAG File Processing Stats

File Path                                          PID    Runtime      # DAGs    # Errors  Last Runtime    Last Run               Last # of DB Queries
-------------------------------------------------  -----  ---------  --------  ----------  --------------  -------------------  ----------------------
/home/dperezs/data/pipeline/airflow/dags/dag_1.py                           1           0  0.30s           2024-09-24T14:15:02                      12
================================================================================
[2024-09-24T16:15:33.773+0200] {manager.py:1008} INFO - 
================================================================================
DAG File Processing Stats

File Path                                          PID    Runtime      # DAGs    # Errors  Last Runtime    Last Run               Last # of DB Queries
-------------------------------------------------  -----  ---------  --------  ----------  --------------  -------------------  ----------------------
/home/dperezs/data/pipeline/airflow/dags/dag_1.py                           1           0  0.10s           2024-09-24T14:15:33                      12
================================================================================
[2024-09-24T16:16:04.069+0200] {manager.py:1008} INFO - 
================================================================================
DAG File Processing Stats

File Path                                          PID    Runtime      # DAGs    # Errors  Last Runtime    Last Run               Last # of DB Queries
-------------------------------------------------  -----  ---------  --------  ----------  --------------  -------------------  ----------------------
/home/dperezs/data/pipeline/airflow/dags/dag_1.py                           1           0  0.11s           2024-09-24T14:16:04                      12
================================================================================
[2024-09-24T16:16:29.003+0200] {manager.py:832} INFO - Searching for files in /home/dperezs/data/pipeline/airflow/dags
[2024-09-24T16:16:29.005+0200] {manager.py:835} INFO - There are 1 files in /home/dperezs/data/pipeline/airflow/dags
[2024-09-24T16:16:34.408+0200] {manager.py:1008} INFO - 
================================================================================
DAG File Processing Stats

File Path                                          PID    Runtime      # DAGs    # Errors  Last Runtime    Last Run               Last # of DB Queries
-------------------------------------------------  -----  ---------  --------  ----------  --------------  -------------------  ----------------------
/home/dperezs/data/pipeline/airflow/dags/dag_1.py                           1           0  0.20s           2024-09-24T14:16:34                      12
================================================================================
[2024-09-24T16:17:04.571+0200] {manager.py:1008} INFO - 
================================================================================
DAG File Processing Stats

File Path                                          PID    Runtime      # DAGs    # Errors  Last Runtime    Last Run               Last # of DB Queries
-------------------------------------------------  -----  ---------  --------  ----------  --------------  -------------------  ----------------------
/home/dperezs/data/pipeline/airflow/dags/dag_1.py                           1           0  0.10s           2024-09-24T14:17:04                      12
================================================================================
[2024-09-24T16:17:39.900+0200] {manager.py:1008} INFO - 
================================================================================
DAG File Processing Stats

File Path                                          PID    Runtime      # DAGs    # Errors  Last Runtime    Last Run               Last # of DB Queries
-------------------------------------------------  -----  ---------  --------  ----------  --------------  -------------------  ----------------------
/home/dperezs/data/pipeline/airflow/dags/dag_1.py                           1           0  0.10s           2024-09-24T14:17:39                      12
================================================================================
[2024-09-24T16:18:11.761+0200] {manager.py:1008} INFO - 
================================================================================
DAG File Processing Stats

File Path                                          PID    Runtime      # DAGs    # Errors  Last Runtime    Last Run               Last # of DB Queries
-------------------------------------------------  -----  ---------  --------  ----------  --------------  -------------------  ----------------------
/home/dperezs/data/pipeline/airflow/dags/dag_1.py                           1           0  0.10s           2024-09-24T14:18:11                      12
================================================================================
[2024-09-24T16:18:41.898+0200] {manager.py:1008} INFO - 
================================================================================
DAG File Processing Stats

File Path                                          PID    Runtime      # DAGs    # Errors  Last Runtime    Last Run               Last # of DB Queries
-------------------------------------------------  -----  ---------  --------  ----------  --------------  -------------------  ----------------------
/home/dperezs/data/pipeline/airflow/dags/dag_1.py                           1           0  0.10s           2024-09-24T14:18:18                      12
================================================================================
[2024-09-24T16:19:12.893+0200] {manager.py:1008} INFO - 
================================================================================
DAG File Processing Stats

File Path                                          PID    Runtime      # DAGs    # Errors  Last Runtime    Last Run               Last # of DB Queries
-------------------------------------------------  -----  ---------  --------  ----------  --------------  -------------------  ----------------------
/home/dperezs/data/pipeline/airflow/dags/dag_1.py                           1           0  0.10s           2024-09-24T14:18:49                      12
================================================================================
[2024-09-24T16:19:45.106+0200] {manager.py:1008} INFO - 
================================================================================
DAG File Processing Stats

File Path                                          PID    Runtime      # DAGs    # Errors  Last Runtime    Last Run               Last # of DB Queries
-------------------------------------------------  -----  ---------  --------  ----------  --------------  -------------------  ----------------------
/home/dperezs/data/pipeline/airflow/dags/dag_1.py                           1           0  0.10s           2024-09-24T14:19:19                      12
================================================================================
[2024-09-24T16:20:17.945+0200] {manager.py:1008} INFO - 
================================================================================
DAG File Processing Stats

File Path                                          PID    Runtime      # DAGs    # Errors  Last Runtime    Last Run               Last # of DB Queries
-------------------------------------------------  -----  ---------  --------  ----------  --------------  -------------------  ----------------------
/home/dperezs/data/pipeline/airflow/dags/dag_1.py                           1           0  0.31s           2024-09-24T14:19:51                      12
================================================================================
[2024-09-24T16:20:48.708+0200] {manager.py:1008} INFO - 
================================================================================
DAG File Processing Stats

File Path                                          PID    Runtime      # DAGs    # Errors  Last Runtime    Last Run               Last # of DB Queries
-------------------------------------------------  -----  ---------  --------  ----------  --------------  -------------------  ----------------------
/home/dperezs/data/pipeline/airflow/dags/dag_1.py                           1           0  0.20s           2024-09-24T14:20:24                      12
================================================================================
[2024-09-24T16:21:18.972+0200] {manager.py:1008} INFO - 
================================================================================
DAG File Processing Stats

File Path                                          PID    Runtime      # DAGs    # Errors  Last Runtime    Last Run               Last # of DB Queries
-------------------------------------------------  -----  ---------  --------  ----------  --------------  -------------------  ----------------------
/home/dperezs/data/pipeline/airflow/dags/dag_1.py                           1           0  0.10s           2024-09-24T14:20:54                      12
================================================================================
[2024-09-24T16:21:29.065+0200] {manager.py:832} INFO - Searching for files in /home/dperezs/data/pipeline/airflow/dags
[2024-09-24T16:21:29.067+0200] {manager.py:835} INFO - There are 1 files in /home/dperezs/data/pipeline/airflow/dags
[2024-09-24T16:21:49.286+0200] {manager.py:1008} INFO - 
================================================================================
DAG File Processing Stats

File Path                                          PID    Runtime      # DAGs    # Errors  Last Runtime    Last Run               Last # of DB Queries
-------------------------------------------------  -----  ---------  --------  ----------  --------------  -------------------  ----------------------
/home/dperezs/data/pipeline/airflow/dags/dag_1.py                           1           0  0.11s           2024-09-24T14:21:24                      12
================================================================================
[2024-09-24T16:22:19.567+0200] {manager.py:1008} INFO - 
================================================================================
DAG File Processing Stats

File Path                                          PID    Runtime      # DAGs    # Errors  Last Runtime    Last Run               Last # of DB Queries
-------------------------------------------------  -----  ---------  --------  ----------  --------------  -------------------  ----------------------
/home/dperezs/data/pipeline/airflow/dags/dag_1.py                           1           0  0.30s           2024-09-24T14:21:55                      12
================================================================================
[2024-09-24T16:22:49.873+0200] {manager.py:1008} INFO - 
================================================================================
DAG File Processing Stats

File Path                                          PID    Runtime      # DAGs    # Errors  Last Runtime    Last Run               Last # of DB Queries
-------------------------------------------------  -----  ---------  --------  ----------  --------------  -------------------  ----------------------
/home/dperezs/data/pipeline/airflow/dags/dag_1.py                           1           0  0.20s           2024-09-24T14:22:25                      12
================================================================================
[2024-09-24T16:23:20.199+0200] {manager.py:1008} INFO - 
================================================================================
DAG File Processing Stats

File Path                                          PID    Runtime      # DAGs    # Errors  Last Runtime    Last Run               Last # of DB Queries
-------------------------------------------------  -----  ---------  --------  ----------  --------------  -------------------  ----------------------
/home/dperezs/data/pipeline/airflow/dags/dag_1.py                           1           0  0.10s           2024-09-24T14:22:55                      12
================================================================================
[2024-09-24T16:23:50.466+0200] {manager.py:1008} INFO - 
================================================================================
DAG File Processing Stats

File Path                                          PID    Runtime      # DAGs    # Errors  Last Runtime    Last Run               Last # of DB Queries
-------------------------------------------------  -----  ---------  --------  ----------  --------------  -------------------  ----------------------
/home/dperezs/data/pipeline/airflow/dags/dag_1.py                           1           0  0.20s           2024-09-24T14:23:26                      12
================================================================================
[2024-09-24T16:24:20.745+0200] {manager.py:1008} INFO - 
================================================================================
DAG File Processing Stats

File Path                                          PID    Runtime      # DAGs    # Errors  Last Runtime    Last Run               Last # of DB Queries
-------------------------------------------------  -----  ---------  --------  ----------  --------------  -------------------  ----------------------
/home/dperezs/data/pipeline/airflow/dags/dag_1.py                           1           0  0.10s           2024-09-24T14:23:56                      12
================================================================================
[2024-09-24T16:24:51.037+0200] {manager.py:1008} INFO - 
================================================================================
DAG File Processing Stats

File Path                                          PID    Runtime      # DAGs    # Errors  Last Runtime    Last Run               Last # of DB Queries
-------------------------------------------------  -----  ---------  --------  ----------  --------------  -------------------  ----------------------
/home/dperezs/data/pipeline/airflow/dags/dag_1.py                           1           0  0.10s           2024-09-24T14:24:26                      12
================================================================================
[2024-09-24T16:25:21.309+0200] {manager.py:1008} INFO - 
================================================================================
DAG File Processing Stats

File Path                                          PID    Runtime      # DAGs    # Errors  Last Runtime    Last Run               Last # of DB Queries
-------------------------------------------------  -----  ---------  --------  ----------  --------------  -------------------  ----------------------
/home/dperezs/data/pipeline/airflow/dags/dag_1.py                           1           0  0.10s           2024-09-24T14:24:56                      12
================================================================================
[2024-09-24T16:25:54.309+0200] {manager.py:1008} INFO - 
================================================================================
DAG File Processing Stats

File Path                                          PID    Runtime      # DAGs    # Errors  Last Runtime    Last Run               Last # of DB Queries
-------------------------------------------------  -----  ---------  --------  ----------  --------------  -------------------  ----------------------
/home/dperezs/data/pipeline/airflow/dags/dag_1.py                           1           0  0.20s           2024-09-24T14:25:26                      12
================================================================================
[2024-09-24T16:26:30.503+0200] {manager.py:832} INFO - Searching for files in /home/dperezs/data/pipeline/airflow/dags
[2024-09-24T16:26:30.505+0200] {manager.py:835} INFO - There are 1 files in /home/dperezs/data/pipeline/airflow/dags
[2024-09-24T16:26:30.734+0200] {manager.py:1008} INFO - 
================================================================================
DAG File Processing Stats

File Path                                          PID    Runtime      # DAGs    # Errors  Last Runtime    Last Run               Last # of DB Queries
-------------------------------------------------  -----  ---------  --------  ----------  --------------  -------------------  ----------------------
/home/dperezs/data/pipeline/airflow/dags/dag_1.py                           1           0  0.21s           2024-09-24T14:26:30                      12
================================================================================
[2024-09-24T16:27:01.227+0200] {manager.py:1008} INFO - 
================================================================================
DAG File Processing Stats

File Path                                          PID    Runtime      # DAGs    # Errors  Last Runtime    Last Run               Last # of DB Queries
-------------------------------------------------  -----  ---------  --------  ----------  --------------  -------------------  ----------------------
/home/dperezs/data/pipeline/airflow/dags/dag_1.py                           1           0  0.10s           2024-09-24T14:27:01                      12
================================================================================
[2024-09-24T16:27:33.070+0200] {manager.py:1008} INFO - 
================================================================================
DAG File Processing Stats

File Path                                          PID    Runtime      # DAGs    # Errors  Last Runtime    Last Run               Last # of DB Queries
-------------------------------------------------  -----  ---------  --------  ----------  --------------  -------------------  ----------------------
/home/dperezs/data/pipeline/airflow/dags/dag_1.py                           1           0  0.10s           2024-09-24T14:27:33                      12
================================================================================
[2024-09-24T16:28:04.126+0200] {manager.py:1008} INFO - 
================================================================================
DAG File Processing Stats

File Path                                          PID    Runtime      # DAGs    # Errors  Last Runtime    Last Run               Last # of DB Queries
-------------------------------------------------  -----  ---------  --------  ----------  --------------  -------------------  ----------------------
/home/dperezs/data/pipeline/airflow/dags/dag_1.py                           1           0  0.10s           2024-09-24T14:28:04                      12
================================================================================
[2024-09-24T16:28:40.378+0200] {manager.py:1008} INFO - 
================================================================================
DAG File Processing Stats

File Path                                          PID    Runtime      # DAGs    # Errors  Last Runtime    Last Run               Last # of DB Queries
-------------------------------------------------  -----  ---------  --------  ----------  --------------  -------------------  ----------------------
/home/dperezs/data/pipeline/airflow/dags/dag_1.py                           1           0  0.10s           2024-09-24T14:28:40                      12
================================================================================
