[2024-09-24T16:04:36.134+0200] {processor.py:186} INFO - Started process (PID=38705) to work on /home/dperezs/data/pipeline/airflow/dags/dag_1.py
[2024-09-24T16:04:36.135+0200] {processor.py:914} INFO - Processing file /home/dperezs/data/pipeline/airflow/dags/dag_1.py for tasks to queue
[2024-09-24T16:04:36.137+0200] {logging_mixin.py:190} INFO - [2024-09-24T16:04:36.137+0200] {dagbag.py:587} INFO - Filling up the DagBag from /home/dperezs/data/pipeline/airflow/dags/dag_1.py
[2024-09-24T16:04:36.146+0200] {processor.py:925} INFO - DAG(s) 'mi_dag_api' retrieved from /home/dperezs/data/pipeline/airflow/dags/dag_1.py
[2024-09-24T16:04:36.247+0200] {logging_mixin.py:190} INFO - [2024-09-24T16:04:36.247+0200] {override.py:1900} INFO - Created Permission View: can read on DAG:mi_dag_api
[2024-09-24T16:04:36.273+0200] {logging_mixin.py:190} INFO - [2024-09-24T16:04:36.272+0200] {override.py:1900} INFO - Created Permission View: can delete on DAG:mi_dag_api
[2024-09-24T16:04:36.289+0200] {logging_mixin.py:190} INFO - [2024-09-24T16:04:36.288+0200] {override.py:1900} INFO - Created Permission View: can edit on DAG:mi_dag_api
[2024-09-24T16:04:36.325+0200] {logging_mixin.py:190} INFO - [2024-09-24T16:04:36.325+0200] {override.py:1900} INFO - Created Permission View: can read on DAG Run:mi_dag_api
[2024-09-24T16:04:36.341+0200] {logging_mixin.py:190} INFO - [2024-09-24T16:04:36.341+0200] {override.py:1900} INFO - Created Permission View: menu access on DAG Run:mi_dag_api
[2024-09-24T16:04:36.361+0200] {logging_mixin.py:190} INFO - [2024-09-24T16:04:36.360+0200] {override.py:1900} INFO - Created Permission View: can delete on DAG Run:mi_dag_api
[2024-09-24T16:04:36.377+0200] {logging_mixin.py:190} INFO - [2024-09-24T16:04:36.377+0200] {override.py:1900} INFO - Created Permission View: can create on DAG Run:mi_dag_api
[2024-09-24T16:04:36.377+0200] {logging_mixin.py:190} INFO - [2024-09-24T16:04:36.377+0200] {dag.py:3229} INFO - Sync 1 DAGs
[2024-09-24T16:04:36.388+0200] {logging_mixin.py:190} INFO - [2024-09-24T16:04:36.388+0200] {dag.py:3252} INFO - Creating ORM DAG for mi_dag_api
[2024-09-24T16:04:36.395+0200] {logging_mixin.py:190} INFO - [2024-09-24T16:04:36.395+0200] {dag.py:4156} INFO - Setting next_dagrun for mi_dag_api to 2023-10-06 00:00:00+00:00, run_after=2023-10-06 00:00:05+00:00
[2024-09-24T16:04:36.423+0200] {processor.py:208} INFO - Processing /home/dperezs/data/pipeline/airflow/dags/dag_1.py took 0.296 seconds
[2024-09-24T16:05:07.328+0200] {processor.py:186} INFO - Started process (PID=38834) to work on /home/dperezs/data/pipeline/airflow/dags/dag_1.py
[2024-09-24T16:05:07.330+0200] {processor.py:914} INFO - Processing file /home/dperezs/data/pipeline/airflow/dags/dag_1.py for tasks to queue
[2024-09-24T16:05:07.332+0200] {logging_mixin.py:190} INFO - [2024-09-24T16:05:07.331+0200] {dagbag.py:587} INFO - Filling up the DagBag from /home/dperezs/data/pipeline/airflow/dags/dag_1.py
[2024-09-24T16:05:07.342+0200] {processor.py:925} INFO - DAG(s) 'mi_dag_api' retrieved from /home/dperezs/data/pipeline/airflow/dags/dag_1.py
[2024-09-24T16:05:07.355+0200] {logging_mixin.py:190} INFO - [2024-09-24T16:05:07.354+0200] {dag.py:3229} INFO - Sync 1 DAGs
[2024-09-24T16:05:07.371+0200] {logging_mixin.py:190} INFO - [2024-09-24T16:05:07.371+0200] {dag.py:4156} INFO - Setting next_dagrun for mi_dag_api to 2023-10-06 00:00:00+00:00, run_after=2023-10-06 00:00:05+00:00
[2024-09-24T16:05:07.393+0200] {processor.py:208} INFO - Processing /home/dperezs/data/pipeline/airflow/dags/dag_1.py took 0.070 seconds
[2024-09-24T16:05:37.757+0200] {processor.py:186} INFO - Started process (PID=39180) to work on /home/dperezs/data/pipeline/airflow/dags/dag_1.py
[2024-09-24T16:05:37.759+0200] {processor.py:914} INFO - Processing file /home/dperezs/data/pipeline/airflow/dags/dag_1.py for tasks to queue
[2024-09-24T16:05:37.761+0200] {logging_mixin.py:190} INFO - [2024-09-24T16:05:37.760+0200] {dagbag.py:587} INFO - Filling up the DagBag from /home/dperezs/data/pipeline/airflow/dags/dag_1.py
[2024-09-24T16:05:37.769+0200] {processor.py:925} INFO - DAG(s) 'mi_dag_api' retrieved from /home/dperezs/data/pipeline/airflow/dags/dag_1.py
[2024-09-24T16:05:37.780+0200] {logging_mixin.py:190} INFO - [2024-09-24T16:05:37.779+0200] {dag.py:3229} INFO - Sync 1 DAGs
[2024-09-24T16:05:37.795+0200] {logging_mixin.py:190} INFO - [2024-09-24T16:05:37.795+0200] {dag.py:4156} INFO - Setting next_dagrun for mi_dag_api to 2023-10-06 00:00:00+00:00, run_after=2023-10-06 00:00:05+00:00
[2024-09-24T16:05:37.818+0200] {processor.py:208} INFO - Processing /home/dperezs/data/pipeline/airflow/dags/dag_1.py took 0.068 seconds
[2024-09-24T16:05:40.966+0200] {processor.py:186} INFO - Started process (PID=39206) to work on /home/dperezs/data/pipeline/airflow/dags/dag_1.py
[2024-09-24T16:05:40.967+0200] {processor.py:914} INFO - Processing file /home/dperezs/data/pipeline/airflow/dags/dag_1.py for tasks to queue
[2024-09-24T16:05:40.969+0200] {logging_mixin.py:190} INFO - [2024-09-24T16:05:40.969+0200] {dagbag.py:587} INFO - Filling up the DagBag from /home/dperezs/data/pipeline/airflow/dags/dag_1.py
[2024-09-24T16:05:40.979+0200] {processor.py:925} INFO - DAG(s) 'mi_dag_api' retrieved from /home/dperezs/data/pipeline/airflow/dags/dag_1.py
[2024-09-24T16:05:40.991+0200] {logging_mixin.py:190} INFO - [2024-09-24T16:05:40.991+0200] {dag.py:3229} INFO - Sync 1 DAGs
[2024-09-24T16:05:41.008+0200] {logging_mixin.py:190} INFO - [2024-09-24T16:05:41.008+0200] {dag.py:4156} INFO - Setting next_dagrun for mi_dag_api to 2023-10-06 00:00:00+00:00, run_after=2023-10-06 00:00:05+00:00
[2024-09-24T16:05:41.036+0200] {processor.py:208} INFO - Processing /home/dperezs/data/pipeline/airflow/dags/dag_1.py took 0.076 seconds
[2024-09-24T16:06:11.226+0200] {processor.py:186} INFO - Started process (PID=39260) to work on /home/dperezs/data/pipeline/airflow/dags/dag_1.py
[2024-09-24T16:06:11.227+0200] {processor.py:914} INFO - Processing file /home/dperezs/data/pipeline/airflow/dags/dag_1.py for tasks to queue
[2024-09-24T16:06:11.229+0200] {logging_mixin.py:190} INFO - [2024-09-24T16:06:11.229+0200] {dagbag.py:587} INFO - Filling up the DagBag from /home/dperezs/data/pipeline/airflow/dags/dag_1.py
[2024-09-24T16:06:11.236+0200] {processor.py:925} INFO - DAG(s) 'mi_dag_api' retrieved from /home/dperezs/data/pipeline/airflow/dags/dag_1.py
[2024-09-24T16:06:11.247+0200] {logging_mixin.py:190} INFO - [2024-09-24T16:06:11.247+0200] {dag.py:3229} INFO - Sync 1 DAGs
[2024-09-24T16:06:11.263+0200] {logging_mixin.py:190} INFO - [2024-09-24T16:06:11.263+0200] {dag.py:4156} INFO - Setting next_dagrun for mi_dag_api to 2023-10-06 00:00:00+00:00, run_after=2023-10-06 00:00:05+00:00
[2024-09-24T16:06:11.286+0200] {processor.py:208} INFO - Processing /home/dperezs/data/pipeline/airflow/dags/dag_1.py took 0.065 seconds
[2024-09-24T16:06:41.526+0200] {processor.py:186} INFO - Started process (PID=39335) to work on /home/dperezs/data/pipeline/airflow/dags/dag_1.py
[2024-09-24T16:06:41.527+0200] {processor.py:914} INFO - Processing file /home/dperezs/data/pipeline/airflow/dags/dag_1.py for tasks to queue
[2024-09-24T16:06:41.529+0200] {logging_mixin.py:190} INFO - [2024-09-24T16:06:41.528+0200] {dagbag.py:587} INFO - Filling up the DagBag from /home/dperezs/data/pipeline/airflow/dags/dag_1.py
[2024-09-24T16:06:41.537+0200] {processor.py:925} INFO - DAG(s) 'mi_dag_api' retrieved from /home/dperezs/data/pipeline/airflow/dags/dag_1.py
[2024-09-24T16:06:41.548+0200] {logging_mixin.py:190} INFO - [2024-09-24T16:06:41.548+0200] {dag.py:3229} INFO - Sync 1 DAGs
[2024-09-24T16:06:41.565+0200] {logging_mixin.py:190} INFO - [2024-09-24T16:06:41.564+0200] {dag.py:4156} INFO - Setting next_dagrun for mi_dag_api to 2023-10-06 00:00:00+00:00, run_after=2023-10-06 00:00:05+00:00
[2024-09-24T16:06:41.590+0200] {processor.py:208} INFO - Processing /home/dperezs/data/pipeline/airflow/dags/dag_1.py took 0.070 seconds
[2024-09-24T16:07:05.738+0200] {processor.py:186} INFO - Started process (PID=39348) to work on /home/dperezs/data/pipeline/airflow/dags/dag_1.py
[2024-09-24T16:07:05.740+0200] {processor.py:914} INFO - Processing file /home/dperezs/data/pipeline/airflow/dags/dag_1.py for tasks to queue
[2024-09-24T16:07:05.742+0200] {logging_mixin.py:190} INFO - [2024-09-24T16:07:05.741+0200] {dagbag.py:587} INFO - Filling up the DagBag from /home/dperezs/data/pipeline/airflow/dags/dag_1.py
[2024-09-24T16:07:05.748+0200] {logging_mixin.py:190} INFO - [2024-09-24T16:07:05.745+0200] {dagbag.py:386} ERROR - Failed to import: /home/dperezs/data/pipeline/airflow/dags/dag_1.py
Traceback (most recent call last):
  File "/home/dperezs/data/pipeline/venv/lib/python3.9/site-packages/airflow/models/dagbag.py", line 382, in parse
    loader.exec_module(new_module)
  File "<frozen importlib._bootstrap_external>", line 850, in exec_module
  File "<frozen importlib._bootstrap>", line 228, in _call_with_frames_removed
  File "/home/dperezs/data/pipeline/airflow/dags/dag_1.py", line 27, in <module>
    dag = DAG('DAG API CLIMA',
  File "/home/dperezs/data/pipeline/venv/lib/python3.9/site-packages/airflow/models/dag.py", line 593, in __init__
    validate_key(dag_id)
  File "/home/dperezs/data/pipeline/venv/lib/python3.9/site-packages/airflow/utils/helpers.py", line 57, in validate_key
    raise AirflowException(
airflow.exceptions.AirflowException: The key 'DAG API CLIMA' has to be made of alphanumeric characters, dashes, dots and underscores exclusively
[2024-09-24T16:07:05.748+0200] {processor.py:927} WARNING - No viable dags retrieved from /home/dperezs/data/pipeline/airflow/dags/dag_1.py
[2024-09-24T16:07:05.774+0200] {processor.py:208} INFO - Processing /home/dperezs/data/pipeline/airflow/dags/dag_1.py took 0.042 seconds
[2024-09-24T16:07:36.111+0200] {processor.py:186} INFO - Started process (PID=39361) to work on /home/dperezs/data/pipeline/airflow/dags/dag_1.py
[2024-09-24T16:07:36.112+0200] {processor.py:914} INFO - Processing file /home/dperezs/data/pipeline/airflow/dags/dag_1.py for tasks to queue
[2024-09-24T16:07:36.115+0200] {logging_mixin.py:190} INFO - [2024-09-24T16:07:36.114+0200] {dagbag.py:587} INFO - Filling up the DagBag from /home/dperezs/data/pipeline/airflow/dags/dag_1.py
[2024-09-24T16:07:36.118+0200] {logging_mixin.py:190} INFO - [2024-09-24T16:07:36.117+0200] {dagbag.py:386} ERROR - Failed to import: /home/dperezs/data/pipeline/airflow/dags/dag_1.py
Traceback (most recent call last):
  File "/home/dperezs/data/pipeline/venv/lib/python3.9/site-packages/airflow/models/dagbag.py", line 382, in parse
    loader.exec_module(new_module)
  File "<frozen importlib._bootstrap_external>", line 850, in exec_module
  File "<frozen importlib._bootstrap>", line 228, in _call_with_frames_removed
  File "/home/dperezs/data/pipeline/airflow/dags/dag_1.py", line 27, in <module>
    dag = DAG('DAG API CLIMA',
  File "/home/dperezs/data/pipeline/venv/lib/python3.9/site-packages/airflow/models/dag.py", line 593, in __init__
    validate_key(dag_id)
  File "/home/dperezs/data/pipeline/venv/lib/python3.9/site-packages/airflow/utils/helpers.py", line 57, in validate_key
    raise AirflowException(
airflow.exceptions.AirflowException: The key 'DAG API CLIMA' has to be made of alphanumeric characters, dashes, dots and underscores exclusively
[2024-09-24T16:07:36.118+0200] {processor.py:927} WARNING - No viable dags retrieved from /home/dperezs/data/pipeline/airflow/dags/dag_1.py
[2024-09-24T16:07:36.141+0200] {processor.py:208} INFO - Processing /home/dperezs/data/pipeline/airflow/dags/dag_1.py took 0.035 seconds
[2024-09-24T16:08:06.387+0200] {processor.py:186} INFO - Started process (PID=39556) to work on /home/dperezs/data/pipeline/airflow/dags/dag_1.py
[2024-09-24T16:08:06.388+0200] {processor.py:914} INFO - Processing file /home/dperezs/data/pipeline/airflow/dags/dag_1.py for tasks to queue
[2024-09-24T16:08:06.390+0200] {logging_mixin.py:190} INFO - [2024-09-24T16:08:06.389+0200] {dagbag.py:587} INFO - Filling up the DagBag from /home/dperezs/data/pipeline/airflow/dags/dag_1.py
[2024-09-24T16:08:06.399+0200] {processor.py:925} INFO - DAG(s) 'DAG_API_CLIMA' retrieved from /home/dperezs/data/pipeline/airflow/dags/dag_1.py
[2024-09-24T16:08:06.497+0200] {logging_mixin.py:190} INFO - [2024-09-24T16:08:06.497+0200] {override.py:1900} INFO - Created Permission View: can read on DAG:DAG_API_CLIMA
[2024-09-24T16:08:06.516+0200] {logging_mixin.py:190} INFO - [2024-09-24T16:08:06.515+0200] {override.py:1900} INFO - Created Permission View: can delete on DAG:DAG_API_CLIMA
[2024-09-24T16:08:06.532+0200] {logging_mixin.py:190} INFO - [2024-09-24T16:08:06.531+0200] {override.py:1900} INFO - Created Permission View: can edit on DAG:DAG_API_CLIMA
[2024-09-24T16:08:06.560+0200] {logging_mixin.py:190} INFO - [2024-09-24T16:08:06.559+0200] {override.py:1900} INFO - Created Permission View: can read on DAG Run:DAG_API_CLIMA
[2024-09-24T16:08:06.576+0200] {logging_mixin.py:190} INFO - [2024-09-24T16:08:06.576+0200] {override.py:1900} INFO - Created Permission View: menu access on DAG Run:DAG_API_CLIMA
[2024-09-24T16:08:06.591+0200] {logging_mixin.py:190} INFO - [2024-09-24T16:08:06.591+0200] {override.py:1900} INFO - Created Permission View: can delete on DAG Run:DAG_API_CLIMA
[2024-09-24T16:08:06.608+0200] {logging_mixin.py:190} INFO - [2024-09-24T16:08:06.607+0200] {override.py:1900} INFO - Created Permission View: can create on DAG Run:DAG_API_CLIMA
[2024-09-24T16:08:06.608+0200] {logging_mixin.py:190} INFO - [2024-09-24T16:08:06.608+0200] {dag.py:3229} INFO - Sync 1 DAGs
[2024-09-24T16:08:06.618+0200] {logging_mixin.py:190} INFO - [2024-09-24T16:08:06.617+0200] {dag.py:3252} INFO - Creating ORM DAG for DAG_API_CLIMA
[2024-09-24T16:08:06.626+0200] {logging_mixin.py:190} INFO - [2024-09-24T16:08:06.626+0200] {dag.py:4156} INFO - Setting next_dagrun for DAG_API_CLIMA to 2024-09-24 00:00:00+00:00, run_after=2024-09-24 00:00:05+00:00
[2024-09-24T16:08:06.661+0200] {processor.py:208} INFO - Processing /home/dperezs/data/pipeline/airflow/dags/dag_1.py took 0.279 seconds
[2024-09-24T16:08:36.758+0200] {processor.py:186} INFO - Started process (PID=39692) to work on /home/dperezs/data/pipeline/airflow/dags/dag_1.py
[2024-09-24T16:08:36.759+0200] {processor.py:914} INFO - Processing file /home/dperezs/data/pipeline/airflow/dags/dag_1.py for tasks to queue
[2024-09-24T16:08:36.760+0200] {logging_mixin.py:190} INFO - [2024-09-24T16:08:36.760+0200] {dagbag.py:587} INFO - Filling up the DagBag from /home/dperezs/data/pipeline/airflow/dags/dag_1.py
[2024-09-24T16:08:36.769+0200] {processor.py:925} INFO - DAG(s) 'DAG_API_CLIMA' retrieved from /home/dperezs/data/pipeline/airflow/dags/dag_1.py
[2024-09-24T16:08:36.782+0200] {logging_mixin.py:190} INFO - [2024-09-24T16:08:36.781+0200] {dag.py:3229} INFO - Sync 1 DAGs
[2024-09-24T16:08:36.800+0200] {logging_mixin.py:190} INFO - [2024-09-24T16:08:36.800+0200] {dag.py:4156} INFO - Setting next_dagrun for DAG_API_CLIMA to 2024-09-24 00:00:00+00:00, run_after=2024-09-24 00:00:05+00:00
[2024-09-24T16:08:36.827+0200] {processor.py:208} INFO - Processing /home/dperezs/data/pipeline/airflow/dags/dag_1.py took 0.077 seconds
[2024-09-24T16:09:04.879+0200] {processor.py:186} INFO - Started process (PID=39765) to work on /home/dperezs/data/pipeline/airflow/dags/dag_1.py
[2024-09-24T16:09:04.880+0200] {processor.py:914} INFO - Processing file /home/dperezs/data/pipeline/airflow/dags/dag_1.py for tasks to queue
[2024-09-24T16:09:04.883+0200] {logging_mixin.py:190} INFO - [2024-09-24T16:09:04.882+0200] {dagbag.py:587} INFO - Filling up the DagBag from /home/dperezs/data/pipeline/airflow/dags/dag_1.py
[2024-09-24T16:09:04.894+0200] {processor.py:925} INFO - DAG(s) 'DAG_API_CLIMA' retrieved from /home/dperezs/data/pipeline/airflow/dags/dag_1.py
[2024-09-24T16:09:04.907+0200] {logging_mixin.py:190} INFO - [2024-09-24T16:09:04.907+0200] {dag.py:3229} INFO - Sync 1 DAGs
[2024-09-24T16:09:04.925+0200] {logging_mixin.py:190} INFO - [2024-09-24T16:09:04.925+0200] {dag.py:4156} INFO - Setting next_dagrun for DAG_API_CLIMA to 2024-09-24 00:00:00+00:00, run_after=2024-09-24 00:00:05+00:00
[2024-09-24T16:09:04.953+0200] {processor.py:208} INFO - Processing /home/dperezs/data/pipeline/airflow/dags/dag_1.py took 0.079 seconds
[2024-09-24T16:09:35.183+0200] {processor.py:186} INFO - Started process (PID=39781) to work on /home/dperezs/data/pipeline/airflow/dags/dag_1.py
[2024-09-24T16:09:35.184+0200] {processor.py:914} INFO - Processing file /home/dperezs/data/pipeline/airflow/dags/dag_1.py for tasks to queue
[2024-09-24T16:09:35.186+0200] {logging_mixin.py:190} INFO - [2024-09-24T16:09:35.185+0200] {dagbag.py:587} INFO - Filling up the DagBag from /home/dperezs/data/pipeline/airflow/dags/dag_1.py
[2024-09-24T16:09:35.194+0200] {processor.py:925} INFO - DAG(s) 'DAG_API_CLIMA' retrieved from /home/dperezs/data/pipeline/airflow/dags/dag_1.py
[2024-09-24T16:09:35.205+0200] {logging_mixin.py:190} INFO - [2024-09-24T16:09:35.205+0200] {dag.py:3229} INFO - Sync 1 DAGs
[2024-09-24T16:09:35.223+0200] {logging_mixin.py:190} INFO - [2024-09-24T16:09:35.223+0200] {dag.py:4156} INFO - Setting next_dagrun for DAG_API_CLIMA to 2024-09-24 00:00:00+00:00, run_after=2024-09-24 00:00:05+00:00
[2024-09-24T16:09:35.250+0200] {processor.py:208} INFO - Processing /home/dperezs/data/pipeline/airflow/dags/dag_1.py took 0.074 seconds
[2024-09-24T16:11:29.059+0200] {processor.py:186} INFO - Started process (PID=40086) to work on /home/dperezs/data/pipeline/airflow/dags/dag_1.py
[2024-09-24T16:11:29.061+0200] {processor.py:914} INFO - Processing file /home/dperezs/data/pipeline/airflow/dags/dag_1.py for tasks to queue
[2024-09-24T16:11:29.066+0200] {logging_mixin.py:190} INFO - [2024-09-24T16:11:29.065+0200] {dagbag.py:587} INFO - Filling up the DagBag from /home/dperezs/data/pipeline/airflow/dags/dag_1.py
[2024-09-24T16:11:29.102+0200] {processor.py:925} INFO - DAG(s) 'mi_dag_api' retrieved from /home/dperezs/data/pipeline/airflow/dags/dag_1.py
[2024-09-24T16:11:29.317+0200] {logging_mixin.py:190} INFO - [2024-09-24T16:11:29.317+0200] {dag.py:3229} INFO - Sync 1 DAGs
[2024-09-24T16:11:29.343+0200] {logging_mixin.py:190} INFO - [2024-09-24T16:11:29.343+0200] {dag.py:4156} INFO - Setting next_dagrun for mi_dag_api to 2023-10-06 00:00:00+00:00, run_after=2023-10-06 00:00:05+00:00
[2024-09-24T16:11:29.387+0200] {processor.py:208} INFO - Processing /home/dperezs/data/pipeline/airflow/dags/dag_1.py took 0.340 seconds
[2024-09-24T16:12:00.285+0200] {processor.py:186} INFO - Started process (PID=40397) to work on /home/dperezs/data/pipeline/airflow/dags/dag_1.py
[2024-09-24T16:12:00.287+0200] {processor.py:914} INFO - Processing file /home/dperezs/data/pipeline/airflow/dags/dag_1.py for tasks to queue
[2024-09-24T16:12:00.289+0200] {logging_mixin.py:190} INFO - [2024-09-24T16:12:00.289+0200] {dagbag.py:587} INFO - Filling up the DagBag from /home/dperezs/data/pipeline/airflow/dags/dag_1.py
[2024-09-24T16:12:00.308+0200] {processor.py:925} INFO - DAG(s) 'mi_dag_api' retrieved from /home/dperezs/data/pipeline/airflow/dags/dag_1.py
[2024-09-24T16:12:00.330+0200] {logging_mixin.py:190} INFO - [2024-09-24T16:12:00.329+0200] {dag.py:3229} INFO - Sync 1 DAGs
[2024-09-24T16:12:00.347+0200] {logging_mixin.py:190} INFO - [2024-09-24T16:12:00.347+0200] {dag.py:4156} INFO - Setting next_dagrun for mi_dag_api to 2023-10-06 00:00:00+00:00, run_after=2023-10-06 00:00:05+00:00
[2024-09-24T16:12:00.372+0200] {processor.py:208} INFO - Processing /home/dperezs/data/pipeline/airflow/dags/dag_1.py took 0.093 seconds
[2024-09-24T16:12:30.670+0200] {processor.py:186} INFO - Started process (PID=40488) to work on /home/dperezs/data/pipeline/airflow/dags/dag_1.py
[2024-09-24T16:12:30.672+0200] {processor.py:914} INFO - Processing file /home/dperezs/data/pipeline/airflow/dags/dag_1.py for tasks to queue
[2024-09-24T16:12:30.673+0200] {logging_mixin.py:190} INFO - [2024-09-24T16:12:30.673+0200] {dagbag.py:587} INFO - Filling up the DagBag from /home/dperezs/data/pipeline/airflow/dags/dag_1.py
[2024-09-24T16:12:30.690+0200] {processor.py:925} INFO - DAG(s) 'mi_dag_api' retrieved from /home/dperezs/data/pipeline/airflow/dags/dag_1.py
[2024-09-24T16:12:30.708+0200] {logging_mixin.py:190} INFO - [2024-09-24T16:12:30.708+0200] {dag.py:3229} INFO - Sync 1 DAGs
[2024-09-24T16:12:30.726+0200] {logging_mixin.py:190} INFO - [2024-09-24T16:12:30.726+0200] {dag.py:4156} INFO - Setting next_dagrun for mi_dag_api to 2023-10-06 00:00:00+00:00, run_after=2023-10-06 00:00:05+00:00
[2024-09-24T16:12:30.751+0200] {processor.py:208} INFO - Processing /home/dperezs/data/pipeline/airflow/dags/dag_1.py took 0.087 seconds
[2024-09-24T16:13:01.079+0200] {processor.py:186} INFO - Started process (PID=40743) to work on /home/dperezs/data/pipeline/airflow/dags/dag_1.py
[2024-09-24T16:13:01.080+0200] {processor.py:914} INFO - Processing file /home/dperezs/data/pipeline/airflow/dags/dag_1.py for tasks to queue
[2024-09-24T16:13:01.082+0200] {logging_mixin.py:190} INFO - [2024-09-24T16:13:01.082+0200] {dagbag.py:587} INFO - Filling up the DagBag from /home/dperezs/data/pipeline/airflow/dags/dag_1.py
[2024-09-24T16:13:01.107+0200] {processor.py:925} INFO - DAG(s) 'mi_dag_api' retrieved from /home/dperezs/data/pipeline/airflow/dags/dag_1.py
[2024-09-24T16:13:01.139+0200] {logging_mixin.py:190} INFO - [2024-09-24T16:13:01.139+0200] {dag.py:3229} INFO - Sync 1 DAGs
[2024-09-24T16:13:01.161+0200] {logging_mixin.py:190} INFO - [2024-09-24T16:13:01.161+0200] {dag.py:4156} INFO - Setting next_dagrun for mi_dag_api to 2023-10-06 00:00:00+00:00, run_after=2023-10-06 00:00:05+00:00
[2024-09-24T16:13:01.191+0200] {processor.py:208} INFO - Processing /home/dperezs/data/pipeline/airflow/dags/dag_1.py took 0.119 seconds
[2024-09-24T16:13:31.498+0200] {processor.py:186} INFO - Started process (PID=40822) to work on /home/dperezs/data/pipeline/airflow/dags/dag_1.py
[2024-09-24T16:13:31.499+0200] {processor.py:914} INFO - Processing file /home/dperezs/data/pipeline/airflow/dags/dag_1.py for tasks to queue
[2024-09-24T16:13:31.501+0200] {logging_mixin.py:190} INFO - [2024-09-24T16:13:31.500+0200] {dagbag.py:587} INFO - Filling up the DagBag from /home/dperezs/data/pipeline/airflow/dags/dag_1.py
[2024-09-24T16:13:31.516+0200] {processor.py:925} INFO - DAG(s) 'mi_dag_api' retrieved from /home/dperezs/data/pipeline/airflow/dags/dag_1.py
[2024-09-24T16:13:31.536+0200] {logging_mixin.py:190} INFO - [2024-09-24T16:13:31.535+0200] {dag.py:3229} INFO - Sync 1 DAGs
[2024-09-24T16:13:31.554+0200] {logging_mixin.py:190} INFO - [2024-09-24T16:13:31.553+0200] {dag.py:4156} INFO - Setting next_dagrun for mi_dag_api to 2023-10-06 00:00:00+00:00, run_after=2023-10-06 00:00:05+00:00
[2024-09-24T16:13:31.577+0200] {processor.py:208} INFO - Processing /home/dperezs/data/pipeline/airflow/dags/dag_1.py took 0.085 seconds
[2024-09-24T16:14:01.796+0200] {processor.py:186} INFO - Started process (PID=40979) to work on /home/dperezs/data/pipeline/airflow/dags/dag_1.py
[2024-09-24T16:14:01.798+0200] {processor.py:914} INFO - Processing file /home/dperezs/data/pipeline/airflow/dags/dag_1.py for tasks to queue
[2024-09-24T16:14:01.799+0200] {logging_mixin.py:190} INFO - [2024-09-24T16:14:01.799+0200] {dagbag.py:587} INFO - Filling up the DagBag from /home/dperezs/data/pipeline/airflow/dags/dag_1.py
[2024-09-24T16:14:01.814+0200] {processor.py:925} INFO - DAG(s) 'mi_dag_api' retrieved from /home/dperezs/data/pipeline/airflow/dags/dag_1.py
[2024-09-24T16:14:01.834+0200] {logging_mixin.py:190} INFO - [2024-09-24T16:14:01.834+0200] {dag.py:3229} INFO - Sync 1 DAGs
[2024-09-24T16:14:01.853+0200] {logging_mixin.py:190} INFO - [2024-09-24T16:14:01.852+0200] {dag.py:4156} INFO - Setting next_dagrun for mi_dag_api to 2023-10-06 00:00:00+00:00, run_after=2023-10-06 00:00:05+00:00
[2024-09-24T16:14:01.878+0200] {processor.py:208} INFO - Processing /home/dperezs/data/pipeline/airflow/dags/dag_1.py took 0.087 seconds
[2024-09-24T16:14:32.099+0200] {processor.py:186} INFO - Started process (PID=41052) to work on /home/dperezs/data/pipeline/airflow/dags/dag_1.py
[2024-09-24T16:14:32.100+0200] {processor.py:914} INFO - Processing file /home/dperezs/data/pipeline/airflow/dags/dag_1.py for tasks to queue
[2024-09-24T16:14:32.102+0200] {logging_mixin.py:190} INFO - [2024-09-24T16:14:32.101+0200] {dagbag.py:587} INFO - Filling up the DagBag from /home/dperezs/data/pipeline/airflow/dags/dag_1.py
[2024-09-24T16:14:32.117+0200] {processor.py:925} INFO - DAG(s) 'mi_dag_api' retrieved from /home/dperezs/data/pipeline/airflow/dags/dag_1.py
[2024-09-24T16:14:32.137+0200] {logging_mixin.py:190} INFO - [2024-09-24T16:14:32.136+0200] {dag.py:3229} INFO - Sync 1 DAGs
[2024-09-24T16:14:32.153+0200] {logging_mixin.py:190} INFO - [2024-09-24T16:14:32.153+0200] {dag.py:4156} INFO - Setting next_dagrun for mi_dag_api to 2023-10-06 00:00:00+00:00, run_after=2023-10-06 00:00:05+00:00
[2024-09-24T16:14:32.247+0200] {processor.py:208} INFO - Processing /home/dperezs/data/pipeline/airflow/dags/dag_1.py took 0.154 seconds
[2024-09-24T16:15:02.385+0200] {processor.py:186} INFO - Started process (PID=41238) to work on /home/dperezs/data/pipeline/airflow/dags/dag_1.py
[2024-09-24T16:15:02.390+0200] {processor.py:914} INFO - Processing file /home/dperezs/data/pipeline/airflow/dags/dag_1.py for tasks to queue
[2024-09-24T16:15:02.397+0200] {logging_mixin.py:190} INFO - [2024-09-24T16:15:02.396+0200] {dagbag.py:587} INFO - Filling up the DagBag from /home/dperezs/data/pipeline/airflow/dags/dag_1.py
[2024-09-24T16:15:02.456+0200] {processor.py:925} INFO - DAG(s) 'mi_dag_api' retrieved from /home/dperezs/data/pipeline/airflow/dags/dag_1.py
[2024-09-24T16:15:02.516+0200] {logging_mixin.py:190} INFO - [2024-09-24T16:15:02.516+0200] {dag.py:3229} INFO - Sync 1 DAGs
[2024-09-24T16:15:02.559+0200] {logging_mixin.py:190} INFO - [2024-09-24T16:15:02.558+0200] {dag.py:4156} INFO - Setting next_dagrun for mi_dag_api to 2023-10-06 00:00:00+00:00, run_after=2023-10-06 00:00:05+00:00
[2024-09-24T16:15:02.594+0200] {processor.py:208} INFO - Processing /home/dperezs/data/pipeline/airflow/dags/dag_1.py took 0.234 seconds
[2024-09-24T16:15:33.681+0200] {processor.py:186} INFO - Started process (PID=41804) to work on /home/dperezs/data/pipeline/airflow/dags/dag_1.py
[2024-09-24T16:15:33.682+0200] {processor.py:914} INFO - Processing file /home/dperezs/data/pipeline/airflow/dags/dag_1.py for tasks to queue
[2024-09-24T16:15:33.684+0200] {logging_mixin.py:190} INFO - [2024-09-24T16:15:33.683+0200] {dagbag.py:587} INFO - Filling up the DagBag from /home/dperezs/data/pipeline/airflow/dags/dag_1.py
[2024-09-24T16:15:33.700+0200] {processor.py:925} INFO - DAG(s) 'mi_dag_api' retrieved from /home/dperezs/data/pipeline/airflow/dags/dag_1.py
[2024-09-24T16:15:33.719+0200] {logging_mixin.py:190} INFO - [2024-09-24T16:15:33.719+0200] {dag.py:3229} INFO - Sync 1 DAGs
[2024-09-24T16:15:33.737+0200] {logging_mixin.py:190} INFO - [2024-09-24T16:15:33.736+0200] {dag.py:4156} INFO - Setting next_dagrun for mi_dag_api to 2023-10-06 00:00:00+00:00, run_after=2023-10-06 00:00:05+00:00
[2024-09-24T16:15:33.761+0200] {processor.py:208} INFO - Processing /home/dperezs/data/pipeline/airflow/dags/dag_1.py took 0.086 seconds
[2024-09-24T16:16:03.971+0200] {processor.py:186} INFO - Started process (PID=41838) to work on /home/dperezs/data/pipeline/airflow/dags/dag_1.py
[2024-09-24T16:16:03.972+0200] {processor.py:914} INFO - Processing file /home/dperezs/data/pipeline/airflow/dags/dag_1.py for tasks to queue
[2024-09-24T16:16:03.973+0200] {logging_mixin.py:190} INFO - [2024-09-24T16:16:03.973+0200] {dagbag.py:587} INFO - Filling up the DagBag from /home/dperezs/data/pipeline/airflow/dags/dag_1.py
[2024-09-24T16:16:03.988+0200] {processor.py:925} INFO - DAG(s) 'mi_dag_api' retrieved from /home/dperezs/data/pipeline/airflow/dags/dag_1.py
[2024-09-24T16:16:04.012+0200] {logging_mixin.py:190} INFO - [2024-09-24T16:16:04.011+0200] {dag.py:3229} INFO - Sync 1 DAGs
[2024-09-24T16:16:04.033+0200] {logging_mixin.py:190} INFO - [2024-09-24T16:16:04.033+0200] {dag.py:4156} INFO - Setting next_dagrun for mi_dag_api to 2023-10-06 00:00:00+00:00, run_after=2023-10-06 00:00:05+00:00
[2024-09-24T16:16:04.061+0200] {processor.py:208} INFO - Processing /home/dperezs/data/pipeline/airflow/dags/dag_1.py took 0.096 seconds
[2024-09-24T16:16:34.234+0200] {processor.py:186} INFO - Started process (PID=41942) to work on /home/dperezs/data/pipeline/airflow/dags/dag_1.py
[2024-09-24T16:16:34.238+0200] {processor.py:914} INFO - Processing file /home/dperezs/data/pipeline/airflow/dags/dag_1.py for tasks to queue
[2024-09-24T16:16:34.242+0200] {logging_mixin.py:190} INFO - [2024-09-24T16:16:34.241+0200] {dagbag.py:587} INFO - Filling up the DagBag from /home/dperezs/data/pipeline/airflow/dags/dag_1.py
[2024-09-24T16:16:34.294+0200] {processor.py:925} INFO - DAG(s) 'mi_dag_api' retrieved from /home/dperezs/data/pipeline/airflow/dags/dag_1.py
[2024-09-24T16:16:34.334+0200] {logging_mixin.py:190} INFO - [2024-09-24T16:16:34.334+0200] {dag.py:3229} INFO - Sync 1 DAGs
[2024-09-24T16:16:34.353+0200] {logging_mixin.py:190} INFO - [2024-09-24T16:16:34.353+0200] {dag.py:4156} INFO - Setting next_dagrun for mi_dag_api to 2023-10-06 00:00:00+00:00, run_after=2023-10-06 00:00:05+00:00
[2024-09-24T16:16:34.379+0200] {processor.py:208} INFO - Processing /home/dperezs/data/pipeline/airflow/dags/dag_1.py took 0.159 seconds
[2024-09-24T16:17:04.478+0200] {processor.py:186} INFO - Started process (PID=42542) to work on /home/dperezs/data/pipeline/airflow/dags/dag_1.py
[2024-09-24T16:17:04.480+0200] {processor.py:914} INFO - Processing file /home/dperezs/data/pipeline/airflow/dags/dag_1.py for tasks to queue
[2024-09-24T16:17:04.481+0200] {logging_mixin.py:190} INFO - [2024-09-24T16:17:04.480+0200] {dagbag.py:587} INFO - Filling up the DagBag from /home/dperezs/data/pipeline/airflow/dags/dag_1.py
[2024-09-24T16:17:04.499+0200] {processor.py:925} INFO - DAG(s) 'mi_dag_api' retrieved from /home/dperezs/data/pipeline/airflow/dags/dag_1.py
[2024-09-24T16:17:04.519+0200] {logging_mixin.py:190} INFO - [2024-09-24T16:17:04.519+0200] {dag.py:3229} INFO - Sync 1 DAGs
[2024-09-24T16:17:04.537+0200] {logging_mixin.py:190} INFO - [2024-09-24T16:17:04.537+0200] {dag.py:4156} INFO - Setting next_dagrun for mi_dag_api to 2023-10-06 00:00:00+00:00, run_after=2023-10-06 00:00:05+00:00
[2024-09-24T16:17:04.561+0200] {processor.py:208} INFO - Processing /home/dperezs/data/pipeline/airflow/dags/dag_1.py took 0.089 seconds
[2024-09-24T16:17:39.808+0200] {processor.py:186} INFO - Started process (PID=42873) to work on /home/dperezs/data/pipeline/airflow/dags/dag_1.py
[2024-09-24T16:17:39.809+0200] {processor.py:914} INFO - Processing file /home/dperezs/data/pipeline/airflow/dags/dag_1.py for tasks to queue
[2024-09-24T16:17:39.811+0200] {logging_mixin.py:190} INFO - [2024-09-24T16:17:39.810+0200] {dagbag.py:587} INFO - Filling up the DagBag from /home/dperezs/data/pipeline/airflow/dags/dag_1.py
[2024-09-24T16:17:39.827+0200] {processor.py:925} INFO - DAG(s) 'mi_dag_api' retrieved from /home/dperezs/data/pipeline/airflow/dags/dag_1.py
[2024-09-24T16:17:39.846+0200] {logging_mixin.py:190} INFO - [2024-09-24T16:17:39.846+0200] {dag.py:3229} INFO - Sync 1 DAGs
[2024-09-24T16:17:39.865+0200] {logging_mixin.py:190} INFO - [2024-09-24T16:17:39.864+0200] {dag.py:4156} INFO - Setting next_dagrun for mi_dag_api to 2023-10-06 00:00:20+00:00, run_after=2023-10-06 00:00:25+00:00
[2024-09-24T16:17:39.890+0200] {processor.py:208} INFO - Processing /home/dperezs/data/pipeline/airflow/dags/dag_1.py took 0.089 seconds
[2024-09-24T16:18:11.668+0200] {processor.py:186} INFO - Started process (PID=43397) to work on /home/dperezs/data/pipeline/airflow/dags/dag_1.py
[2024-09-24T16:18:11.669+0200] {processor.py:914} INFO - Processing file /home/dperezs/data/pipeline/airflow/dags/dag_1.py for tasks to queue
[2024-09-24T16:18:11.671+0200] {logging_mixin.py:190} INFO - [2024-09-24T16:18:11.671+0200] {dagbag.py:587} INFO - Filling up the DagBag from /home/dperezs/data/pipeline/airflow/dags/dag_1.py
[2024-09-24T16:18:11.689+0200] {processor.py:925} INFO - DAG(s) 'mi_dag_api' retrieved from /home/dperezs/data/pipeline/airflow/dags/dag_1.py
[2024-09-24T16:18:11.709+0200] {logging_mixin.py:190} INFO - [2024-09-24T16:18:11.708+0200] {dag.py:3229} INFO - Sync 1 DAGs
[2024-09-24T16:18:11.726+0200] {logging_mixin.py:190} INFO - [2024-09-24T16:18:11.726+0200] {dag.py:4156} INFO - Setting next_dagrun for mi_dag_api to 2023-10-06 00:00:45+00:00, run_after=2023-10-06 00:00:50+00:00
[2024-09-24T16:18:11.753+0200] {processor.py:208} INFO - Processing /home/dperezs/data/pipeline/airflow/dags/dag_1.py took 0.090 seconds
[2024-09-24T16:18:18.422+0200] {processor.py:186} INFO - Started process (PID=43551) to work on /home/dperezs/data/pipeline/airflow/dags/dag_1.py
[2024-09-24T16:18:18.422+0200] {processor.py:914} INFO - Processing file /home/dperezs/data/pipeline/airflow/dags/dag_1.py for tasks to queue
[2024-09-24T16:18:18.424+0200] {logging_mixin.py:190} INFO - [2024-09-24T16:18:18.423+0200] {dagbag.py:587} INFO - Filling up the DagBag from /home/dperezs/data/pipeline/airflow/dags/dag_1.py
[2024-09-24T16:18:18.438+0200] {processor.py:925} INFO - DAG(s) 'mi_dag_api' retrieved from /home/dperezs/data/pipeline/airflow/dags/dag_1.py
[2024-09-24T16:18:18.457+0200] {logging_mixin.py:190} INFO - [2024-09-24T16:18:18.457+0200] {dag.py:3229} INFO - Sync 1 DAGs
[2024-09-24T16:18:18.474+0200] {logging_mixin.py:190} INFO - [2024-09-24T16:18:18.474+0200] {dag.py:4156} INFO - Setting next_dagrun for mi_dag_api to 2023-10-06 00:00:50+00:00, run_after=2023-10-06 00:00:55+00:00
[2024-09-24T16:18:18.500+0200] {processor.py:208} INFO - Processing /home/dperezs/data/pipeline/airflow/dags/dag_1.py took 0.084 seconds
[2024-09-24T16:18:49.018+0200] {processor.py:186} INFO - Started process (PID=43975) to work on /home/dperezs/data/pipeline/airflow/dags/dag_1.py
[2024-09-24T16:18:49.019+0200] {processor.py:914} INFO - Processing file /home/dperezs/data/pipeline/airflow/dags/dag_1.py for tasks to queue
[2024-09-24T16:18:49.020+0200] {logging_mixin.py:190} INFO - [2024-09-24T16:18:49.020+0200] {dagbag.py:587} INFO - Filling up the DagBag from /home/dperezs/data/pipeline/airflow/dags/dag_1.py
[2024-09-24T16:18:49.037+0200] {processor.py:925} INFO - DAG(s) 'mi_dag_api' retrieved from /home/dperezs/data/pipeline/airflow/dags/dag_1.py
[2024-09-24T16:18:49.057+0200] {logging_mixin.py:190} INFO - [2024-09-24T16:18:49.057+0200] {dag.py:3229} INFO - Sync 1 DAGs
[2024-09-24T16:18:49.075+0200] {logging_mixin.py:190} INFO - [2024-09-24T16:18:49.075+0200] {dag.py:4156} INFO - Setting next_dagrun for mi_dag_api to 2023-10-06 00:00:55+00:00, run_after=2023-10-06 00:01:00+00:00
[2024-09-24T16:18:49.100+0200] {processor.py:208} INFO - Processing /home/dperezs/data/pipeline/airflow/dags/dag_1.py took 0.088 seconds
[2024-09-24T16:19:19.342+0200] {processor.py:186} INFO - Started process (PID=44475) to work on /home/dperezs/data/pipeline/airflow/dags/dag_1.py
[2024-09-24T16:19:19.344+0200] {processor.py:914} INFO - Processing file /home/dperezs/data/pipeline/airflow/dags/dag_1.py for tasks to queue
[2024-09-24T16:19:19.345+0200] {logging_mixin.py:190} INFO - [2024-09-24T16:19:19.345+0200] {dagbag.py:587} INFO - Filling up the DagBag from /home/dperezs/data/pipeline/airflow/dags/dag_1.py
[2024-09-24T16:19:19.361+0200] {processor.py:925} INFO - DAG(s) 'mi_dag_api' retrieved from /home/dperezs/data/pipeline/airflow/dags/dag_1.py
[2024-09-24T16:19:19.380+0200] {logging_mixin.py:190} INFO - [2024-09-24T16:19:19.380+0200] {dag.py:3229} INFO - Sync 1 DAGs
[2024-09-24T16:19:19.398+0200] {logging_mixin.py:190} INFO - [2024-09-24T16:19:19.398+0200] {dag.py:4156} INFO - Setting next_dagrun for mi_dag_api to 2023-10-06 00:01:15+00:00, run_after=2023-10-06 00:01:20+00:00
[2024-09-24T16:19:19.424+0200] {processor.py:208} INFO - Processing /home/dperezs/data/pipeline/airflow/dags/dag_1.py took 0.089 seconds
[2024-09-24T16:19:51.408+0200] {processor.py:186} INFO - Started process (PID=44986) to work on /home/dperezs/data/pipeline/airflow/dags/dag_1.py
[2024-09-24T16:19:51.409+0200] {processor.py:914} INFO - Processing file /home/dperezs/data/pipeline/airflow/dags/dag_1.py for tasks to queue
[2024-09-24T16:19:51.410+0200] {logging_mixin.py:190} INFO - [2024-09-24T16:19:51.410+0200] {dagbag.py:587} INFO - Filling up the DagBag from /home/dperezs/data/pipeline/airflow/dags/dag_1.py
[2024-09-24T16:19:51.427+0200] {processor.py:925} INFO - DAG(s) 'mi_dag_api' retrieved from /home/dperezs/data/pipeline/airflow/dags/dag_1.py
[2024-09-24T16:19:51.453+0200] {logging_mixin.py:190} INFO - [2024-09-24T16:19:51.453+0200] {dag.py:3229} INFO - Sync 1 DAGs
[2024-09-24T16:19:51.476+0200] {logging_mixin.py:190} INFO - [2024-09-24T16:19:51.476+0200] {dag.py:4156} INFO - Setting next_dagrun for mi_dag_api to 2023-10-06 00:01:40+00:00, run_after=2023-10-06 00:01:45+00:00
[2024-09-24T16:19:51.608+0200] {processor.py:208} INFO - Processing /home/dperezs/data/pipeline/airflow/dags/dag_1.py took 0.206 seconds
[2024-09-24T16:20:24.329+0200] {processor.py:186} INFO - Started process (PID=45566) to work on /home/dperezs/data/pipeline/airflow/dags/dag_1.py
[2024-09-24T16:20:24.330+0200] {processor.py:914} INFO - Processing file /home/dperezs/data/pipeline/airflow/dags/dag_1.py for tasks to queue
[2024-09-24T16:20:24.331+0200] {logging_mixin.py:190} INFO - [2024-09-24T16:20:24.331+0200] {dagbag.py:587} INFO - Filling up the DagBag from /home/dperezs/data/pipeline/airflow/dags/dag_1.py
[2024-09-24T16:20:24.351+0200] {processor.py:925} INFO - DAG(s) 'mi_dag_api' retrieved from /home/dperezs/data/pipeline/airflow/dags/dag_1.py
[2024-09-24T16:20:24.373+0200] {logging_mixin.py:190} INFO - [2024-09-24T16:20:24.373+0200] {dag.py:3229} INFO - Sync 1 DAGs
[2024-09-24T16:20:24.399+0200] {logging_mixin.py:190} INFO - [2024-09-24T16:20:24.399+0200] {dag.py:4156} INFO - Setting next_dagrun for mi_dag_api to 2023-10-06 00:02:05+00:00, run_after=2023-10-06 00:02:10+00:00
[2024-09-24T16:20:24.427+0200] {processor.py:208} INFO - Processing /home/dperezs/data/pipeline/airflow/dags/dag_1.py took 0.106 seconds
[2024-09-24T16:20:54.734+0200] {processor.py:186} INFO - Started process (PID=45985) to work on /home/dperezs/data/pipeline/airflow/dags/dag_1.py
[2024-09-24T16:20:54.735+0200] {processor.py:914} INFO - Processing file /home/dperezs/data/pipeline/airflow/dags/dag_1.py for tasks to queue
[2024-09-24T16:20:54.736+0200] {logging_mixin.py:190} INFO - [2024-09-24T16:20:54.736+0200] {dagbag.py:587} INFO - Filling up the DagBag from /home/dperezs/data/pipeline/airflow/dags/dag_1.py
[2024-09-24T16:20:54.753+0200] {processor.py:925} INFO - DAG(s) 'mi_dag_api' retrieved from /home/dperezs/data/pipeline/airflow/dags/dag_1.py
[2024-09-24T16:20:54.774+0200] {logging_mixin.py:190} INFO - [2024-09-24T16:20:54.774+0200] {dag.py:3229} INFO - Sync 1 DAGs
[2024-09-24T16:20:54.792+0200] {logging_mixin.py:190} INFO - [2024-09-24T16:20:54.791+0200] {dag.py:4156} INFO - Setting next_dagrun for mi_dag_api to 2023-10-06 00:02:20+00:00, run_after=2023-10-06 00:02:25+00:00
[2024-09-24T16:20:54.816+0200] {processor.py:208} INFO - Processing /home/dperezs/data/pipeline/airflow/dags/dag_1.py took 0.090 seconds
[2024-09-24T16:21:24.900+0200] {processor.py:186} INFO - Started process (PID=46000) to work on /home/dperezs/data/pipeline/airflow/dags/dag_1.py
[2024-09-24T16:21:24.901+0200] {processor.py:914} INFO - Processing file /home/dperezs/data/pipeline/airflow/dags/dag_1.py for tasks to queue
[2024-09-24T16:21:24.903+0200] {logging_mixin.py:190} INFO - [2024-09-24T16:21:24.902+0200] {dagbag.py:587} INFO - Filling up the DagBag from /home/dperezs/data/pipeline/airflow/dags/dag_1.py
[2024-09-24T16:21:24.919+0200] {processor.py:925} INFO - DAG(s) 'mi_dag_api' retrieved from /home/dperezs/data/pipeline/airflow/dags/dag_1.py
[2024-09-24T16:21:24.941+0200] {logging_mixin.py:190} INFO - [2024-09-24T16:21:24.940+0200] {dag.py:3229} INFO - Sync 1 DAGs
[2024-09-24T16:21:24.961+0200] {logging_mixin.py:190} INFO - [2024-09-24T16:21:24.960+0200] {dag.py:4156} INFO - Setting next_dagrun for mi_dag_api to 2023-10-06 00:02:20+00:00, run_after=2023-10-06 00:02:25+00:00
[2024-09-24T16:21:24.990+0200] {processor.py:208} INFO - Processing /home/dperezs/data/pipeline/airflow/dags/dag_1.py took 0.096 seconds
[2024-09-24T16:21:55.123+0200] {processor.py:186} INFO - Started process (PID=46144) to work on /home/dperezs/data/pipeline/airflow/dags/dag_1.py
[2024-09-24T16:21:55.128+0200] {processor.py:914} INFO - Processing file /home/dperezs/data/pipeline/airflow/dags/dag_1.py for tasks to queue
[2024-09-24T16:21:55.132+0200] {logging_mixin.py:190} INFO - [2024-09-24T16:21:55.131+0200] {dagbag.py:587} INFO - Filling up the DagBag from /home/dperezs/data/pipeline/airflow/dags/dag_1.py
[2024-09-24T16:21:55.186+0200] {processor.py:925} INFO - DAG(s) 'mi_dag_api' retrieved from /home/dperezs/data/pipeline/airflow/dags/dag_1.py
[2024-09-24T16:21:55.250+0200] {logging_mixin.py:190} INFO - [2024-09-24T16:21:55.250+0200] {dag.py:3229} INFO - Sync 1 DAGs
[2024-09-24T16:21:55.297+0200] {logging_mixin.py:190} INFO - [2024-09-24T16:21:55.297+0200] {dag.py:4156} INFO - Setting next_dagrun for mi_dag_api to 2023-10-06 00:02:20+00:00, run_after=2023-10-06 00:02:25+00:00
[2024-09-24T16:21:55.339+0200] {processor.py:208} INFO - Processing /home/dperezs/data/pipeline/airflow/dags/dag_1.py took 0.250 seconds
[2024-09-24T16:22:25.454+0200] {processor.py:186} INFO - Started process (PID=46162) to work on /home/dperezs/data/pipeline/airflow/dags/dag_1.py
[2024-09-24T16:22:25.455+0200] {processor.py:914} INFO - Processing file /home/dperezs/data/pipeline/airflow/dags/dag_1.py for tasks to queue
[2024-09-24T16:22:25.456+0200] {logging_mixin.py:190} INFO - [2024-09-24T16:22:25.456+0200] {dagbag.py:587} INFO - Filling up the DagBag from /home/dperezs/data/pipeline/airflow/dags/dag_1.py
[2024-09-24T16:22:25.477+0200] {processor.py:925} INFO - DAG(s) 'mi_dag_api' retrieved from /home/dperezs/data/pipeline/airflow/dags/dag_1.py
[2024-09-24T16:22:25.507+0200] {logging_mixin.py:190} INFO - [2024-09-24T16:22:25.507+0200] {dag.py:3229} INFO - Sync 1 DAGs
[2024-09-24T16:22:25.527+0200] {logging_mixin.py:190} INFO - [2024-09-24T16:22:25.527+0200] {dag.py:4156} INFO - Setting next_dagrun for mi_dag_api to 2023-10-06 00:02:20+00:00, run_after=2023-10-06 00:02:25+00:00
[2024-09-24T16:22:25.559+0200] {processor.py:208} INFO - Processing /home/dperezs/data/pipeline/airflow/dags/dag_1.py took 0.113 seconds
[2024-09-24T16:22:55.717+0200] {processor.py:186} INFO - Started process (PID=46516) to work on /home/dperezs/data/pipeline/airflow/dags/dag_1.py
[2024-09-24T16:22:55.719+0200] {processor.py:914} INFO - Processing file /home/dperezs/data/pipeline/airflow/dags/dag_1.py for tasks to queue
[2024-09-24T16:22:55.720+0200] {logging_mixin.py:190} INFO - [2024-09-24T16:22:55.720+0200] {dagbag.py:587} INFO - Filling up the DagBag from /home/dperezs/data/pipeline/airflow/dags/dag_1.py
[2024-09-24T16:22:55.736+0200] {processor.py:925} INFO - DAG(s) 'mi_dag_api' retrieved from /home/dperezs/data/pipeline/airflow/dags/dag_1.py
[2024-09-24T16:22:55.754+0200] {logging_mixin.py:190} INFO - [2024-09-24T16:22:55.754+0200] {dag.py:3229} INFO - Sync 1 DAGs
[2024-09-24T16:22:55.772+0200] {logging_mixin.py:190} INFO - [2024-09-24T16:22:55.772+0200] {dag.py:4156} INFO - Setting next_dagrun for mi_dag_api to 2023-10-06 00:02:20+00:00, run_after=2023-10-06 00:02:25+00:00
[2024-09-24T16:22:55.798+0200] {processor.py:208} INFO - Processing /home/dperezs/data/pipeline/airflow/dags/dag_1.py took 0.086 seconds
[2024-09-24T16:23:25.883+0200] {processor.py:186} INFO - Started process (PID=46568) to work on /home/dperezs/data/pipeline/airflow/dags/dag_1.py
[2024-09-24T16:23:25.885+0200] {processor.py:914} INFO - Processing file /home/dperezs/data/pipeline/airflow/dags/dag_1.py for tasks to queue
[2024-09-24T16:23:25.886+0200] {logging_mixin.py:190} INFO - [2024-09-24T16:23:25.886+0200] {dagbag.py:587} INFO - Filling up the DagBag from /home/dperezs/data/pipeline/airflow/dags/dag_1.py
[2024-09-24T16:23:25.904+0200] {processor.py:925} INFO - DAG(s) 'mi_dag_api' retrieved from /home/dperezs/data/pipeline/airflow/dags/dag_1.py
[2024-09-24T16:23:25.926+0200] {logging_mixin.py:190} INFO - [2024-09-24T16:23:25.926+0200] {dag.py:3229} INFO - Sync 1 DAGs
[2024-09-24T16:23:25.945+0200] {logging_mixin.py:190} INFO - [2024-09-24T16:23:25.945+0200] {dag.py:4156} INFO - Setting next_dagrun for mi_dag_api to 2023-10-06 00:02:20+00:00, run_after=2023-10-06 00:02:25+00:00
[2024-09-24T16:23:25.975+0200] {processor.py:208} INFO - Processing /home/dperezs/data/pipeline/airflow/dags/dag_1.py took 0.098 seconds
[2024-09-24T16:23:56.172+0200] {processor.py:186} INFO - Started process (PID=46743) to work on /home/dperezs/data/pipeline/airflow/dags/dag_1.py
[2024-09-24T16:23:56.173+0200] {processor.py:914} INFO - Processing file /home/dperezs/data/pipeline/airflow/dags/dag_1.py for tasks to queue
[2024-09-24T16:23:56.175+0200] {logging_mixin.py:190} INFO - [2024-09-24T16:23:56.174+0200] {dagbag.py:587} INFO - Filling up the DagBag from /home/dperezs/data/pipeline/airflow/dags/dag_1.py
[2024-09-24T16:23:56.189+0200] {processor.py:925} INFO - DAG(s) 'mi_dag_api' retrieved from /home/dperezs/data/pipeline/airflow/dags/dag_1.py
[2024-09-24T16:23:56.206+0200] {logging_mixin.py:190} INFO - [2024-09-24T16:23:56.206+0200] {dag.py:3229} INFO - Sync 1 DAGs
[2024-09-24T16:23:56.223+0200] {logging_mixin.py:190} INFO - [2024-09-24T16:23:56.223+0200] {dag.py:4156} INFO - Setting next_dagrun for mi_dag_api to 2023-10-06 00:02:20+00:00, run_after=2023-10-06 00:02:25+00:00
[2024-09-24T16:23:56.251+0200] {processor.py:208} INFO - Processing /home/dperezs/data/pipeline/airflow/dags/dag_1.py took 0.085 seconds
[2024-09-24T16:24:26.341+0200] {processor.py:186} INFO - Started process (PID=46858) to work on /home/dperezs/data/pipeline/airflow/dags/dag_1.py
[2024-09-24T16:24:26.342+0200] {processor.py:914} INFO - Processing file /home/dperezs/data/pipeline/airflow/dags/dag_1.py for tasks to queue
[2024-09-24T16:24:26.344+0200] {logging_mixin.py:190} INFO - [2024-09-24T16:24:26.344+0200] {dagbag.py:587} INFO - Filling up the DagBag from /home/dperezs/data/pipeline/airflow/dags/dag_1.py
[2024-09-24T16:24:26.362+0200] {processor.py:925} INFO - DAG(s) 'mi_dag_api' retrieved from /home/dperezs/data/pipeline/airflow/dags/dag_1.py
[2024-09-24T16:24:26.380+0200] {logging_mixin.py:190} INFO - [2024-09-24T16:24:26.380+0200] {dag.py:3229} INFO - Sync 1 DAGs
[2024-09-24T16:24:26.401+0200] {logging_mixin.py:190} INFO - [2024-09-24T16:24:26.400+0200] {dag.py:4156} INFO - Setting next_dagrun for mi_dag_api to 2023-10-06 00:02:20+00:00, run_after=2023-10-06 00:02:25+00:00
[2024-09-24T16:24:26.424+0200] {processor.py:208} INFO - Processing /home/dperezs/data/pipeline/airflow/dags/dag_1.py took 0.091 seconds
[2024-09-24T16:24:56.602+0200] {processor.py:186} INFO - Started process (PID=47029) to work on /home/dperezs/data/pipeline/airflow/dags/dag_1.py
[2024-09-24T16:24:56.604+0200] {processor.py:914} INFO - Processing file /home/dperezs/data/pipeline/airflow/dags/dag_1.py for tasks to queue
[2024-09-24T16:24:56.605+0200] {logging_mixin.py:190} INFO - [2024-09-24T16:24:56.604+0200] {dagbag.py:587} INFO - Filling up the DagBag from /home/dperezs/data/pipeline/airflow/dags/dag_1.py
[2024-09-24T16:24:56.620+0200] {processor.py:925} INFO - DAG(s) 'mi_dag_api' retrieved from /home/dperezs/data/pipeline/airflow/dags/dag_1.py
[2024-09-24T16:24:56.638+0200] {logging_mixin.py:190} INFO - [2024-09-24T16:24:56.638+0200] {dag.py:3229} INFO - Sync 1 DAGs
[2024-09-24T16:24:56.656+0200] {logging_mixin.py:190} INFO - [2024-09-24T16:24:56.656+0200] {dag.py:4156} INFO - Setting next_dagrun for mi_dag_api to 2023-10-06 00:02:20+00:00, run_after=2023-10-06 00:02:25+00:00
[2024-09-24T16:24:56.681+0200] {processor.py:208} INFO - Processing /home/dperezs/data/pipeline/airflow/dags/dag_1.py took 0.084 seconds
[2024-09-24T16:25:26.768+0200] {processor.py:186} INFO - Started process (PID=47234) to work on /home/dperezs/data/pipeline/airflow/dags/dag_1.py
[2024-09-24T16:25:26.770+0200] {processor.py:914} INFO - Processing file /home/dperezs/data/pipeline/airflow/dags/dag_1.py for tasks to queue
[2024-09-24T16:25:26.771+0200] {logging_mixin.py:190} INFO - [2024-09-24T16:25:26.771+0200] {dagbag.py:587} INFO - Filling up the DagBag from /home/dperezs/data/pipeline/airflow/dags/dag_1.py
[2024-09-24T16:25:26.786+0200] {processor.py:925} INFO - DAG(s) 'mi_dag_api' retrieved from /home/dperezs/data/pipeline/airflow/dags/dag_1.py
[2024-09-24T16:25:26.807+0200] {logging_mixin.py:190} INFO - [2024-09-24T16:25:26.807+0200] {dag.py:3229} INFO - Sync 1 DAGs
[2024-09-24T16:25:26.839+0200] {logging_mixin.py:190} INFO - [2024-09-24T16:25:26.839+0200] {dag.py:4156} INFO - Setting next_dagrun for mi_dag_api to 2023-10-06 00:02:20+00:00, run_after=2023-10-06 00:02:25+00:00
[2024-09-24T16:25:26.924+0200] {processor.py:208} INFO - Processing /home/dperezs/data/pipeline/airflow/dags/dag_1.py took 0.161 seconds
[2024-09-24T16:26:00.111+0200] {processor.py:186} INFO - Started process (PID=47622) to work on /home/dperezs/data/pipeline/airflow/dags/dag_1.py
[2024-09-24T16:26:00.112+0200] {processor.py:914} INFO - Processing file /home/dperezs/data/pipeline/airflow/dags/dag_1.py for tasks to queue
[2024-09-24T16:26:00.114+0200] {logging_mixin.py:190} INFO - [2024-09-24T16:26:00.113+0200] {dagbag.py:587} INFO - Filling up the DagBag from /home/dperezs/data/pipeline/airflow/dags/dag_1.py
[2024-09-24T16:26:00.130+0200] {processor.py:925} INFO - DAG(s) 'mi_dag_api' retrieved from /home/dperezs/data/pipeline/airflow/dags/dag_1.py
[2024-09-24T16:26:00.150+0200] {logging_mixin.py:190} INFO - [2024-09-24T16:26:00.149+0200] {dag.py:3229} INFO - Sync 1 DAGs
[2024-09-24T16:26:00.168+0200] {logging_mixin.py:190} INFO - [2024-09-24T16:26:00.168+0200] {dag.py:4156} INFO - Setting next_dagrun for mi_dag_api to 2023-10-06 00:02:30+00:00, run_after=2023-10-06 00:02:35+00:00
[2024-09-24T16:26:00.194+0200] {processor.py:208} INFO - Processing /home/dperezs/data/pipeline/airflow/dags/dag_1.py took 0.088 seconds
[2024-09-24T16:26:30.544+0200] {processor.py:186} INFO - Started process (PID=48226) to work on /home/dperezs/data/pipeline/airflow/dags/dag_1.py
[2024-09-24T16:26:30.547+0200] {processor.py:914} INFO - Processing file /home/dperezs/data/pipeline/airflow/dags/dag_1.py for tasks to queue
[2024-09-24T16:26:30.550+0200] {logging_mixin.py:190} INFO - [2024-09-24T16:26:30.549+0200] {dagbag.py:587} INFO - Filling up the DagBag from /home/dperezs/data/pipeline/airflow/dags/dag_1.py
[2024-09-24T16:26:30.579+0200] {processor.py:925} INFO - DAG(s) 'mi_dag_api' retrieved from /home/dperezs/data/pipeline/airflow/dags/dag_1.py
[2024-09-24T16:26:30.613+0200] {logging_mixin.py:190} INFO - [2024-09-24T16:26:30.613+0200] {dag.py:3229} INFO - Sync 1 DAGs
[2024-09-24T16:26:30.636+0200] {logging_mixin.py:190} INFO - [2024-09-24T16:26:30.636+0200] {dag.py:4156} INFO - Setting next_dagrun for mi_dag_api to 2023-10-06 00:02:55+00:00, run_after=2023-10-06 00:03:00+00:00
[2024-09-24T16:26:30.672+0200] {processor.py:208} INFO - Processing /home/dperezs/data/pipeline/airflow/dags/dag_1.py took 0.136 seconds
[2024-09-24T16:27:01.135+0200] {processor.py:186} INFO - Started process (PID=48866) to work on /home/dperezs/data/pipeline/airflow/dags/dag_1.py
[2024-09-24T16:27:01.136+0200] {processor.py:914} INFO - Processing file /home/dperezs/data/pipeline/airflow/dags/dag_1.py for tasks to queue
[2024-09-24T16:27:01.137+0200] {logging_mixin.py:190} INFO - [2024-09-24T16:27:01.137+0200] {dagbag.py:587} INFO - Filling up the DagBag from /home/dperezs/data/pipeline/airflow/dags/dag_1.py
[2024-09-24T16:27:01.153+0200] {processor.py:925} INFO - DAG(s) 'mi_dag_api' retrieved from /home/dperezs/data/pipeline/airflow/dags/dag_1.py
[2024-09-24T16:27:01.170+0200] {logging_mixin.py:190} INFO - [2024-09-24T16:27:01.170+0200] {dag.py:3229} INFO - Sync 1 DAGs
[2024-09-24T16:27:01.188+0200] {logging_mixin.py:190} INFO - [2024-09-24T16:27:01.188+0200] {dag.py:4156} INFO - Setting next_dagrun for mi_dag_api to 2023-10-06 00:03:20+00:00, run_after=2023-10-06 00:03:25+00:00
[2024-09-24T16:27:01.213+0200] {processor.py:208} INFO - Processing /home/dperezs/data/pipeline/airflow/dags/dag_1.py took 0.084 seconds
[2024-09-24T16:27:32.977+0200] {processor.py:186} INFO - Started process (PID=49557) to work on /home/dperezs/data/pipeline/airflow/dags/dag_1.py
[2024-09-24T16:27:32.978+0200] {processor.py:914} INFO - Processing file /home/dperezs/data/pipeline/airflow/dags/dag_1.py for tasks to queue
[2024-09-24T16:27:32.979+0200] {logging_mixin.py:190} INFO - [2024-09-24T16:27:32.978+0200] {dagbag.py:587} INFO - Filling up the DagBag from /home/dperezs/data/pipeline/airflow/dags/dag_1.py
[2024-09-24T16:27:32.995+0200] {processor.py:925} INFO - DAG(s) 'mi_dag_api' retrieved from /home/dperezs/data/pipeline/airflow/dags/dag_1.py
[2024-09-24T16:27:33.015+0200] {logging_mixin.py:190} INFO - [2024-09-24T16:27:33.015+0200] {dag.py:3229} INFO - Sync 1 DAGs
[2024-09-24T16:27:33.036+0200] {logging_mixin.py:190} INFO - [2024-09-24T16:27:33.036+0200] {dag.py:4156} INFO - Setting next_dagrun for mi_dag_api to 2023-10-06 00:03:45+00:00, run_after=2023-10-06 00:03:50+00:00
[2024-09-24T16:27:33.064+0200] {processor.py:208} INFO - Processing /home/dperezs/data/pipeline/airflow/dags/dag_1.py took 0.094 seconds
[2024-09-24T16:28:04.034+0200] {processor.py:186} INFO - Started process (PID=50434) to work on /home/dperezs/data/pipeline/airflow/dags/dag_1.py
[2024-09-24T16:28:04.035+0200] {processor.py:914} INFO - Processing file /home/dperezs/data/pipeline/airflow/dags/dag_1.py for tasks to queue
[2024-09-24T16:28:04.037+0200] {logging_mixin.py:190} INFO - [2024-09-24T16:28:04.036+0200] {dagbag.py:587} INFO - Filling up the DagBag from /home/dperezs/data/pipeline/airflow/dags/dag_1.py
[2024-09-24T16:28:04.052+0200] {processor.py:925} INFO - DAG(s) 'mi_dag_api' retrieved from /home/dperezs/data/pipeline/airflow/dags/dag_1.py
[2024-09-24T16:28:04.071+0200] {logging_mixin.py:190} INFO - [2024-09-24T16:28:04.071+0200] {dag.py:3229} INFO - Sync 1 DAGs
[2024-09-24T16:28:04.090+0200] {logging_mixin.py:190} INFO - [2024-09-24T16:28:04.090+0200] {dag.py:4156} INFO - Setting next_dagrun for mi_dag_api to 2023-10-06 00:04:15+00:00, run_after=2023-10-06 00:04:20+00:00
[2024-09-24T16:28:04.115+0200] {processor.py:208} INFO - Processing /home/dperezs/data/pipeline/airflow/dags/dag_1.py took 0.087 seconds
[2024-09-24T16:28:40.287+0200] {processor.py:186} INFO - Started process (PID=51157) to work on /home/dperezs/data/pipeline/airflow/dags/dag_1.py
[2024-09-24T16:28:40.289+0200] {processor.py:914} INFO - Processing file /home/dperezs/data/pipeline/airflow/dags/dag_1.py for tasks to queue
[2024-09-24T16:28:40.290+0200] {logging_mixin.py:190} INFO - [2024-09-24T16:28:40.290+0200] {dagbag.py:587} INFO - Filling up the DagBag from /home/dperezs/data/pipeline/airflow/dags/dag_1.py
[2024-09-24T16:28:40.309+0200] {processor.py:925} INFO - DAG(s) 'mi_dag_api' retrieved from /home/dperezs/data/pipeline/airflow/dags/dag_1.py
[2024-09-24T16:28:40.327+0200] {logging_mixin.py:190} INFO - [2024-09-24T16:28:40.327+0200] {dag.py:3229} INFO - Sync 1 DAGs
[2024-09-24T16:28:40.346+0200] {logging_mixin.py:190} INFO - [2024-09-24T16:28:40.346+0200] {dag.py:4156} INFO - Setting next_dagrun for mi_dag_api to 2023-10-06 00:04:40+00:00, run_after=2023-10-06 00:04:45+00:00
[2024-09-24T16:28:40.371+0200] {processor.py:208} INFO - Processing /home/dperezs/data/pipeline/airflow/dags/dag_1.py took 0.091 seconds
