[2024-09-24T16:02:58.162+0200] {processor.py:186} INFO - Started process (PID=38289) to work on /home/dperezs/data/pipeline/venv/lib/python3.9/site-packages/airflow/example_dags/example_short_circuit_operator.py
[2024-09-24T16:02:58.163+0200] {processor.py:914} INFO - Processing file /home/dperezs/data/pipeline/venv/lib/python3.9/site-packages/airflow/example_dags/example_short_circuit_operator.py for tasks to queue
[2024-09-24T16:02:58.166+0200] {logging_mixin.py:190} INFO - [2024-09-24T16:02:58.165+0200] {dagbag.py:587} INFO - Filling up the DagBag from /home/dperezs/data/pipeline/venv/lib/python3.9/site-packages/airflow/example_dags/example_short_circuit_operator.py
[2024-09-24T16:02:58.175+0200] {processor.py:925} INFO - DAG(s) 'example_short_circuit_operator' retrieved from /home/dperezs/data/pipeline/venv/lib/python3.9/site-packages/airflow/example_dags/example_short_circuit_operator.py
[2024-09-24T16:02:58.513+0200] {logging_mixin.py:190} INFO - [2024-09-24T16:02:58.512+0200] {override.py:1900} INFO - Created Permission View: can edit on DAG:example_short_circuit_operator
[2024-09-24T16:02:58.533+0200] {logging_mixin.py:190} INFO - [2024-09-24T16:02:58.532+0200] {override.py:1900} INFO - Created Permission View: can read on DAG:example_short_circuit_operator
[2024-09-24T16:02:58.549+0200] {logging_mixin.py:190} INFO - [2024-09-24T16:02:58.549+0200] {override.py:1900} INFO - Created Permission View: can delete on DAG:example_short_circuit_operator
[2024-09-24T16:02:58.578+0200] {logging_mixin.py:190} INFO - [2024-09-24T16:02:58.578+0200] {override.py:1900} INFO - Created Permission View: can read on DAG Run:example_short_circuit_operator
[2024-09-24T16:02:58.596+0200] {logging_mixin.py:190} INFO - [2024-09-24T16:02:58.596+0200] {override.py:1900} INFO - Created Permission View: menu access on DAG Run:example_short_circuit_operator
[2024-09-24T16:02:58.615+0200] {logging_mixin.py:190} INFO - [2024-09-24T16:02:58.615+0200] {override.py:1900} INFO - Created Permission View: can delete on DAG Run:example_short_circuit_operator
[2024-09-24T16:02:58.632+0200] {logging_mixin.py:190} INFO - [2024-09-24T16:02:58.631+0200] {override.py:1900} INFO - Created Permission View: can create on DAG Run:example_short_circuit_operator
[2024-09-24T16:02:58.632+0200] {logging_mixin.py:190} INFO - [2024-09-24T16:02:58.632+0200] {dag.py:3229} INFO - Sync 1 DAGs
[2024-09-24T16:02:58.643+0200] {logging_mixin.py:190} INFO - [2024-09-24T16:02:58.643+0200] {dag.py:3252} INFO - Creating ORM DAG for example_short_circuit_operator
[2024-09-24T16:02:58.643+0200] {logging_mixin.py:190} INFO - [2024-09-24T16:02:58.643+0200] {dag.py:4156} INFO - Setting next_dagrun for example_short_circuit_operator to None, run_after=None
[2024-09-24T16:02:58.677+0200] {processor.py:208} INFO - Processing /home/dperezs/data/pipeline/venv/lib/python3.9/site-packages/airflow/example_dags/example_short_circuit_operator.py took 0.520 seconds
[2024-09-24T16:04:10.892+0200] {processor.py:186} INFO - Started process (PID=38595) to work on /home/dperezs/data/pipeline/venv/lib/python3.9/site-packages/airflow/example_dags/example_short_circuit_operator.py
[2024-09-24T16:04:10.893+0200] {processor.py:914} INFO - Processing file /home/dperezs/data/pipeline/venv/lib/python3.9/site-packages/airflow/example_dags/example_short_circuit_operator.py for tasks to queue
[2024-09-24T16:04:10.895+0200] {logging_mixin.py:190} INFO - [2024-09-24T16:04:10.895+0200] {dagbag.py:587} INFO - Filling up the DagBag from /home/dperezs/data/pipeline/venv/lib/python3.9/site-packages/airflow/example_dags/example_short_circuit_operator.py
[2024-09-24T16:04:10.903+0200] {processor.py:925} INFO - DAG(s) 'example_short_circuit_operator' retrieved from /home/dperezs/data/pipeline/venv/lib/python3.9/site-packages/airflow/example_dags/example_short_circuit_operator.py
[2024-09-24T16:04:10.918+0200] {logging_mixin.py:190} INFO - [2024-09-24T16:04:10.918+0200] {dag.py:3229} INFO - Sync 1 DAGs
[2024-09-24T16:04:10.928+0200] {logging_mixin.py:190} INFO - [2024-09-24T16:04:10.928+0200] {dag.py:4156} INFO - Setting next_dagrun for example_short_circuit_operator to None, run_after=None
[2024-09-24T16:04:10.954+0200] {processor.py:208} INFO - Processing /home/dperezs/data/pipeline/venv/lib/python3.9/site-packages/airflow/example_dags/example_short_circuit_operator.py took 0.068 seconds
