[2024-09-24T16:04:00.267+0200] {processor.py:186} INFO - Started process (PID=38580) to work on /home/dperezs/data/pipeline/venv/lib/python3.9/site-packages/airflow/example_dags/example_branch_datetime_operator.py
[2024-09-24T16:04:00.267+0200] {processor.py:914} INFO - Processing file /home/dperezs/data/pipeline/venv/lib/python3.9/site-packages/airflow/example_dags/example_branch_datetime_operator.py for tasks to queue
[2024-09-24T16:04:00.270+0200] {logging_mixin.py:190} INFO - [2024-09-24T16:04:00.269+0200] {dagbag.py:587} INFO - Filling up the DagBag from /home/dperezs/data/pipeline/venv/lib/python3.9/site-packages/airflow/example_dags/example_branch_datetime_operator.py
[2024-09-24T16:04:00.280+0200] {processor.py:925} INFO - DAG(s) 'example_branch_datetime_operator_3', 'example_branch_datetime_operator', 'example_branch_datetime_operator_2' retrieved from /home/dperezs/data/pipeline/venv/lib/python3.9/site-packages/airflow/example_dags/example_branch_datetime_operator.py
[2024-09-24T16:04:00.397+0200] {logging_mixin.py:190} INFO - [2024-09-24T16:04:00.396+0200] {override.py:1900} INFO - Created Permission View: can edit on DAG:example_branch_datetime_operator_3
[2024-09-24T16:04:00.416+0200] {logging_mixin.py:190} INFO - [2024-09-24T16:04:00.415+0200] {override.py:1900} INFO - Created Permission View: can read on DAG:example_branch_datetime_operator_3
[2024-09-24T16:04:00.433+0200] {logging_mixin.py:190} INFO - [2024-09-24T16:04:00.432+0200] {override.py:1900} INFO - Created Permission View: can delete on DAG:example_branch_datetime_operator_3
[2024-09-24T16:04:00.463+0200] {logging_mixin.py:190} INFO - [2024-09-24T16:04:00.463+0200] {override.py:1900} INFO - Created Permission View: can read on DAG Run:example_branch_datetime_operator_3
[2024-09-24T16:04:00.480+0200] {logging_mixin.py:190} INFO - [2024-09-24T16:04:00.480+0200] {override.py:1900} INFO - Created Permission View: menu access on DAG Run:example_branch_datetime_operator_3
[2024-09-24T16:04:00.498+0200] {logging_mixin.py:190} INFO - [2024-09-24T16:04:00.498+0200] {override.py:1900} INFO - Created Permission View: can delete on DAG Run:example_branch_datetime_operator_3
[2024-09-24T16:04:00.514+0200] {logging_mixin.py:190} INFO - [2024-09-24T16:04:00.513+0200] {override.py:1900} INFO - Created Permission View: can create on DAG Run:example_branch_datetime_operator_3
[2024-09-24T16:04:00.553+0200] {logging_mixin.py:190} INFO - [2024-09-24T16:04:00.553+0200] {override.py:1900} INFO - Created Permission View: can edit on DAG:example_branch_datetime_operator
[2024-09-24T16:04:00.572+0200] {logging_mixin.py:190} INFO - [2024-09-24T16:04:00.571+0200] {override.py:1900} INFO - Created Permission View: can read on DAG:example_branch_datetime_operator
[2024-09-24T16:04:00.591+0200] {logging_mixin.py:190} INFO - [2024-09-24T16:04:00.590+0200] {override.py:1900} INFO - Created Permission View: can delete on DAG:example_branch_datetime_operator
[2024-09-24T16:04:00.624+0200] {logging_mixin.py:190} INFO - [2024-09-24T16:04:00.623+0200] {override.py:1900} INFO - Created Permission View: can read on DAG Run:example_branch_datetime_operator
[2024-09-24T16:04:00.642+0200] {logging_mixin.py:190} INFO - [2024-09-24T16:04:00.641+0200] {override.py:1900} INFO - Created Permission View: menu access on DAG Run:example_branch_datetime_operator
[2024-09-24T16:04:00.661+0200] {logging_mixin.py:190} INFO - [2024-09-24T16:04:00.660+0200] {override.py:1900} INFO - Created Permission View: can delete on DAG Run:example_branch_datetime_operator
[2024-09-24T16:04:00.678+0200] {logging_mixin.py:190} INFO - [2024-09-24T16:04:00.678+0200] {override.py:1900} INFO - Created Permission View: can create on DAG Run:example_branch_datetime_operator
[2024-09-24T16:04:00.716+0200] {logging_mixin.py:190} INFO - [2024-09-24T16:04:00.716+0200] {override.py:1900} INFO - Created Permission View: can edit on DAG:example_branch_datetime_operator_2
[2024-09-24T16:04:00.734+0200] {logging_mixin.py:190} INFO - [2024-09-24T16:04:00.733+0200] {override.py:1900} INFO - Created Permission View: can read on DAG:example_branch_datetime_operator_2
[2024-09-24T16:04:00.751+0200] {logging_mixin.py:190} INFO - [2024-09-24T16:04:00.750+0200] {override.py:1900} INFO - Created Permission View: can delete on DAG:example_branch_datetime_operator_2
[2024-09-24T16:04:00.781+0200] {logging_mixin.py:190} INFO - [2024-09-24T16:04:00.780+0200] {override.py:1900} INFO - Created Permission View: can read on DAG Run:example_branch_datetime_operator_2
[2024-09-24T16:04:00.797+0200] {logging_mixin.py:190} INFO - [2024-09-24T16:04:00.796+0200] {override.py:1900} INFO - Created Permission View: menu access on DAG Run:example_branch_datetime_operator_2
[2024-09-24T16:04:00.820+0200] {logging_mixin.py:190} INFO - [2024-09-24T16:04:00.819+0200] {override.py:1900} INFO - Created Permission View: can delete on DAG Run:example_branch_datetime_operator_2
[2024-09-24T16:04:00.838+0200] {logging_mixin.py:190} INFO - [2024-09-24T16:04:00.838+0200] {override.py:1900} INFO - Created Permission View: can create on DAG Run:example_branch_datetime_operator_2
[2024-09-24T16:04:00.839+0200] {logging_mixin.py:190} INFO - [2024-09-24T16:04:00.839+0200] {dag.py:3229} INFO - Sync 3 DAGs
[2024-09-24T16:04:00.850+0200] {logging_mixin.py:190} INFO - [2024-09-24T16:04:00.850+0200] {dag.py:3252} INFO - Creating ORM DAG for example_branch_datetime_operator_3
[2024-09-24T16:04:00.850+0200] {logging_mixin.py:190} INFO - [2024-09-24T16:04:00.850+0200] {dag.py:3252} INFO - Creating ORM DAG for example_branch_datetime_operator
[2024-09-24T16:04:00.851+0200] {logging_mixin.py:190} INFO - [2024-09-24T16:04:00.851+0200] {dag.py:3252} INFO - Creating ORM DAG for example_branch_datetime_operator_2
[2024-09-24T16:04:00.860+0200] {logging_mixin.py:190} INFO - [2024-09-24T16:04:00.860+0200] {dag.py:4156} INFO - Setting next_dagrun for example_branch_datetime_operator to 2024-09-23 00:00:00+00:00, run_after=2024-09-24 00:00:00+00:00
[2024-09-24T16:04:00.861+0200] {logging_mixin.py:190} INFO - [2024-09-24T16:04:00.861+0200] {dag.py:4156} INFO - Setting next_dagrun for example_branch_datetime_operator_2 to 2024-09-23 00:00:00+00:00, run_after=2024-09-24 00:00:00+00:00
[2024-09-24T16:04:00.863+0200] {logging_mixin.py:190} INFO - [2024-09-24T16:04:00.862+0200] {dag.py:4156} INFO - Setting next_dagrun for example_branch_datetime_operator_3 to 2024-09-23 00:00:00+00:00, run_after=2024-09-24 00:00:00+00:00
[2024-09-24T16:04:00.894+0200] {processor.py:208} INFO - Processing /home/dperezs/data/pipeline/venv/lib/python3.9/site-packages/airflow/example_dags/example_branch_datetime_operator.py took 0.633 seconds
