[2024-09-24T16:03:08.555+0200] {processor.py:186} INFO - Started process (PID=38455) to work on /home/dperezs/data/pipeline/venv/lib/python3.9/site-packages/airflow/example_dags/example_setup_teardown_taskflow.py
[2024-09-24T16:03:08.556+0200] {processor.py:914} INFO - Processing file /home/dperezs/data/pipeline/venv/lib/python3.9/site-packages/airflow/example_dags/example_setup_teardown_taskflow.py for tasks to queue
[2024-09-24T16:03:08.558+0200] {logging_mixin.py:190} INFO - [2024-09-24T16:03:08.557+0200] {dagbag.py:587} INFO - Filling up the DagBag from /home/dperezs/data/pipeline/venv/lib/python3.9/site-packages/airflow/example_dags/example_setup_teardown_taskflow.py
[2024-09-24T16:03:08.571+0200] {processor.py:925} INFO - DAG(s) 'example_setup_teardown_taskflow' retrieved from /home/dperezs/data/pipeline/venv/lib/python3.9/site-packages/airflow/example_dags/example_setup_teardown_taskflow.py
[2024-09-24T16:03:08.675+0200] {logging_mixin.py:190} INFO - [2024-09-24T16:03:08.674+0200] {override.py:1900} INFO - Created Permission View: can edit on DAG:example_setup_teardown_taskflow
[2024-09-24T16:03:08.697+0200] {logging_mixin.py:190} INFO - [2024-09-24T16:03:08.696+0200] {override.py:1900} INFO - Created Permission View: can read on DAG:example_setup_teardown_taskflow
[2024-09-24T16:03:08.713+0200] {logging_mixin.py:190} INFO - [2024-09-24T16:03:08.712+0200] {override.py:1900} INFO - Created Permission View: can delete on DAG:example_setup_teardown_taskflow
[2024-09-24T16:03:08.740+0200] {logging_mixin.py:190} INFO - [2024-09-24T16:03:08.739+0200] {override.py:1900} INFO - Created Permission View: can read on DAG Run:example_setup_teardown_taskflow
[2024-09-24T16:03:08.755+0200] {logging_mixin.py:190} INFO - [2024-09-24T16:03:08.754+0200] {override.py:1900} INFO - Created Permission View: menu access on DAG Run:example_setup_teardown_taskflow
[2024-09-24T16:03:08.770+0200] {logging_mixin.py:190} INFO - [2024-09-24T16:03:08.770+0200] {override.py:1900} INFO - Created Permission View: can delete on DAG Run:example_setup_teardown_taskflow
[2024-09-24T16:03:08.785+0200] {logging_mixin.py:190} INFO - [2024-09-24T16:03:08.785+0200] {override.py:1900} INFO - Created Permission View: can create on DAG Run:example_setup_teardown_taskflow
[2024-09-24T16:03:08.786+0200] {logging_mixin.py:190} INFO - [2024-09-24T16:03:08.785+0200] {dag.py:3229} INFO - Sync 1 DAGs
[2024-09-24T16:03:08.795+0200] {logging_mixin.py:190} INFO - [2024-09-24T16:03:08.795+0200] {dag.py:3252} INFO - Creating ORM DAG for example_setup_teardown_taskflow
[2024-09-24T16:03:08.796+0200] {logging_mixin.py:190} INFO - [2024-09-24T16:03:08.796+0200] {dag.py:4156} INFO - Setting next_dagrun for example_setup_teardown_taskflow to None, run_after=None
[2024-09-24T16:03:08.821+0200] {processor.py:208} INFO - Processing /home/dperezs/data/pipeline/venv/lib/python3.9/site-packages/airflow/example_dags/example_setup_teardown_taskflow.py took 0.271 seconds
[2024-09-24T16:04:16.938+0200] {processor.py:186} INFO - Started process (PID=38603) to work on /home/dperezs/data/pipeline/venv/lib/python3.9/site-packages/airflow/example_dags/example_setup_teardown_taskflow.py
[2024-09-24T16:04:16.939+0200] {processor.py:914} INFO - Processing file /home/dperezs/data/pipeline/venv/lib/python3.9/site-packages/airflow/example_dags/example_setup_teardown_taskflow.py for tasks to queue
[2024-09-24T16:04:16.941+0200] {logging_mixin.py:190} INFO - [2024-09-24T16:04:16.941+0200] {dagbag.py:587} INFO - Filling up the DagBag from /home/dperezs/data/pipeline/venv/lib/python3.9/site-packages/airflow/example_dags/example_setup_teardown_taskflow.py
[2024-09-24T16:04:16.955+0200] {processor.py:925} INFO - DAG(s) 'example_setup_teardown_taskflow' retrieved from /home/dperezs/data/pipeline/venv/lib/python3.9/site-packages/airflow/example_dags/example_setup_teardown_taskflow.py
[2024-09-24T16:04:16.971+0200] {logging_mixin.py:190} INFO - [2024-09-24T16:04:16.970+0200] {dag.py:3229} INFO - Sync 1 DAGs
[2024-09-24T16:04:16.981+0200] {logging_mixin.py:190} INFO - [2024-09-24T16:04:16.981+0200] {dag.py:4156} INFO - Setting next_dagrun for example_setup_teardown_taskflow to None, run_after=None
[2024-09-24T16:04:17.006+0200] {processor.py:208} INFO - Processing /home/dperezs/data/pipeline/venv/lib/python3.9/site-packages/airflow/example_dags/example_setup_teardown_taskflow.py took 0.075 seconds
