[2024-09-24T16:03:47.240+0200] {processor.py:186} INFO - Started process (PID=38503) to work on /home/dperezs/data/pipeline/venv/lib/python3.9/site-packages/airflow/example_dags/example_dataset_alias_with_no_taskflow.py
[2024-09-24T16:03:47.240+0200] {processor.py:914} INFO - Processing file /home/dperezs/data/pipeline/venv/lib/python3.9/site-packages/airflow/example_dags/example_dataset_alias_with_no_taskflow.py for tasks to queue
[2024-09-24T16:03:47.243+0200] {logging_mixin.py:190} INFO - [2024-09-24T16:03:47.242+0200] {dagbag.py:587} INFO - Filling up the DagBag from /home/dperezs/data/pipeline/venv/lib/python3.9/site-packages/airflow/example_dags/example_dataset_alias_with_no_taskflow.py
[2024-09-24T16:03:47.259+0200] {processor.py:925} INFO - DAG(s) 'dataset_s3_bucket_consumer_with_no_taskflow', 'dataset_alias_example_alias_consumer_with_no_taskflow', 'dataset_s3_bucket_producer_with_no_taskflow', 'dataset_alias_example_alias_producer_with_no_taskflow' retrieved from /home/dperezs/data/pipeline/venv/lib/python3.9/site-packages/airflow/example_dags/example_dataset_alias_with_no_taskflow.py
[2024-09-24T16:03:47.353+0200] {logging_mixin.py:190} INFO - [2024-09-24T16:03:47.352+0200] {override.py:1900} INFO - Created Permission View: can edit on DAG:dataset_s3_bucket_consumer_with_no_taskflow
[2024-09-24T16:03:47.374+0200] {logging_mixin.py:190} INFO - [2024-09-24T16:03:47.373+0200] {override.py:1900} INFO - Created Permission View: can read on DAG:dataset_s3_bucket_consumer_with_no_taskflow
[2024-09-24T16:03:47.393+0200] {logging_mixin.py:190} INFO - [2024-09-24T16:03:47.392+0200] {override.py:1900} INFO - Created Permission View: can delete on DAG:dataset_s3_bucket_consumer_with_no_taskflow
[2024-09-24T16:03:47.419+0200] {logging_mixin.py:190} INFO - [2024-09-24T16:03:47.419+0200] {override.py:1900} INFO - Created Permission View: can read on DAG Run:dataset_s3_bucket_consumer_with_no_taskflow
[2024-09-24T16:03:47.435+0200] {logging_mixin.py:190} INFO - [2024-09-24T16:03:47.435+0200] {override.py:1900} INFO - Created Permission View: menu access on DAG Run:dataset_s3_bucket_consumer_with_no_taskflow
[2024-09-24T16:03:47.450+0200] {logging_mixin.py:190} INFO - [2024-09-24T16:03:47.450+0200] {override.py:1900} INFO - Created Permission View: can delete on DAG Run:dataset_s3_bucket_consumer_with_no_taskflow
[2024-09-24T16:03:47.465+0200] {logging_mixin.py:190} INFO - [2024-09-24T16:03:47.465+0200] {override.py:1900} INFO - Created Permission View: can create on DAG Run:dataset_s3_bucket_consumer_with_no_taskflow
[2024-09-24T16:03:47.499+0200] {logging_mixin.py:190} INFO - [2024-09-24T16:03:47.499+0200] {override.py:1900} INFO - Created Permission View: can edit on DAG:dataset_alias_example_alias_consumer_with_no_taskflow
[2024-09-24T16:03:47.515+0200] {logging_mixin.py:190} INFO - [2024-09-24T16:03:47.515+0200] {override.py:1900} INFO - Created Permission View: can read on DAG:dataset_alias_example_alias_consumer_with_no_taskflow
[2024-09-24T16:03:47.531+0200] {logging_mixin.py:190} INFO - [2024-09-24T16:03:47.531+0200] {override.py:1900} INFO - Created Permission View: can delete on DAG:dataset_alias_example_alias_consumer_with_no_taskflow
[2024-09-24T16:03:47.557+0200] {logging_mixin.py:190} INFO - [2024-09-24T16:03:47.557+0200] {override.py:1900} INFO - Created Permission View: can read on DAG Run:dataset_alias_example_alias_consumer_with_no_taskflow
[2024-09-24T16:03:47.572+0200] {logging_mixin.py:190} INFO - [2024-09-24T16:03:47.572+0200] {override.py:1900} INFO - Created Permission View: menu access on DAG Run:dataset_alias_example_alias_consumer_with_no_taskflow
[2024-09-24T16:03:47.587+0200] {logging_mixin.py:190} INFO - [2024-09-24T16:03:47.587+0200] {override.py:1900} INFO - Created Permission View: can delete on DAG Run:dataset_alias_example_alias_consumer_with_no_taskflow
[2024-09-24T16:03:47.603+0200] {logging_mixin.py:190} INFO - [2024-09-24T16:03:47.603+0200] {override.py:1900} INFO - Created Permission View: can create on DAG Run:dataset_alias_example_alias_consumer_with_no_taskflow
[2024-09-24T16:03:47.637+0200] {logging_mixin.py:190} INFO - [2024-09-24T16:03:47.637+0200] {override.py:1900} INFO - Created Permission View: can edit on DAG:dataset_s3_bucket_producer_with_no_taskflow
[2024-09-24T16:03:47.654+0200] {logging_mixin.py:190} INFO - [2024-09-24T16:03:47.653+0200] {override.py:1900} INFO - Created Permission View: can read on DAG:dataset_s3_bucket_producer_with_no_taskflow
[2024-09-24T16:03:47.669+0200] {logging_mixin.py:190} INFO - [2024-09-24T16:03:47.668+0200] {override.py:1900} INFO - Created Permission View: can delete on DAG:dataset_s3_bucket_producer_with_no_taskflow
[2024-09-24T16:03:47.699+0200] {logging_mixin.py:190} INFO - [2024-09-24T16:03:47.698+0200] {override.py:1900} INFO - Created Permission View: can read on DAG Run:dataset_s3_bucket_producer_with_no_taskflow
[2024-09-24T16:03:47.713+0200] {logging_mixin.py:190} INFO - [2024-09-24T16:03:47.713+0200] {override.py:1900} INFO - Created Permission View: menu access on DAG Run:dataset_s3_bucket_producer_with_no_taskflow
[2024-09-24T16:03:47.729+0200] {logging_mixin.py:190} INFO - [2024-09-24T16:03:47.728+0200] {override.py:1900} INFO - Created Permission View: can delete on DAG Run:dataset_s3_bucket_producer_with_no_taskflow
[2024-09-24T16:03:47.746+0200] {logging_mixin.py:190} INFO - [2024-09-24T16:03:47.745+0200] {override.py:1900} INFO - Created Permission View: can create on DAG Run:dataset_s3_bucket_producer_with_no_taskflow
[2024-09-24T16:03:47.780+0200] {logging_mixin.py:190} INFO - [2024-09-24T16:03:47.780+0200] {override.py:1900} INFO - Created Permission View: can edit on DAG:dataset_alias_example_alias_producer_with_no_taskflow
[2024-09-24T16:03:47.795+0200] {logging_mixin.py:190} INFO - [2024-09-24T16:03:47.795+0200] {override.py:1900} INFO - Created Permission View: can read on DAG:dataset_alias_example_alias_producer_with_no_taskflow
[2024-09-24T16:03:47.816+0200] {logging_mixin.py:190} INFO - [2024-09-24T16:03:47.816+0200] {override.py:1900} INFO - Created Permission View: can delete on DAG:dataset_alias_example_alias_producer_with_no_taskflow
[2024-09-24T16:03:47.842+0200] {logging_mixin.py:190} INFO - [2024-09-24T16:03:47.842+0200] {override.py:1900} INFO - Created Permission View: can read on DAG Run:dataset_alias_example_alias_producer_with_no_taskflow
[2024-09-24T16:03:47.857+0200] {logging_mixin.py:190} INFO - [2024-09-24T16:03:47.857+0200] {override.py:1900} INFO - Created Permission View: menu access on DAG Run:dataset_alias_example_alias_producer_with_no_taskflow
[2024-09-24T16:03:47.873+0200] {logging_mixin.py:190} INFO - [2024-09-24T16:03:47.872+0200] {override.py:1900} INFO - Created Permission View: can delete on DAG Run:dataset_alias_example_alias_producer_with_no_taskflow
[2024-09-24T16:03:47.889+0200] {logging_mixin.py:190} INFO - [2024-09-24T16:03:47.888+0200] {override.py:1900} INFO - Created Permission View: can create on DAG Run:dataset_alias_example_alias_producer_with_no_taskflow
[2024-09-24T16:03:47.889+0200] {logging_mixin.py:190} INFO - [2024-09-24T16:03:47.889+0200] {dag.py:3229} INFO - Sync 4 DAGs
[2024-09-24T16:03:47.898+0200] {logging_mixin.py:190} INFO - [2024-09-24T16:03:47.898+0200] {dag.py:3252} INFO - Creating ORM DAG for dataset_s3_bucket_consumer_with_no_taskflow
[2024-09-24T16:03:47.899+0200] {logging_mixin.py:190} INFO - [2024-09-24T16:03:47.899+0200] {dag.py:3252} INFO - Creating ORM DAG for dataset_alias_example_alias_consumer_with_no_taskflow
[2024-09-24T16:03:47.899+0200] {logging_mixin.py:190} INFO - [2024-09-24T16:03:47.899+0200] {dag.py:3252} INFO - Creating ORM DAG for dataset_alias_example_alias_producer_with_no_taskflow
[2024-09-24T16:03:47.900+0200] {logging_mixin.py:190} INFO - [2024-09-24T16:03:47.900+0200] {dag.py:3252} INFO - Creating ORM DAG for dataset_s3_bucket_producer_with_no_taskflow
[2024-09-24T16:03:47.908+0200] {logging_mixin.py:190} INFO - [2024-09-24T16:03:47.908+0200] {dag.py:4156} INFO - Setting next_dagrun for dataset_alias_example_alias_consumer_with_no_taskflow to None, run_after=None
[2024-09-24T16:03:47.908+0200] {logging_mixin.py:190} INFO - [2024-09-24T16:03:47.908+0200] {dag.py:4156} INFO - Setting next_dagrun for dataset_alias_example_alias_producer_with_no_taskflow to None, run_after=None
[2024-09-24T16:03:47.909+0200] {logging_mixin.py:190} INFO - [2024-09-24T16:03:47.909+0200] {dag.py:4156} INFO - Setting next_dagrun for dataset_s3_bucket_consumer_with_no_taskflow to None, run_after=None
[2024-09-24T16:03:47.909+0200] {logging_mixin.py:190} INFO - [2024-09-24T16:03:47.909+0200] {dag.py:4156} INFO - Setting next_dagrun for dataset_s3_bucket_producer_with_no_taskflow to None, run_after=None
[2024-09-24T16:03:47.969+0200] {processor.py:208} INFO - Processing /home/dperezs/data/pipeline/venv/lib/python3.9/site-packages/airflow/example_dags/example_dataset_alias_with_no_taskflow.py took 0.735 seconds
