[2024-09-24T16:03:44.590+0200] {processor.py:186} INFO - Started process (PID=38502) to work on /home/dperezs/data/pipeline/venv/lib/python3.9/site-packages/airflow/example_dags/example_datasets.py
[2024-09-24T16:03:44.591+0200] {processor.py:914} INFO - Processing file /home/dperezs/data/pipeline/venv/lib/python3.9/site-packages/airflow/example_dags/example_datasets.py for tasks to queue
[2024-09-24T16:03:44.593+0200] {logging_mixin.py:190} INFO - [2024-09-24T16:03:44.593+0200] {dagbag.py:587} INFO - Filling up the DagBag from /home/dperezs/data/pipeline/venv/lib/python3.9/site-packages/airflow/example_dags/example_datasets.py
[2024-09-24T16:03:44.611+0200] {processor.py:925} INFO - DAG(s) 'consume_1_or_2_with_dataset_expressions', 'dataset_produces_1', 'dataset_consumes_unknown_never_scheduled', 'conditional_dataset_and_time_based_timetable', 'dataset_consumes_1_and_2', 'dataset_consumes_1', 'dataset_consumes_1_never_scheduled', 'dataset_produces_2', 'consume_1_or_both_2_and_3_with_dataset_expressions', 'consume_1_and_2_with_dataset_expressions' retrieved from /home/dperezs/data/pipeline/venv/lib/python3.9/site-packages/airflow/example_dags/example_datasets.py
[2024-09-24T16:03:44.716+0200] {logging_mixin.py:190} INFO - [2024-09-24T16:03:44.715+0200] {override.py:1900} INFO - Created Permission View: can edit on DAG:consume_1_or_2_with_dataset_expressions
[2024-09-24T16:03:44.734+0200] {logging_mixin.py:190} INFO - [2024-09-24T16:03:44.733+0200] {override.py:1900} INFO - Created Permission View: can read on DAG:consume_1_or_2_with_dataset_expressions
[2024-09-24T16:03:44.749+0200] {logging_mixin.py:190} INFO - [2024-09-24T16:03:44.749+0200] {override.py:1900} INFO - Created Permission View: can delete on DAG:consume_1_or_2_with_dataset_expressions
[2024-09-24T16:03:44.777+0200] {logging_mixin.py:190} INFO - [2024-09-24T16:03:44.776+0200] {override.py:1900} INFO - Created Permission View: can read on DAG Run:consume_1_or_2_with_dataset_expressions
[2024-09-24T16:03:44.791+0200] {logging_mixin.py:190} INFO - [2024-09-24T16:03:44.791+0200] {override.py:1900} INFO - Created Permission View: menu access on DAG Run:consume_1_or_2_with_dataset_expressions
[2024-09-24T16:03:44.811+0200] {logging_mixin.py:190} INFO - [2024-09-24T16:03:44.810+0200] {override.py:1900} INFO - Created Permission View: can delete on DAG Run:consume_1_or_2_with_dataset_expressions
[2024-09-24T16:03:44.825+0200] {logging_mixin.py:190} INFO - [2024-09-24T16:03:44.825+0200] {override.py:1900} INFO - Created Permission View: can create on DAG Run:consume_1_or_2_with_dataset_expressions
[2024-09-24T16:03:44.859+0200] {logging_mixin.py:190} INFO - [2024-09-24T16:03:44.858+0200] {override.py:1900} INFO - Created Permission View: can edit on DAG:dataset_produces_1
[2024-09-24T16:03:44.874+0200] {logging_mixin.py:190} INFO - [2024-09-24T16:03:44.873+0200] {override.py:1900} INFO - Created Permission View: can read on DAG:dataset_produces_1
[2024-09-24T16:03:44.889+0200] {logging_mixin.py:190} INFO - [2024-09-24T16:03:44.888+0200] {override.py:1900} INFO - Created Permission View: can delete on DAG:dataset_produces_1
[2024-09-24T16:03:44.915+0200] {logging_mixin.py:190} INFO - [2024-09-24T16:03:44.914+0200] {override.py:1900} INFO - Created Permission View: can read on DAG Run:dataset_produces_1
[2024-09-24T16:03:44.930+0200] {logging_mixin.py:190} INFO - [2024-09-24T16:03:44.929+0200] {override.py:1900} INFO - Created Permission View: menu access on DAG Run:dataset_produces_1
[2024-09-24T16:03:44.946+0200] {logging_mixin.py:190} INFO - [2024-09-24T16:03:44.945+0200] {override.py:1900} INFO - Created Permission View: can delete on DAG Run:dataset_produces_1
[2024-09-24T16:03:44.961+0200] {logging_mixin.py:190} INFO - [2024-09-24T16:03:44.961+0200] {override.py:1900} INFO - Created Permission View: can create on DAG Run:dataset_produces_1
[2024-09-24T16:03:44.993+0200] {logging_mixin.py:190} INFO - [2024-09-24T16:03:44.993+0200] {override.py:1900} INFO - Created Permission View: can edit on DAG:dataset_consumes_unknown_never_scheduled
[2024-09-24T16:03:45.008+0200] {logging_mixin.py:190} INFO - [2024-09-24T16:03:45.008+0200] {override.py:1900} INFO - Created Permission View: can read on DAG:dataset_consumes_unknown_never_scheduled
[2024-09-24T16:03:45.023+0200] {logging_mixin.py:190} INFO - [2024-09-24T16:03:45.023+0200] {override.py:1900} INFO - Created Permission View: can delete on DAG:dataset_consumes_unknown_never_scheduled
[2024-09-24T16:03:45.050+0200] {logging_mixin.py:190} INFO - [2024-09-24T16:03:45.050+0200] {override.py:1900} INFO - Created Permission View: can read on DAG Run:dataset_consumes_unknown_never_scheduled
[2024-09-24T16:03:45.065+0200] {logging_mixin.py:190} INFO - [2024-09-24T16:03:45.064+0200] {override.py:1900} INFO - Created Permission View: menu access on DAG Run:dataset_consumes_unknown_never_scheduled
[2024-09-24T16:03:45.080+0200] {logging_mixin.py:190} INFO - [2024-09-24T16:03:45.079+0200] {override.py:1900} INFO - Created Permission View: can delete on DAG Run:dataset_consumes_unknown_never_scheduled
[2024-09-24T16:03:45.095+0200] {logging_mixin.py:190} INFO - [2024-09-24T16:03:45.094+0200] {override.py:1900} INFO - Created Permission View: can create on DAG Run:dataset_consumes_unknown_never_scheduled
[2024-09-24T16:03:45.127+0200] {logging_mixin.py:190} INFO - [2024-09-24T16:03:45.127+0200] {override.py:1900} INFO - Created Permission View: can edit on DAG:conditional_dataset_and_time_based_timetable
[2024-09-24T16:03:45.142+0200] {logging_mixin.py:190} INFO - [2024-09-24T16:03:45.141+0200] {override.py:1900} INFO - Created Permission View: can read on DAG:conditional_dataset_and_time_based_timetable
[2024-09-24T16:03:45.156+0200] {logging_mixin.py:190} INFO - [2024-09-24T16:03:45.155+0200] {override.py:1900} INFO - Created Permission View: can delete on DAG:conditional_dataset_and_time_based_timetable
[2024-09-24T16:03:45.182+0200] {logging_mixin.py:190} INFO - [2024-09-24T16:03:45.181+0200] {override.py:1900} INFO - Created Permission View: can read on DAG Run:conditional_dataset_and_time_based_timetable
[2024-09-24T16:03:45.196+0200] {logging_mixin.py:190} INFO - [2024-09-24T16:03:45.196+0200] {override.py:1900} INFO - Created Permission View: menu access on DAG Run:conditional_dataset_and_time_based_timetable
[2024-09-24T16:03:45.213+0200] {logging_mixin.py:190} INFO - [2024-09-24T16:03:45.212+0200] {override.py:1900} INFO - Created Permission View: can delete on DAG Run:conditional_dataset_and_time_based_timetable
[2024-09-24T16:03:45.229+0200] {logging_mixin.py:190} INFO - [2024-09-24T16:03:45.229+0200] {override.py:1900} INFO - Created Permission View: can create on DAG Run:conditional_dataset_and_time_based_timetable
[2024-09-24T16:03:45.263+0200] {logging_mixin.py:190} INFO - [2024-09-24T16:03:45.263+0200] {override.py:1900} INFO - Created Permission View: can edit on DAG:dataset_consumes_1_and_2
[2024-09-24T16:03:45.305+0200] {logging_mixin.py:190} INFO - [2024-09-24T16:03:45.305+0200] {override.py:1900} INFO - Created Permission View: can read on DAG:dataset_consumes_1_and_2
[2024-09-24T16:03:45.321+0200] {logging_mixin.py:190} INFO - [2024-09-24T16:03:45.320+0200] {override.py:1900} INFO - Created Permission View: can delete on DAG:dataset_consumes_1_and_2
[2024-09-24T16:03:45.347+0200] {logging_mixin.py:190} INFO - [2024-09-24T16:03:45.347+0200] {override.py:1900} INFO - Created Permission View: can read on DAG Run:dataset_consumes_1_and_2
[2024-09-24T16:03:45.364+0200] {logging_mixin.py:190} INFO - [2024-09-24T16:03:45.364+0200] {override.py:1900} INFO - Created Permission View: menu access on DAG Run:dataset_consumes_1_and_2
[2024-09-24T16:03:45.383+0200] {logging_mixin.py:190} INFO - [2024-09-24T16:03:45.381+0200] {override.py:1900} INFO - Created Permission View: can delete on DAG Run:dataset_consumes_1_and_2
[2024-09-24T16:03:45.411+0200] {logging_mixin.py:190} INFO - [2024-09-24T16:03:45.410+0200] {override.py:1900} INFO - Created Permission View: can create on DAG Run:dataset_consumes_1_and_2
[2024-09-24T16:03:45.455+0200] {logging_mixin.py:190} INFO - [2024-09-24T16:03:45.455+0200] {override.py:1900} INFO - Created Permission View: can edit on DAG:dataset_consumes_1
[2024-09-24T16:03:45.471+0200] {logging_mixin.py:190} INFO - [2024-09-24T16:03:45.471+0200] {override.py:1900} INFO - Created Permission View: can read on DAG:dataset_consumes_1
[2024-09-24T16:03:45.487+0200] {logging_mixin.py:190} INFO - [2024-09-24T16:03:45.486+0200] {override.py:1900} INFO - Created Permission View: can delete on DAG:dataset_consumes_1
[2024-09-24T16:03:45.515+0200] {logging_mixin.py:190} INFO - [2024-09-24T16:03:45.515+0200] {override.py:1900} INFO - Created Permission View: can read on DAG Run:dataset_consumes_1
[2024-09-24T16:03:45.530+0200] {logging_mixin.py:190} INFO - [2024-09-24T16:03:45.530+0200] {override.py:1900} INFO - Created Permission View: menu access on DAG Run:dataset_consumes_1
[2024-09-24T16:03:45.545+0200] {logging_mixin.py:190} INFO - [2024-09-24T16:03:45.545+0200] {override.py:1900} INFO - Created Permission View: can delete on DAG Run:dataset_consumes_1
[2024-09-24T16:03:45.560+0200] {logging_mixin.py:190} INFO - [2024-09-24T16:03:45.559+0200] {override.py:1900} INFO - Created Permission View: can create on DAG Run:dataset_consumes_1
[2024-09-24T16:03:45.592+0200] {logging_mixin.py:190} INFO - [2024-09-24T16:03:45.592+0200] {override.py:1900} INFO - Created Permission View: can edit on DAG:dataset_consumes_1_never_scheduled
[2024-09-24T16:03:45.607+0200] {logging_mixin.py:190} INFO - [2024-09-24T16:03:45.607+0200] {override.py:1900} INFO - Created Permission View: can read on DAG:dataset_consumes_1_never_scheduled
[2024-09-24T16:03:45.625+0200] {logging_mixin.py:190} INFO - [2024-09-24T16:03:45.624+0200] {override.py:1900} INFO - Created Permission View: can delete on DAG:dataset_consumes_1_never_scheduled
[2024-09-24T16:03:45.651+0200] {logging_mixin.py:190} INFO - [2024-09-24T16:03:45.650+0200] {override.py:1900} INFO - Created Permission View: can read on DAG Run:dataset_consumes_1_never_scheduled
[2024-09-24T16:03:45.667+0200] {logging_mixin.py:190} INFO - [2024-09-24T16:03:45.666+0200] {override.py:1900} INFO - Created Permission View: menu access on DAG Run:dataset_consumes_1_never_scheduled
[2024-09-24T16:03:45.682+0200] {logging_mixin.py:190} INFO - [2024-09-24T16:03:45.682+0200] {override.py:1900} INFO - Created Permission View: can delete on DAG Run:dataset_consumes_1_never_scheduled
[2024-09-24T16:03:45.700+0200] {logging_mixin.py:190} INFO - [2024-09-24T16:03:45.699+0200] {override.py:1900} INFO - Created Permission View: can create on DAG Run:dataset_consumes_1_never_scheduled
[2024-09-24T16:03:45.733+0200] {logging_mixin.py:190} INFO - [2024-09-24T16:03:45.732+0200] {override.py:1900} INFO - Created Permission View: can edit on DAG:dataset_produces_2
[2024-09-24T16:03:45.747+0200] {logging_mixin.py:190} INFO - [2024-09-24T16:03:45.747+0200] {override.py:1900} INFO - Created Permission View: can read on DAG:dataset_produces_2
[2024-09-24T16:03:45.763+0200] {logging_mixin.py:190} INFO - [2024-09-24T16:03:45.763+0200] {override.py:1900} INFO - Created Permission View: can delete on DAG:dataset_produces_2
[2024-09-24T16:03:45.790+0200] {logging_mixin.py:190} INFO - [2024-09-24T16:03:45.790+0200] {override.py:1900} INFO - Created Permission View: can read on DAG Run:dataset_produces_2
[2024-09-24T16:03:45.805+0200] {logging_mixin.py:190} INFO - [2024-09-24T16:03:45.804+0200] {override.py:1900} INFO - Created Permission View: menu access on DAG Run:dataset_produces_2
[2024-09-24T16:03:45.821+0200] {logging_mixin.py:190} INFO - [2024-09-24T16:03:45.820+0200] {override.py:1900} INFO - Created Permission View: can delete on DAG Run:dataset_produces_2
[2024-09-24T16:03:45.835+0200] {logging_mixin.py:190} INFO - [2024-09-24T16:03:45.835+0200] {override.py:1900} INFO - Created Permission View: can create on DAG Run:dataset_produces_2
[2024-09-24T16:03:45.867+0200] {logging_mixin.py:190} INFO - [2024-09-24T16:03:45.866+0200] {override.py:1900} INFO - Created Permission View: can edit on DAG:consume_1_or_both_2_and_3_with_dataset_expressions
[2024-09-24T16:03:45.882+0200] {logging_mixin.py:190} INFO - [2024-09-24T16:03:45.881+0200] {override.py:1900} INFO - Created Permission View: can read on DAG:consume_1_or_both_2_and_3_with_dataset_expressions
[2024-09-24T16:03:45.897+0200] {logging_mixin.py:190} INFO - [2024-09-24T16:03:45.897+0200] {override.py:1900} INFO - Created Permission View: can delete on DAG:consume_1_or_both_2_and_3_with_dataset_expressions
[2024-09-24T16:03:45.923+0200] {logging_mixin.py:190} INFO - [2024-09-24T16:03:45.923+0200] {override.py:1900} INFO - Created Permission View: can read on DAG Run:consume_1_or_both_2_and_3_with_dataset_expressions
[2024-09-24T16:03:45.938+0200] {logging_mixin.py:190} INFO - [2024-09-24T16:03:45.938+0200] {override.py:1900} INFO - Created Permission View: menu access on DAG Run:consume_1_or_both_2_and_3_with_dataset_expressions
[2024-09-24T16:03:45.953+0200] {logging_mixin.py:190} INFO - [2024-09-24T16:03:45.953+0200] {override.py:1900} INFO - Created Permission View: can delete on DAG Run:consume_1_or_both_2_and_3_with_dataset_expressions
[2024-09-24T16:03:45.969+0200] {logging_mixin.py:190} INFO - [2024-09-24T16:03:45.969+0200] {override.py:1900} INFO - Created Permission View: can create on DAG Run:consume_1_or_both_2_and_3_with_dataset_expressions
[2024-09-24T16:03:46.002+0200] {logging_mixin.py:190} INFO - [2024-09-24T16:03:46.002+0200] {override.py:1900} INFO - Created Permission View: can edit on DAG:consume_1_and_2_with_dataset_expressions
[2024-09-24T16:03:46.017+0200] {logging_mixin.py:190} INFO - [2024-09-24T16:03:46.017+0200] {override.py:1900} INFO - Created Permission View: can read on DAG:consume_1_and_2_with_dataset_expressions
[2024-09-24T16:03:46.033+0200] {logging_mixin.py:190} INFO - [2024-09-24T16:03:46.032+0200] {override.py:1900} INFO - Created Permission View: can delete on DAG:consume_1_and_2_with_dataset_expressions
[2024-09-24T16:03:46.059+0200] {logging_mixin.py:190} INFO - [2024-09-24T16:03:46.058+0200] {override.py:1900} INFO - Created Permission View: can read on DAG Run:consume_1_and_2_with_dataset_expressions
[2024-09-24T16:03:46.074+0200] {logging_mixin.py:190} INFO - [2024-09-24T16:03:46.073+0200] {override.py:1900} INFO - Created Permission View: menu access on DAG Run:consume_1_and_2_with_dataset_expressions
[2024-09-24T16:03:46.089+0200] {logging_mixin.py:190} INFO - [2024-09-24T16:03:46.088+0200] {override.py:1900} INFO - Created Permission View: can delete on DAG Run:consume_1_and_2_with_dataset_expressions
[2024-09-24T16:03:46.104+0200] {logging_mixin.py:190} INFO - [2024-09-24T16:03:46.103+0200] {override.py:1900} INFO - Created Permission View: can create on DAG Run:consume_1_and_2_with_dataset_expressions
[2024-09-24T16:03:46.104+0200] {logging_mixin.py:190} INFO - [2024-09-24T16:03:46.104+0200] {dag.py:3229} INFO - Sync 10 DAGs
[2024-09-24T16:03:46.114+0200] {logging_mixin.py:190} INFO - [2024-09-24T16:03:46.114+0200] {dag.py:3252} INFO - Creating ORM DAG for consume_1_or_2_with_dataset_expressions
[2024-09-24T16:03:46.115+0200] {logging_mixin.py:190} INFO - [2024-09-24T16:03:46.115+0200] {dag.py:3252} INFO - Creating ORM DAG for dataset_produces_2
[2024-09-24T16:03:46.115+0200] {logging_mixin.py:190} INFO - [2024-09-24T16:03:46.115+0200] {dag.py:3252} INFO - Creating ORM DAG for dataset_consumes_unknown_never_scheduled
[2024-09-24T16:03:46.116+0200] {logging_mixin.py:190} INFO - [2024-09-24T16:03:46.115+0200] {dag.py:3252} INFO - Creating ORM DAG for dataset_consumes_1_and_2
[2024-09-24T16:03:46.116+0200] {logging_mixin.py:190} INFO - [2024-09-24T16:03:46.116+0200] {dag.py:3252} INFO - Creating ORM DAG for dataset_consumes_1_never_scheduled
[2024-09-24T16:03:46.116+0200] {logging_mixin.py:190} INFO - [2024-09-24T16:03:46.116+0200] {dag.py:3252} INFO - Creating ORM DAG for dataset_consumes_1
[2024-09-24T16:03:46.117+0200] {logging_mixin.py:190} INFO - [2024-09-24T16:03:46.117+0200] {dag.py:3252} INFO - Creating ORM DAG for dataset_produces_1
[2024-09-24T16:03:46.117+0200] {logging_mixin.py:190} INFO - [2024-09-24T16:03:46.117+0200] {dag.py:3252} INFO - Creating ORM DAG for conditional_dataset_and_time_based_timetable
[2024-09-24T16:03:46.118+0200] {logging_mixin.py:190} INFO - [2024-09-24T16:03:46.117+0200] {dag.py:3252} INFO - Creating ORM DAG for consume_1_or_both_2_and_3_with_dataset_expressions
[2024-09-24T16:03:46.118+0200] {logging_mixin.py:190} INFO - [2024-09-24T16:03:46.118+0200] {dag.py:3252} INFO - Creating ORM DAG for consume_1_and_2_with_dataset_expressions
[2024-09-24T16:03:46.125+0200] {logging_mixin.py:190} INFO - [2024-09-24T16:03:46.125+0200] {dag.py:4156} INFO - Setting next_dagrun for conditional_dataset_and_time_based_timetable to 2024-09-18 01:00:00+00:00, run_after=2024-09-18 01:00:00+00:00
[2024-09-24T16:03:46.126+0200] {logging_mixin.py:190} INFO - [2024-09-24T16:03:46.126+0200] {dag.py:4156} INFO - Setting next_dagrun for consume_1_and_2_with_dataset_expressions to None, run_after=None
[2024-09-24T16:03:46.126+0200] {logging_mixin.py:190} INFO - [2024-09-24T16:03:46.126+0200] {dag.py:4156} INFO - Setting next_dagrun for consume_1_or_2_with_dataset_expressions to None, run_after=None
[2024-09-24T16:03:46.126+0200] {logging_mixin.py:190} INFO - [2024-09-24T16:03:46.126+0200] {dag.py:4156} INFO - Setting next_dagrun for consume_1_or_both_2_and_3_with_dataset_expressions to None, run_after=None
[2024-09-24T16:03:46.126+0200] {logging_mixin.py:190} INFO - [2024-09-24T16:03:46.126+0200] {dag.py:4156} INFO - Setting next_dagrun for dataset_consumes_1 to None, run_after=None
[2024-09-24T16:03:46.127+0200] {logging_mixin.py:190} INFO - [2024-09-24T16:03:46.127+0200] {dag.py:4156} INFO - Setting next_dagrun for dataset_consumes_1_and_2 to None, run_after=None
[2024-09-24T16:03:46.127+0200] {logging_mixin.py:190} INFO - [2024-09-24T16:03:46.127+0200] {dag.py:4156} INFO - Setting next_dagrun for dataset_consumes_1_never_scheduled to None, run_after=None
[2024-09-24T16:03:46.128+0200] {logging_mixin.py:190} INFO - [2024-09-24T16:03:46.128+0200] {dag.py:4156} INFO - Setting next_dagrun for dataset_consumes_unknown_never_scheduled to None, run_after=None
[2024-09-24T16:03:46.129+0200] {logging_mixin.py:190} INFO - [2024-09-24T16:03:46.129+0200] {dag.py:4156} INFO - Setting next_dagrun for dataset_produces_1 to 2024-09-23 00:00:00+00:00, run_after=2024-09-24 00:00:00+00:00
[2024-09-24T16:03:46.130+0200] {logging_mixin.py:190} INFO - [2024-09-24T16:03:46.129+0200] {dag.py:4156} INFO - Setting next_dagrun for dataset_produces_2 to None, run_after=None
[2024-09-24T16:03:46.169+0200] {processor.py:208} INFO - Processing /home/dperezs/data/pipeline/venv/lib/python3.9/site-packages/airflow/example_dags/example_datasets.py took 1.589 seconds
