[2024-09-24T16:03:12.555+0200] {processor.py:186} INFO - Started process (PID=38458) to work on /home/dperezs/data/pipeline/venv/lib/python3.9/site-packages/airflow/example_dags/example_setup_teardown.py
[2024-09-24T16:03:12.556+0200] {processor.py:914} INFO - Processing file /home/dperezs/data/pipeline/venv/lib/python3.9/site-packages/airflow/example_dags/example_setup_teardown.py for tasks to queue
[2024-09-24T16:03:12.561+0200] {logging_mixin.py:190} INFO - [2024-09-24T16:03:12.561+0200] {dagbag.py:587} INFO - Filling up the DagBag from /home/dperezs/data/pipeline/venv/lib/python3.9/site-packages/airflow/example_dags/example_setup_teardown.py
[2024-09-24T16:03:12.568+0200] {processor.py:925} INFO - DAG(s) 'example_setup_teardown' retrieved from /home/dperezs/data/pipeline/venv/lib/python3.9/site-packages/airflow/example_dags/example_setup_teardown.py
[2024-09-24T16:03:12.672+0200] {logging_mixin.py:190} INFO - [2024-09-24T16:03:12.671+0200] {override.py:1900} INFO - Created Permission View: can edit on DAG:example_setup_teardown
[2024-09-24T16:03:12.690+0200] {logging_mixin.py:190} INFO - [2024-09-24T16:03:12.690+0200] {override.py:1900} INFO - Created Permission View: can read on DAG:example_setup_teardown
[2024-09-24T16:03:12.705+0200] {logging_mixin.py:190} INFO - [2024-09-24T16:03:12.705+0200] {override.py:1900} INFO - Created Permission View: can delete on DAG:example_setup_teardown
[2024-09-24T16:03:12.733+0200] {logging_mixin.py:190} INFO - [2024-09-24T16:03:12.733+0200] {override.py:1900} INFO - Created Permission View: can read on DAG Run:example_setup_teardown
[2024-09-24T16:03:12.749+0200] {logging_mixin.py:190} INFO - [2024-09-24T16:03:12.749+0200] {override.py:1900} INFO - Created Permission View: menu access on DAG Run:example_setup_teardown
[2024-09-24T16:03:12.764+0200] {logging_mixin.py:190} INFO - [2024-09-24T16:03:12.763+0200] {override.py:1900} INFO - Created Permission View: can delete on DAG Run:example_setup_teardown
[2024-09-24T16:03:12.779+0200] {logging_mixin.py:190} INFO - [2024-09-24T16:03:12.779+0200] {override.py:1900} INFO - Created Permission View: can create on DAG Run:example_setup_teardown
[2024-09-24T16:03:12.780+0200] {logging_mixin.py:190} INFO - [2024-09-24T16:03:12.779+0200] {dag.py:3229} INFO - Sync 1 DAGs
[2024-09-24T16:03:12.788+0200] {logging_mixin.py:190} INFO - [2024-09-24T16:03:12.788+0200] {dag.py:3252} INFO - Creating ORM DAG for example_setup_teardown
[2024-09-24T16:03:12.789+0200] {logging_mixin.py:190} INFO - [2024-09-24T16:03:12.789+0200] {dag.py:4156} INFO - Setting next_dagrun for example_setup_teardown to None, run_after=None
[2024-09-24T16:03:12.814+0200] {processor.py:208} INFO - Processing /home/dperezs/data/pipeline/venv/lib/python3.9/site-packages/airflow/example_dags/example_setup_teardown.py took 0.264 seconds
[2024-09-24T16:04:20.051+0200] {processor.py:186} INFO - Started process (PID=38606) to work on /home/dperezs/data/pipeline/venv/lib/python3.9/site-packages/airflow/example_dags/example_setup_teardown.py
[2024-09-24T16:04:20.053+0200] {processor.py:914} INFO - Processing file /home/dperezs/data/pipeline/venv/lib/python3.9/site-packages/airflow/example_dags/example_setup_teardown.py for tasks to queue
[2024-09-24T16:04:20.054+0200] {logging_mixin.py:190} INFO - [2024-09-24T16:04:20.054+0200] {dagbag.py:587} INFO - Filling up the DagBag from /home/dperezs/data/pipeline/venv/lib/python3.9/site-packages/airflow/example_dags/example_setup_teardown.py
[2024-09-24T16:04:20.061+0200] {processor.py:925} INFO - DAG(s) 'example_setup_teardown' retrieved from /home/dperezs/data/pipeline/venv/lib/python3.9/site-packages/airflow/example_dags/example_setup_teardown.py
[2024-09-24T16:04:20.075+0200] {logging_mixin.py:190} INFO - [2024-09-24T16:04:20.075+0200] {dag.py:3229} INFO - Sync 1 DAGs
[2024-09-24T16:04:20.085+0200] {logging_mixin.py:190} INFO - [2024-09-24T16:04:20.085+0200] {dag.py:4156} INFO - Setting next_dagrun for example_setup_teardown to None, run_after=None
[2024-09-24T16:04:20.109+0200] {processor.py:208} INFO - Processing /home/dperezs/data/pipeline/venv/lib/python3.9/site-packages/airflow/example_dags/example_setup_teardown.py took 0.063 seconds
