[2024-09-24T16:03:13.905+0200] {processor.py:186} INFO - Started process (PID=38462) to work on /home/dperezs/data/pipeline/venv/lib/python3.9/site-packages/airflow/example_dags/example_short_circuit_decorator.py
[2024-09-24T16:03:13.906+0200] {processor.py:914} INFO - Processing file /home/dperezs/data/pipeline/venv/lib/python3.9/site-packages/airflow/example_dags/example_short_circuit_decorator.py for tasks to queue
[2024-09-24T16:03:13.912+0200] {logging_mixin.py:190} INFO - [2024-09-24T16:03:13.911+0200] {dagbag.py:587} INFO - Filling up the DagBag from /home/dperezs/data/pipeline/venv/lib/python3.9/site-packages/airflow/example_dags/example_short_circuit_decorator.py
[2024-09-24T16:03:13.920+0200] {processor.py:925} INFO - DAG(s) 'example_short_circuit_decorator' retrieved from /home/dperezs/data/pipeline/venv/lib/python3.9/site-packages/airflow/example_dags/example_short_circuit_decorator.py
[2024-09-24T16:03:14.020+0200] {logging_mixin.py:190} INFO - [2024-09-24T16:03:14.019+0200] {override.py:1900} INFO - Created Permission View: can edit on DAG:example_short_circuit_decorator
[2024-09-24T16:03:14.042+0200] {logging_mixin.py:190} INFO - [2024-09-24T16:03:14.042+0200] {override.py:1900} INFO - Created Permission View: can read on DAG:example_short_circuit_decorator
[2024-09-24T16:03:14.059+0200] {logging_mixin.py:190} INFO - [2024-09-24T16:03:14.059+0200] {override.py:1900} INFO - Created Permission View: can delete on DAG:example_short_circuit_decorator
[2024-09-24T16:03:14.088+0200] {logging_mixin.py:190} INFO - [2024-09-24T16:03:14.088+0200] {override.py:1900} INFO - Created Permission View: can read on DAG Run:example_short_circuit_decorator
[2024-09-24T16:03:14.104+0200] {logging_mixin.py:190} INFO - [2024-09-24T16:03:14.104+0200] {override.py:1900} INFO - Created Permission View: menu access on DAG Run:example_short_circuit_decorator
[2024-09-24T16:03:14.119+0200] {logging_mixin.py:190} INFO - [2024-09-24T16:03:14.119+0200] {override.py:1900} INFO - Created Permission View: can delete on DAG Run:example_short_circuit_decorator
[2024-09-24T16:03:14.139+0200] {logging_mixin.py:190} INFO - [2024-09-24T16:03:14.139+0200] {override.py:1900} INFO - Created Permission View: can create on DAG Run:example_short_circuit_decorator
[2024-09-24T16:03:14.139+0200] {logging_mixin.py:190} INFO - [2024-09-24T16:03:14.139+0200] {dag.py:3229} INFO - Sync 1 DAGs
[2024-09-24T16:03:14.150+0200] {logging_mixin.py:190} INFO - [2024-09-24T16:03:14.149+0200] {dag.py:3252} INFO - Creating ORM DAG for example_short_circuit_decorator
[2024-09-24T16:03:14.150+0200] {logging_mixin.py:190} INFO - [2024-09-24T16:03:14.150+0200] {dag.py:4156} INFO - Setting next_dagrun for example_short_circuit_decorator to None, run_after=None
[2024-09-24T16:03:14.178+0200] {processor.py:208} INFO - Processing /home/dperezs/data/pipeline/venv/lib/python3.9/site-packages/airflow/example_dags/example_short_circuit_decorator.py took 0.278 seconds
[2024-09-24T16:04:21.188+0200] {processor.py:186} INFO - Started process (PID=38610) to work on /home/dperezs/data/pipeline/venv/lib/python3.9/site-packages/airflow/example_dags/example_short_circuit_decorator.py
[2024-09-24T16:04:21.190+0200] {processor.py:914} INFO - Processing file /home/dperezs/data/pipeline/venv/lib/python3.9/site-packages/airflow/example_dags/example_short_circuit_decorator.py for tasks to queue
[2024-09-24T16:04:21.192+0200] {logging_mixin.py:190} INFO - [2024-09-24T16:04:21.192+0200] {dagbag.py:587} INFO - Filling up the DagBag from /home/dperezs/data/pipeline/venv/lib/python3.9/site-packages/airflow/example_dags/example_short_circuit_decorator.py
[2024-09-24T16:04:21.201+0200] {processor.py:925} INFO - DAG(s) 'example_short_circuit_decorator' retrieved from /home/dperezs/data/pipeline/venv/lib/python3.9/site-packages/airflow/example_dags/example_short_circuit_decorator.py
[2024-09-24T16:04:21.217+0200] {logging_mixin.py:190} INFO - [2024-09-24T16:04:21.217+0200] {dag.py:3229} INFO - Sync 1 DAGs
[2024-09-24T16:04:21.228+0200] {logging_mixin.py:190} INFO - [2024-09-24T16:04:21.228+0200] {dag.py:4156} INFO - Setting next_dagrun for example_short_circuit_decorator to None, run_after=None
[2024-09-24T16:04:21.251+0200] {processor.py:208} INFO - Processing /home/dperezs/data/pipeline/venv/lib/python3.9/site-packages/airflow/example_dags/example_short_circuit_decorator.py took 0.069 seconds
