[2024-09-24T16:03:23.254+0200] {processor.py:186} INFO - Started process (PID=38472) to work on /home/dperezs/data/pipeline/venv/lib/python3.9/site-packages/airflow/example_dags/example_subdag_operator.py
[2024-09-24T16:03:23.254+0200] {processor.py:914} INFO - Processing file /home/dperezs/data/pipeline/venv/lib/python3.9/site-packages/airflow/example_dags/example_subdag_operator.py for tasks to queue
[2024-09-24T16:03:23.256+0200] {logging_mixin.py:190} INFO - [2024-09-24T16:03:23.256+0200] {dagbag.py:587} INFO - Filling up the DagBag from /home/dperezs/data/pipeline/venv/lib/python3.9/site-packages/airflow/example_dags/example_subdag_operator.py
[2024-09-24T16:03:23.276+0200] {processor.py:925} INFO - DAG(s) 'example_subdag_operator.section-1', 'example_subdag_operator.section-2', 'example_subdag_operator' retrieved from /home/dperezs/data/pipeline/venv/lib/python3.9/site-packages/airflow/example_dags/example_subdag_operator.py
[2024-09-24T16:03:23.375+0200] {logging_mixin.py:190} INFO - [2024-09-24T16:03:23.374+0200] {override.py:1900} INFO - Created Permission View: can edit on DAG:example_subdag_operator
[2024-09-24T16:03:23.393+0200] {logging_mixin.py:190} INFO - [2024-09-24T16:03:23.393+0200] {override.py:1900} INFO - Created Permission View: can read on DAG:example_subdag_operator
[2024-09-24T16:03:23.408+0200] {logging_mixin.py:190} INFO - [2024-09-24T16:03:23.408+0200] {override.py:1900} INFO - Created Permission View: can delete on DAG:example_subdag_operator
[2024-09-24T16:03:23.437+0200] {logging_mixin.py:190} INFO - [2024-09-24T16:03:23.437+0200] {override.py:1900} INFO - Created Permission View: can read on DAG Run:example_subdag_operator
[2024-09-24T16:03:23.452+0200] {logging_mixin.py:190} INFO - [2024-09-24T16:03:23.451+0200] {override.py:1900} INFO - Created Permission View: menu access on DAG Run:example_subdag_operator
[2024-09-24T16:03:23.467+0200] {logging_mixin.py:190} INFO - [2024-09-24T16:03:23.466+0200] {override.py:1900} INFO - Created Permission View: can delete on DAG Run:example_subdag_operator
[2024-09-24T16:03:23.482+0200] {logging_mixin.py:190} INFO - [2024-09-24T16:03:23.481+0200] {override.py:1900} INFO - Created Permission View: can create on DAG Run:example_subdag_operator
[2024-09-24T16:03:23.482+0200] {logging_mixin.py:190} INFO - [2024-09-24T16:03:23.482+0200] {dag.py:3229} INFO - Sync 3 DAGs
[2024-09-24T16:03:23.492+0200] {logging_mixin.py:190} INFO - [2024-09-24T16:03:23.491+0200] {dag.py:3252} INFO - Creating ORM DAG for example_subdag_operator.section-2
[2024-09-24T16:03:23.492+0200] {logging_mixin.py:190} INFO - [2024-09-24T16:03:23.492+0200] {dag.py:3252} INFO - Creating ORM DAG for example_subdag_operator
[2024-09-24T16:03:23.493+0200] {logging_mixin.py:190} INFO - [2024-09-24T16:03:23.493+0200] {dag.py:3252} INFO - Creating ORM DAG for example_subdag_operator.section-1
[2024-09-24T16:03:23.500+0200] {logging_mixin.py:190} INFO - [2024-09-24T16:03:23.500+0200] {dag.py:4156} INFO - Setting next_dagrun for example_subdag_operator to 2022-01-01 00:00:00+00:00, run_after=2022-01-01 00:00:00+00:00
[2024-09-24T16:03:23.501+0200] {logging_mixin.py:190} INFO - [2024-09-24T16:03:23.500+0200] {dag.py:4156} INFO - Setting next_dagrun for example_subdag_operator.section-1 to None, run_after=None
[2024-09-24T16:03:23.501+0200] {logging_mixin.py:190} INFO - [2024-09-24T16:03:23.501+0200] {dag.py:4156} INFO - Setting next_dagrun for example_subdag_operator.section-2 to None, run_after=None
[2024-09-24T16:03:23.506+0200] {logging_mixin.py:190} INFO - [2024-09-24T16:03:23.506+0200] {dag.py:3229} INFO - Sync 2 DAGs
[2024-09-24T16:03:23.510+0200] {logging_mixin.py:190} INFO - [2024-09-24T16:03:23.509+0200] {dag.py:4156} INFO - Setting next_dagrun for example_subdag_operator.section-1 to None, run_after=None
[2024-09-24T16:03:23.511+0200] {logging_mixin.py:190} INFO - [2024-09-24T16:03:23.511+0200] {dag.py:4156} INFO - Setting next_dagrun for example_subdag_operator.section-2 to None, run_after=None
[2024-09-24T16:03:23.534+0200] {processor.py:208} INFO - Processing /home/dperezs/data/pipeline/venv/lib/python3.9/site-packages/airflow/example_dags/example_subdag_operator.py took 0.286 seconds
