[2024-09-24T16:03:24.603+0200] {processor.py:186} INFO - Started process (PID=38473) to work on /home/dperezs/data/pipeline/venv/lib/python3.9/site-packages/airflow/example_dags/example_xcomargs.py
[2024-09-24T16:03:24.604+0200] {processor.py:914} INFO - Processing file /home/dperezs/data/pipeline/venv/lib/python3.9/site-packages/airflow/example_dags/example_xcomargs.py for tasks to queue
[2024-09-24T16:03:24.605+0200] {logging_mixin.py:190} INFO - [2024-09-24T16:03:24.605+0200] {dagbag.py:587} INFO - Filling up the DagBag from /home/dperezs/data/pipeline/venv/lib/python3.9/site-packages/airflow/example_dags/example_xcomargs.py
[2024-09-24T16:03:24.614+0200] {processor.py:925} INFO - DAG(s) 'example_xcom_args_with_operators', 'example_xcom_args' retrieved from /home/dperezs/data/pipeline/venv/lib/python3.9/site-packages/airflow/example_dags/example_xcomargs.py
[2024-09-24T16:03:24.709+0200] {logging_mixin.py:190} INFO - [2024-09-24T16:03:24.709+0200] {override.py:1900} INFO - Created Permission View: can edit on DAG:example_xcom_args_with_operators
[2024-09-24T16:03:24.727+0200] {logging_mixin.py:190} INFO - [2024-09-24T16:03:24.727+0200] {override.py:1900} INFO - Created Permission View: can read on DAG:example_xcom_args_with_operators
[2024-09-24T16:03:24.743+0200] {logging_mixin.py:190} INFO - [2024-09-24T16:03:24.743+0200] {override.py:1900} INFO - Created Permission View: can delete on DAG:example_xcom_args_with_operators
[2024-09-24T16:03:24.775+0200] {logging_mixin.py:190} INFO - [2024-09-24T16:03:24.775+0200] {override.py:1900} INFO - Created Permission View: can read on DAG Run:example_xcom_args_with_operators
[2024-09-24T16:03:24.791+0200] {logging_mixin.py:190} INFO - [2024-09-24T16:03:24.790+0200] {override.py:1900} INFO - Created Permission View: menu access on DAG Run:example_xcom_args_with_operators
[2024-09-24T16:03:24.807+0200] {logging_mixin.py:190} INFO - [2024-09-24T16:03:24.807+0200] {override.py:1900} INFO - Created Permission View: can delete on DAG Run:example_xcom_args_with_operators
[2024-09-24T16:03:24.822+0200] {logging_mixin.py:190} INFO - [2024-09-24T16:03:24.822+0200] {override.py:1900} INFO - Created Permission View: can create on DAG Run:example_xcom_args_with_operators
[2024-09-24T16:03:24.856+0200] {logging_mixin.py:190} INFO - [2024-09-24T16:03:24.855+0200] {override.py:1900} INFO - Created Permission View: can edit on DAG:example_xcom_args
[2024-09-24T16:03:24.871+0200] {logging_mixin.py:190} INFO - [2024-09-24T16:03:24.870+0200] {override.py:1900} INFO - Created Permission View: can read on DAG:example_xcom_args
[2024-09-24T16:03:24.886+0200] {logging_mixin.py:190} INFO - [2024-09-24T16:03:24.885+0200] {override.py:1900} INFO - Created Permission View: can delete on DAG:example_xcom_args
[2024-09-24T16:03:24.913+0200] {logging_mixin.py:190} INFO - [2024-09-24T16:03:24.912+0200] {override.py:1900} INFO - Created Permission View: can read on DAG Run:example_xcom_args
[2024-09-24T16:03:24.928+0200] {logging_mixin.py:190} INFO - [2024-09-24T16:03:24.927+0200] {override.py:1900} INFO - Created Permission View: menu access on DAG Run:example_xcom_args
[2024-09-24T16:03:24.943+0200] {logging_mixin.py:190} INFO - [2024-09-24T16:03:24.942+0200] {override.py:1900} INFO - Created Permission View: can delete on DAG Run:example_xcom_args
[2024-09-24T16:03:24.959+0200] {logging_mixin.py:190} INFO - [2024-09-24T16:03:24.958+0200] {override.py:1900} INFO - Created Permission View: can create on DAG Run:example_xcom_args
[2024-09-24T16:03:24.959+0200] {logging_mixin.py:190} INFO - [2024-09-24T16:03:24.959+0200] {dag.py:3229} INFO - Sync 2 DAGs
[2024-09-24T16:03:24.969+0200] {logging_mixin.py:190} INFO - [2024-09-24T16:03:24.969+0200] {dag.py:3252} INFO - Creating ORM DAG for example_xcom_args_with_operators
[2024-09-24T16:03:24.970+0200] {logging_mixin.py:190} INFO - [2024-09-24T16:03:24.970+0200] {dag.py:3252} INFO - Creating ORM DAG for example_xcom_args
[2024-09-24T16:03:24.970+0200] {logging_mixin.py:190} INFO - [2024-09-24T16:03:24.970+0200] {dag.py:4156} INFO - Setting next_dagrun for example_xcom_args to None, run_after=None
[2024-09-24T16:03:24.971+0200] {logging_mixin.py:190} INFO - [2024-09-24T16:03:24.971+0200] {dag.py:4156} INFO - Setting next_dagrun for example_xcom_args_with_operators to None, run_after=None
[2024-09-24T16:03:24.996+0200] {processor.py:208} INFO - Processing /home/dperezs/data/pipeline/venv/lib/python3.9/site-packages/airflow/example_dags/example_xcomargs.py took 0.399 seconds
