[2024-09-24T16:02:59.836+0200] {processor.py:186} INFO - Started process (PID=38320) to work on /home/dperezs/data/pipeline/venv/lib/python3.9/site-packages/airflow/example_dags/example_xcom.py
[2024-09-24T16:02:59.837+0200] {processor.py:914} INFO - Processing file /home/dperezs/data/pipeline/venv/lib/python3.9/site-packages/airflow/example_dags/example_xcom.py for tasks to queue
[2024-09-24T16:02:59.839+0200] {logging_mixin.py:190} INFO - [2024-09-24T16:02:59.839+0200] {dagbag.py:587} INFO - Filling up the DagBag from /home/dperezs/data/pipeline/venv/lib/python3.9/site-packages/airflow/example_dags/example_xcom.py
[2024-09-24T16:02:59.852+0200] {processor.py:925} INFO - DAG(s) 'example_xcom' retrieved from /home/dperezs/data/pipeline/venv/lib/python3.9/site-packages/airflow/example_dags/example_xcom.py
[2024-09-24T16:03:00.351+0200] {logging_mixin.py:190} INFO - [2024-09-24T16:03:00.351+0200] {override.py:1900} INFO - Created Permission View: can edit on DAG:example_xcom
[2024-09-24T16:03:00.614+0200] {logging_mixin.py:190} INFO - [2024-09-24T16:03:00.614+0200] {override.py:1900} INFO - Created Permission View: can read on DAG:example_xcom
[2024-09-24T16:03:00.731+0200] {logging_mixin.py:190} INFO - [2024-09-24T16:03:00.730+0200] {override.py:1900} INFO - Created Permission View: can delete on DAG:example_xcom
[2024-09-24T16:03:00.762+0200] {logging_mixin.py:190} INFO - [2024-09-24T16:03:00.762+0200] {override.py:1900} INFO - Created Permission View: can read on DAG Run:example_xcom
[2024-09-24T16:03:00.781+0200] {logging_mixin.py:190} INFO - [2024-09-24T16:03:00.780+0200] {override.py:1900} INFO - Created Permission View: menu access on DAG Run:example_xcom
[2024-09-24T16:03:00.804+0200] {logging_mixin.py:190} INFO - [2024-09-24T16:03:00.803+0200] {override.py:1900} INFO - Created Permission View: can delete on DAG Run:example_xcom
[2024-09-24T16:03:00.820+0200] {logging_mixin.py:190} INFO - [2024-09-24T16:03:00.820+0200] {override.py:1900} INFO - Created Permission View: can create on DAG Run:example_xcom
[2024-09-24T16:03:00.821+0200] {logging_mixin.py:190} INFO - [2024-09-24T16:03:00.821+0200] {dag.py:3229} INFO - Sync 1 DAGs
[2024-09-24T16:03:00.839+0200] {logging_mixin.py:190} INFO - [2024-09-24T16:03:00.838+0200] {dag.py:3252} INFO - Creating ORM DAG for example_xcom
[2024-09-24T16:03:02.076+0200] {logging_mixin.py:190} INFO - [2024-09-24T16:03:02.076+0200] {dag.py:4156} INFO - Setting next_dagrun for example_xcom to 2021-01-01 00:00:00+00:00, run_after=2021-01-01 00:00:00+00:00
[2024-09-24T16:03:02.125+0200] {processor.py:208} INFO - Processing /home/dperezs/data/pipeline/venv/lib/python3.9/site-packages/airflow/example_dags/example_xcom.py took 2.295 seconds
[2024-09-24T16:04:11.038+0200] {processor.py:186} INFO - Started process (PID=38596) to work on /home/dperezs/data/pipeline/venv/lib/python3.9/site-packages/airflow/example_dags/example_xcom.py
[2024-09-24T16:04:11.039+0200] {processor.py:914} INFO - Processing file /home/dperezs/data/pipeline/venv/lib/python3.9/site-packages/airflow/example_dags/example_xcom.py for tasks to queue
[2024-09-24T16:04:11.041+0200] {logging_mixin.py:190} INFO - [2024-09-24T16:04:11.041+0200] {dagbag.py:587} INFO - Filling up the DagBag from /home/dperezs/data/pipeline/venv/lib/python3.9/site-packages/airflow/example_dags/example_xcom.py
[2024-09-24T16:04:11.049+0200] {processor.py:925} INFO - DAG(s) 'example_xcom' retrieved from /home/dperezs/data/pipeline/venv/lib/python3.9/site-packages/airflow/example_dags/example_xcom.py
[2024-09-24T16:04:11.064+0200] {logging_mixin.py:190} INFO - [2024-09-24T16:04:11.063+0200] {dag.py:3229} INFO - Sync 1 DAGs
[2024-09-24T16:04:11.080+0200] {logging_mixin.py:190} INFO - [2024-09-24T16:04:11.079+0200] {dag.py:4156} INFO - Setting next_dagrun for example_xcom to 2021-01-01 00:00:00+00:00, run_after=2021-01-01 00:00:00+00:00
[2024-09-24T16:04:11.106+0200] {processor.py:208} INFO - Processing /home/dperezs/data/pipeline/venv/lib/python3.9/site-packages/airflow/example_dags/example_xcom.py took 0.073 seconds
