[2024-09-24T16:03:06.271+0200] {processor.py:186} INFO - Started process (PID=38391) to work on /home/dperezs/data/pipeline/venv/lib/python3.9/site-packages/airflow/example_dags/example_skip_dag.py
[2024-09-24T16:03:06.272+0200] {processor.py:914} INFO - Processing file /home/dperezs/data/pipeline/venv/lib/python3.9/site-packages/airflow/example_dags/example_skip_dag.py for tasks to queue
[2024-09-24T16:03:06.274+0200] {logging_mixin.py:190} INFO - [2024-09-24T16:03:06.274+0200] {dagbag.py:587} INFO - Filling up the DagBag from /home/dperezs/data/pipeline/venv/lib/python3.9/site-packages/airflow/example_dags/example_skip_dag.py
[2024-09-24T16:03:06.284+0200] {processor.py:925} INFO - DAG(s) 'example_skip_dag' retrieved from /home/dperezs/data/pipeline/venv/lib/python3.9/site-packages/airflow/example_dags/example_skip_dag.py
[2024-09-24T16:03:06.385+0200] {logging_mixin.py:190} INFO - [2024-09-24T16:03:06.385+0200] {override.py:1900} INFO - Created Permission View: can edit on DAG:example_skip_dag
[2024-09-24T16:03:06.402+0200] {logging_mixin.py:190} INFO - [2024-09-24T16:03:06.402+0200] {override.py:1900} INFO - Created Permission View: can read on DAG:example_skip_dag
[2024-09-24T16:03:06.417+0200] {logging_mixin.py:190} INFO - [2024-09-24T16:03:06.417+0200] {override.py:1900} INFO - Created Permission View: can delete on DAG:example_skip_dag
[2024-09-24T16:03:06.445+0200] {logging_mixin.py:190} INFO - [2024-09-24T16:03:06.444+0200] {override.py:1900} INFO - Created Permission View: can read on DAG Run:example_skip_dag
[2024-09-24T16:03:06.459+0200] {logging_mixin.py:190} INFO - [2024-09-24T16:03:06.459+0200] {override.py:1900} INFO - Created Permission View: menu access on DAG Run:example_skip_dag
[2024-09-24T16:03:06.475+0200] {logging_mixin.py:190} INFO - [2024-09-24T16:03:06.474+0200] {override.py:1900} INFO - Created Permission View: can delete on DAG Run:example_skip_dag
[2024-09-24T16:03:06.491+0200] {logging_mixin.py:190} INFO - [2024-09-24T16:03:06.491+0200] {override.py:1900} INFO - Created Permission View: can create on DAG Run:example_skip_dag
[2024-09-24T16:03:06.492+0200] {logging_mixin.py:190} INFO - [2024-09-24T16:03:06.492+0200] {dag.py:3229} INFO - Sync 1 DAGs
[2024-09-24T16:03:06.501+0200] {logging_mixin.py:190} INFO - [2024-09-24T16:03:06.501+0200] {dag.py:3252} INFO - Creating ORM DAG for example_skip_dag
[2024-09-24T16:03:06.508+0200] {logging_mixin.py:190} INFO - [2024-09-24T16:03:06.507+0200] {dag.py:4156} INFO - Setting next_dagrun for example_skip_dag to 2024-09-23 00:00:00+00:00, run_after=2024-09-24 00:00:00+00:00
[2024-09-24T16:03:06.535+0200] {processor.py:208} INFO - Processing /home/dperezs/data/pipeline/venv/lib/python3.9/site-packages/airflow/example_dags/example_skip_dag.py took 0.269 seconds
[2024-09-24T16:04:14.904+0200] {processor.py:186} INFO - Started process (PID=38601) to work on /home/dperezs/data/pipeline/venv/lib/python3.9/site-packages/airflow/example_dags/example_skip_dag.py
[2024-09-24T16:04:14.906+0200] {processor.py:914} INFO - Processing file /home/dperezs/data/pipeline/venv/lib/python3.9/site-packages/airflow/example_dags/example_skip_dag.py for tasks to queue
[2024-09-24T16:04:14.907+0200] {logging_mixin.py:190} INFO - [2024-09-24T16:04:14.907+0200] {dagbag.py:587} INFO - Filling up the DagBag from /home/dperezs/data/pipeline/venv/lib/python3.9/site-packages/airflow/example_dags/example_skip_dag.py
[2024-09-24T16:04:14.914+0200] {processor.py:925} INFO - DAG(s) 'example_skip_dag' retrieved from /home/dperezs/data/pipeline/venv/lib/python3.9/site-packages/airflow/example_dags/example_skip_dag.py
[2024-09-24T16:04:14.929+0200] {logging_mixin.py:190} INFO - [2024-09-24T16:04:14.928+0200] {dag.py:3229} INFO - Sync 1 DAGs
[2024-09-24T16:04:14.945+0200] {logging_mixin.py:190} INFO - [2024-09-24T16:04:14.944+0200] {dag.py:4156} INFO - Setting next_dagrun for example_skip_dag to 2024-09-23 00:00:00+00:00, run_after=2024-09-24 00:00:00+00:00
[2024-09-24T16:04:14.970+0200] {processor.py:208} INFO - Processing /home/dperezs/data/pipeline/venv/lib/python3.9/site-packages/airflow/example_dags/example_skip_dag.py took 0.071 seconds
